#
# A fatal error has been detected by the Java Runtime Environment:
#
#  SIGSEGV (0xb) at pc=0x00000001931c31f4, pid=27640, tid=86947
#
# JRE version: OpenJDK Runtime Environment Zulu21.32+17-CA (21.0.2+13) (build 21.0.2+13-LTS)
# Java VM: OpenJDK 64-Bit Server VM Zulu21.32+17-CA (21.0.2+13-LTS, mixed mode, sharing, tiered, compressed oops, compressed class ptrs, g1 gc, bsd-aarch64)
# Problematic frame:
# C  [CoreVideo+0x31f4]  CVXTime::translateTime(CVTimeStamp const*, CVTimeStamp*) const+0x2c
#
# No core dump will be written. Core dumps have been disabled. To enable core dumping, try "ulimit -c unlimited" before starting Java again
#
# If you would like to submit a bug report, please visit:
#   http://www.azul.com/support/
#

---------------  S U M M A R Y ------------

Command Line: -Dfile.encoding=UTF-8 automatastarter.FrameForGame

Host: "MacBookAir10,1" arm64, 8 cores, 8G, Darwin 23.3.0, macOS 14.3.1 (23D60)
Time: Tue Oct  1 09:21:40 2024 EDT elapsed time: 12957.372189 seconds (0d 3h 35m 57s)

---------------  T H R E A D  ---------------

Current thread is native thread

Stack: [0x000000016c92c000,0x000000016c9af000],  sp=0x000000016c9aec00,  free space=523k
Native frames: (J=compiled Java code, j=interpreted, Vv=VM code, C=native code)
C  [CoreVideo+0x31f4]  CVXTime::translateTime(CVTimeStamp const*, CVTimeStamp*) const+0x2c
C  [CoreVideo+0x2f68]  CVDisplayLink::calculateNextWakeUpTime(CVTimeStamp*, CVTimeStamp*, bool)+0xe0
C  [CoreVideo+0x2594]  CVDisplayLink::runIOThread()+0x198
C  [libsystem_pthread.dylib+0x7034]  _pthread_start+0x88

siginfo: si_signo: 11 (SIGSEGV), si_code: 2 (SEGV_ACCERR), si_addr: 0x000063c9cf2c6368

Registers:
 x0=0x00006000021e61b0  x1=0x000000016c9aed00  x2=0x000000016c9aee20  x3=0x0000000000000000
 x4=0x0868f5000868f600  x5=0x000000000868f601  x6=0x0000000000000000  x7=0x0000000000f0d7c3
 x8=0x000063c9cf2c61b0  x9=0x0000000000061a70 x10=0x0000029cde861b80 x11=0x0000000000061a70
x12=0x0000000000000000 x13=0x0000000000000100 x14=0x0000000000000100 x15=0x0000000000000000
x16=0x00000001e5a21d08 x17=0x67900001e5a21d08 x18=0x0000000000000000 x19=0x00006000021e61b0
x20=0x000000016c9aee20 x21=0x000000016c9aed00 x22=0x0000000000000000 x23=0x0000000000000000
x24=0x0000029cde9193fc x25=0x0000000152110a18 x26=0x00000001e007e978 x27=0x0000029cde91f526
x28=0x0000000000000000  fp=0x000000016c9aec70  lr=0x7f7e0001931c2f68  sp=0x000000016c9aec00
pc=0x00000001931c31f4 cpsr=0x0000000080001000

Top of Stack: (sp=0x000000016c9aec00)
0x000000016c9aec00:   00000001e007e248 00000001931da67c
0x000000016c9aec10:   0000000000000000 0000000000000004
0x000000016c9aec20:   885a0001931c2f98 0000000193209d97
0x000000016c9aec30:   000000016c9aec70 642d8001931da5c0
0x000000016c9aec40:   0000029cde9193fc 0000000000000000
0x000000016c9aec50:   0000000000000000 0000000152110a00
0x000000016c9aec60:   0000000152110820 000000016c9aee20
0x000000016c9aec70:   000000016c9aee10 7f7e0001931c2f68
0x000000016c9aec80:   0000000152110820 0000000000000000
0x000000016c9aec90:   0000029cde8e86c4 0000029cde8bcc2b
0x000000016c9aeca0:   000000000002ba99 0000000000061a70
0x000000016c9aecb0:   0000000000000000 000000016c9aeddf
0x000000016c9aecc0:   000000016c9aedde 00006000021e61b8
0x000000016c9aecd0:   000000000000003c 0000000000000001
0x000000016c9aece0:   0000000152110838 0000000000000000
0x000000016c9aecf0:   000000016c9aed10 7e5900018a7e0738
0x000000016c9aed00:   016e360000000000 0000029cde8c35f0
0x000000016c9aed10:   0000029cde8bcc29 3ff0000000000000
0x000000016c9aed20:   0000000000061a70 0000000000000000
0x000000016c9aed30:   0000000000000000 0000000000000000
0x000000016c9aed40:   0000000000000001 0000000000000000
0x000000016c9aed50:   0000000000000000 0000000000000000
0x000000016c9aed60:   0000000000000000 0000000000000000
0x000000016c9aed70:   0000000000000000 0000000000000002
0x000000016c9aed80:   0000000000000000 0000000000000000
0x000000016c9aed90:   0000000000000000 0000000000000000
0x000000016c9aeda0:   0000000152110918 0000000152110820
0x000000016c9aedb0:   0000000000000000 0000000000000000
0x000000016c9aedc0:   00000001e007e978 00000001e007e210
0x000000016c9aedd0:   0000000000000003 00000001e007e20c
0x000000016c9aede0:   0000029cde9193fc 0000000000000000
0x000000016c9aedf0:   0000000152110918 00000001521108d8 

Instructions: (pc=0x00000001931c31f4)
0x00000001931c30f4:   95 fd ff 97 80 1e 41 f9 a7 fd ff 97 90 02 40 f9
0x00000001931c3104:   f1 03 14 aa d1 59 e8 f2 30 1a c1 da 08 8e 48 f8
0x00000001931c3114:   e9 03 10 aa e0 03 14 aa e1 03 15 aa f1 03 09 aa
0x00000001931c3124:   d1 df f5 f2 11 09 3f d7 9f 1a 01 f9 90 02 40 f9
0x00000001931c3134:   f1 03 14 aa d1 59 e8 f2 30 1a c1 da 08 8e 48 f8
0x00000001931c3144:   e9 03 10 aa e0 03 14 aa e1 03 13 aa f1 03 09 aa
0x00000001931c3154:   d1 df f5 f2 11 09 3f d7 fd 7b 59 a9 f4 4f 58 a9
0x00000001931c3164:   f6 57 57 a9 f8 5f 56 a9 fa 67 55 a9 fc 6f 54 a9
0x00000001931c3174:   e9 23 53 6d ff 83 06 91 ff 0f 5f d6 7f 23 03 d5
0x00000001931c3184:   f6 57 bd a9 f4 4f 01 a9 fd 7b 02 a9 fd 83 00 91
0x00000001931c3194:   f3 03 00 aa 14 60 00 91 e0 03 14 aa 2c 15 01 94
0x00000001931c31a4:   75 ce 5b a9 e0 03 14 aa 2d 15 01 94 e0 03 15 aa
0x00000001931c31b4:   e1 03 13 aa fd 7b 42 a9 f4 4f 41 a9 f6 57 c3 a8
0x00000001931c31c4:   ff 0f 5f d6 7f 23 03 d5 ff 03 02 d1 f8 5f 04 a9
0x00000001931c31d4:   f6 57 05 a9 f4 4f 06 a9 fd 7b 07 a9 fd c3 01 91
0x00000001931c31e4:   f4 03 02 aa f5 03 01 aa f3 03 00 aa 08 00 40 f9
0x00000001931c31f4:   17 d9 5b a9 20 80 c0 3c 28 20 40 f9 e8 0f 00 f9
0x00000001931c3204:   e0 83 80 3c e0 03 00 f9 a1 02 00 f0 21 58 1f 91
0x00000001931c3214:   a0 00 80 52 da 5c 00 94 80 82 c0 3c 88 22 40 f9
0x00000001931c3224:   81 0e 40 fd 89 12 40 f9 8a 06 40 b9 e9 1b 00 f9
0x00000001931c3234:   e1 17 00 fd e8 ab 01 a9 e0 83 80 3c f3 03 00 f9
0x00000001931c3244:   a1 02 00 f0 21 84 20 91 a0 00 80 52 cc 5c 00 94
0x00000001931c3254:   f7 db 00 a9 f3 03 00 f9 a1 02 00 f0 21 ac 22 91
0x00000001931c3264:   a0 00 80 52 c6 5c 00 94 68 2e 40 f9 69 52 40 b9
0x00000001931c3274:   e8 a7 00 a9 f3 03 00 f9 a1 02 00 f0 21 e8 23 91
0x00000001931c3284:   a0 00 80 52 be 5c 00 94 60 26 40 fd 61 0a 40 fd
0x00000001931c3294:   21 d8 61 7e e0 87 00 6d f3 03 00 f9 a1 02 00 f0
0x00000001931c32a4:   21 f4 24 91 a0 00 80 52 b5 5c 00 94 88 22 40 f9
0x00000001931c32b4:   48 03 00 36 a9 22 40 f9 89 00 00 37 a9 00 08 37
0x00000001931c32c4:   09 00 80 d2 14 00 00 14 a9 06 40 f9 12 00 00 14
0x00000001931c32d4:   a9 0a 40 f9 6a 2e 40 f9 4b 01 09 cb 60 01 63 9e
0x00000001931c32e4:   00 40 61 1e 29 01 0a eb 21 01 63 9e 00 9c 61 1e 



---------------  P R O C E S S  ---------------

VM state: not at safepoint (normal execution)

VM Mutex/Monitor currently owned by a thread: None

Heap address: 0x0000000780000000, size: 2048 MB, Compressed Oops mode: Zero based, Oop shift amount: 3

CDS archive(s) mapped at: [0x0000000500000000-0x0000000500d04000-0x0000000500d04000), size 13647872, SharedBaseAddress: 0x0000000500000000, ArchiveRelocationMode: 1.
Compressed class space mapped at: 0x0000000501000000-0x0000000541000000, reserved size: 1073741824
Narrow klass base: 0x0000000500000000, Narrow klass shift: 0, Narrow klass range: 0x100000000

GC Precious Log:
<Skipped>

Heap:
 garbage-first heap   total 133120K, used 15078K [0x0000000780000000, 0x0000000800000000)
  region size 1024K, 12 young (12288K), 1 survivors (1024K)
 Metaspace       used 10846K, committed 11072K, reserved 1114112K
  class space    used 1161K, committed 1280K, reserved 1048576K

Heap Regions: E=young(eden), S=young(survivor), O=old, HS=humongous(starts), HC=humongous(continues), CS=collection set, F=free, TAMS=top-at-mark-start, PB=parsable bottom
|   0|0x0000000780000000, 0x0000000780100000, 0x0000000780100000|100%| O|  |TAMS 0x0000000780000000| PB 0x0000000780000000| Untracked 
|   1|0x0000000780100000, 0x0000000780200000, 0x0000000780200000|100%| O|  |TAMS 0x0000000780100000| PB 0x0000000780100000| Untracked 
|   2|0x0000000780200000, 0x0000000780300000, 0x0000000780300000|100%| O|  |TAMS 0x0000000780200000| PB 0x0000000780200000| Untracked 
|   3|0x0000000780300000, 0x0000000780321558, 0x0000000780400000| 13%| O|  |TAMS 0x0000000780300000| PB 0x0000000780300000| Untracked 
|   4|0x0000000780400000, 0x0000000780400000, 0x0000000780500000|  0%| F|  |TAMS 0x0000000780400000| PB 0x0000000780400000| Untracked 
|   5|0x0000000780500000, 0x0000000780500000, 0x0000000780600000|  0%| F|  |TAMS 0x0000000780500000| PB 0x0000000780500000| Untracked 
|   6|0x0000000780600000, 0x0000000780600000, 0x0000000780700000|  0%| F|  |TAMS 0x0000000780600000| PB 0x0000000780600000| Untracked 
|   7|0x0000000780700000, 0x0000000780700000, 0x0000000780800000|  0%| F|  |TAMS 0x0000000780700000| PB 0x0000000780700000| Untracked 
|   8|0x0000000780800000, 0x0000000780800000, 0x0000000780900000|  0%| F|  |TAMS 0x0000000780800000| PB 0x0000000780800000| Untracked 
|   9|0x0000000780900000, 0x0000000780900000, 0x0000000780a00000|  0%| F|  |TAMS 0x0000000780900000| PB 0x0000000780900000| Untracked 
|  10|0x0000000780a00000, 0x0000000780a00000, 0x0000000780b00000|  0%| F|  |TAMS 0x0000000780a00000| PB 0x0000000780a00000| Untracked 
|  11|0x0000000780b00000, 0x0000000780b00000, 0x0000000780c00000|  0%| F|  |TAMS 0x0000000780b00000| PB 0x0000000780b00000| Untracked 
|  12|0x0000000780c00000, 0x0000000780c00000, 0x0000000780d00000|  0%| F|  |TAMS 0x0000000780c00000| PB 0x0000000780c00000| Untracked 
|  13|0x0000000780d00000, 0x0000000780d00000, 0x0000000780e00000|  0%| F|  |TAMS 0x0000000780d00000| PB 0x0000000780d00000| Untracked 
|  14|0x0000000780e00000, 0x0000000780e00000, 0x0000000780f00000|  0%| F|  |TAMS 0x0000000780e00000| PB 0x0000000780e00000| Untracked 
|  15|0x0000000780f00000, 0x0000000780f00000, 0x0000000781000000|  0%| F|  |TAMS 0x0000000780f00000| PB 0x0000000780f00000| Untracked 
|  16|0x0000000781000000, 0x0000000781000000, 0x0000000781100000|  0%| F|  |TAMS 0x0000000781000000| PB 0x0000000781000000| Untracked 
|  17|0x0000000781100000, 0x0000000781100000, 0x0000000781200000|  0%| F|  |TAMS 0x0000000781100000| PB 0x0000000781100000| Untracked 
|  18|0x0000000781200000, 0x0000000781200000, 0x0000000781300000|  0%| F|  |TAMS 0x0000000781200000| PB 0x0000000781200000| Untracked 
|  19|0x0000000781300000, 0x0000000781300000, 0x0000000781400000|  0%| F|  |TAMS 0x0000000781300000| PB 0x0000000781300000| Untracked 
|  20|0x0000000781400000, 0x0000000781400000, 0x0000000781500000|  0%| F|  |TAMS 0x0000000781400000| PB 0x0000000781400000| Untracked 
|  21|0x0000000781500000, 0x0000000781500000, 0x0000000781600000|  0%| F|  |TAMS 0x0000000781500000| PB 0x0000000781500000| Untracked 
|  22|0x0000000781600000, 0x0000000781600000, 0x0000000781700000|  0%| F|  |TAMS 0x0000000781600000| PB 0x0000000781600000| Untracked 
|  23|0x0000000781700000, 0x0000000781700000, 0x0000000781800000|  0%| F|  |TAMS 0x0000000781700000| PB 0x0000000781700000| Untracked 
|  24|0x0000000781800000, 0x0000000781800000, 0x0000000781900000|  0%| F|  |TAMS 0x0000000781800000| PB 0x0000000781800000| Untracked 
|  25|0x0000000781900000, 0x0000000781900000, 0x0000000781a00000|  0%| F|  |TAMS 0x0000000781900000| PB 0x0000000781900000| Untracked 
|  26|0x0000000781a00000, 0x0000000781a00000, 0x0000000781b00000|  0%| F|  |TAMS 0x0000000781a00000| PB 0x0000000781a00000| Untracked 
|  27|0x0000000781b00000, 0x0000000781b00000, 0x0000000781c00000|  0%| F|  |TAMS 0x0000000781b00000| PB 0x0000000781b00000| Untracked 
|  28|0x0000000781c00000, 0x0000000781c00000, 0x0000000781d00000|  0%| F|  |TAMS 0x0000000781c00000| PB 0x0000000781c00000| Untracked 
|  29|0x0000000781d00000, 0x0000000781d00000, 0x0000000781e00000|  0%| F|  |TAMS 0x0000000781d00000| PB 0x0000000781d00000| Untracked 
|  30|0x0000000781e00000, 0x0000000781e00000, 0x0000000781f00000|  0%| F|  |TAMS 0x0000000781e00000| PB 0x0000000781e00000| Untracked 
|  31|0x0000000781f00000, 0x0000000781f00000, 0x0000000782000000|  0%| F|  |TAMS 0x0000000781f00000| PB 0x0000000781f00000| Untracked 
|  32|0x0000000782000000, 0x0000000782000000, 0x0000000782100000|  0%| F|  |TAMS 0x0000000782000000| PB 0x0000000782000000| Untracked 
|  33|0x0000000782100000, 0x0000000782100000, 0x0000000782200000|  0%| F|  |TAMS 0x0000000782100000| PB 0x0000000782100000| Untracked 
|  34|0x0000000782200000, 0x0000000782200000, 0x0000000782300000|  0%| F|  |TAMS 0x0000000782200000| PB 0x0000000782200000| Untracked 
|  35|0x0000000782300000, 0x0000000782300000, 0x0000000782400000|  0%| F|  |TAMS 0x0000000782300000| PB 0x0000000782300000| Untracked 
|  36|0x0000000782400000, 0x0000000782400000, 0x0000000782500000|  0%| F|  |TAMS 0x0000000782400000| PB 0x0000000782400000| Untracked 
|  37|0x0000000782500000, 0x0000000782500000, 0x0000000782600000|  0%| F|  |TAMS 0x0000000782500000| PB 0x0000000782500000| Untracked 
|  38|0x0000000782600000, 0x0000000782600000, 0x0000000782700000|  0%| F|  |TAMS 0x0000000782600000| PB 0x0000000782600000| Untracked 
|  39|0x0000000782700000, 0x0000000782700000, 0x0000000782800000|  0%| F|  |TAMS 0x0000000782700000| PB 0x0000000782700000| Untracked 
|  40|0x0000000782800000, 0x0000000782800000, 0x0000000782900000|  0%| F|  |TAMS 0x0000000782800000| PB 0x0000000782800000| Untracked 
|  41|0x0000000782900000, 0x0000000782900000, 0x0000000782a00000|  0%| F|  |TAMS 0x0000000782900000| PB 0x0000000782900000| Untracked 
|  42|0x0000000782a00000, 0x0000000782a00000, 0x0000000782b00000|  0%| F|  |TAMS 0x0000000782a00000| PB 0x0000000782a00000| Untracked 
|  43|0x0000000782b00000, 0x0000000782b00000, 0x0000000782c00000|  0%| F|  |TAMS 0x0000000782b00000| PB 0x0000000782b00000| Untracked 
|  44|0x0000000782c00000, 0x0000000782c00000, 0x0000000782d00000|  0%| F|  |TAMS 0x0000000782c00000| PB 0x0000000782c00000| Untracked 
|  45|0x0000000782d00000, 0x0000000782d00000, 0x0000000782e00000|  0%| F|  |TAMS 0x0000000782d00000| PB 0x0000000782d00000| Untracked 
|  46|0x0000000782e00000, 0x0000000782e00000, 0x0000000782f00000|  0%| F|  |TAMS 0x0000000782e00000| PB 0x0000000782e00000| Untracked 
|  47|0x0000000782f00000, 0x0000000782f00000, 0x0000000783000000|  0%| F|  |TAMS 0x0000000782f00000| PB 0x0000000782f00000| Untracked 
|  48|0x0000000783000000, 0x0000000783000000, 0x0000000783100000|  0%| F|  |TAMS 0x0000000783000000| PB 0x0000000783000000| Untracked 
|  49|0x0000000783100000, 0x0000000783100000, 0x0000000783200000|  0%| F|  |TAMS 0x0000000783100000| PB 0x0000000783100000| Untracked 
|  50|0x0000000783200000, 0x0000000783200000, 0x0000000783300000|  0%| F|  |TAMS 0x0000000783200000| PB 0x0000000783200000| Untracked 
|  51|0x0000000783300000, 0x0000000783300000, 0x0000000783400000|  0%| F|  |TAMS 0x0000000783300000| PB 0x0000000783300000| Untracked 
|  52|0x0000000783400000, 0x0000000783402920, 0x0000000783500000|  1%| S|CS|TAMS 0x0000000783400000| PB 0x0000000783400000| Complete 
|  53|0x0000000783500000, 0x0000000783500000, 0x0000000783600000|  0%| F|  |TAMS 0x0000000783500000| PB 0x0000000783500000| Untracked 
|  54|0x0000000783600000, 0x0000000783600000, 0x0000000783700000|  0%| F|  |TAMS 0x0000000783600000| PB 0x0000000783600000| Untracked 
|  55|0x0000000783700000, 0x0000000783700000, 0x0000000783800000|  0%| F|  |TAMS 0x0000000783700000| PB 0x0000000783700000| Untracked 
|  56|0x0000000783800000, 0x0000000783800000, 0x0000000783900000|  0%| F|  |TAMS 0x0000000783800000| PB 0x0000000783800000| Untracked 
|  57|0x0000000783900000, 0x0000000783900000, 0x0000000783a00000|  0%| F|  |TAMS 0x0000000783900000| PB 0x0000000783900000| Untracked 
|  58|0x0000000783a00000, 0x0000000783a00000, 0x0000000783b00000|  0%| F|  |TAMS 0x0000000783a00000| PB 0x0000000783a00000| Untracked 
|  59|0x0000000783b00000, 0x0000000783b00000, 0x0000000783c00000|  0%| F|  |TAMS 0x0000000783b00000| PB 0x0000000783b00000| Untracked 
|  60|0x0000000783c00000, 0x0000000783c00000, 0x0000000783d00000|  0%| F|  |TAMS 0x0000000783c00000| PB 0x0000000783c00000| Untracked 
|  61|0x0000000783d00000, 0x0000000783d00000, 0x0000000783e00000|  0%| F|  |TAMS 0x0000000783d00000| PB 0x0000000783d00000| Untracked 
|  62|0x0000000783e00000, 0x0000000783e00000, 0x0000000783f00000|  0%| F|  |TAMS 0x0000000783e00000| PB 0x0000000783e00000| Untracked 
|  63|0x0000000783f00000, 0x0000000783f00000, 0x0000000784000000|  0%| F|  |TAMS 0x0000000783f00000| PB 0x0000000783f00000| Untracked 
|  64|0x0000000784000000, 0x0000000784000000, 0x0000000784100000|  0%| F|  |TAMS 0x0000000784000000| PB 0x0000000784000000| Untracked 
|  65|0x0000000784100000, 0x0000000784100000, 0x0000000784200000|  0%| F|  |TAMS 0x0000000784100000| PB 0x0000000784100000| Untracked 
|  66|0x0000000784200000, 0x0000000784200000, 0x0000000784300000|  0%| F|  |TAMS 0x0000000784200000| PB 0x0000000784200000| Untracked 
|  67|0x0000000784300000, 0x0000000784300000, 0x0000000784400000|  0%| F|  |TAMS 0x0000000784300000| PB 0x0000000784300000| Untracked 
|  68|0x0000000784400000, 0x0000000784400000, 0x0000000784500000|  0%| F|  |TAMS 0x0000000784400000| PB 0x0000000784400000| Untracked 
|  69|0x0000000784500000, 0x0000000784500000, 0x0000000784600000|  0%| F|  |TAMS 0x0000000784500000| PB 0x0000000784500000| Untracked 
|  70|0x0000000784600000, 0x0000000784600000, 0x0000000784700000|  0%| F|  |TAMS 0x0000000784600000| PB 0x0000000784600000| Untracked 
|  71|0x0000000784700000, 0x0000000784700000, 0x0000000784800000|  0%| F|  |TAMS 0x0000000784700000| PB 0x0000000784700000| Untracked 
|  72|0x0000000784800000, 0x0000000784800000, 0x0000000784900000|  0%| F|  |TAMS 0x0000000784800000| PB 0x0000000784800000| Untracked 
|  73|0x0000000784900000, 0x0000000784900000, 0x0000000784a00000|  0%| F|  |TAMS 0x0000000784900000| PB 0x0000000784900000| Untracked 
|  74|0x0000000784a00000, 0x0000000784a00000, 0x0000000784b00000|  0%| F|  |TAMS 0x0000000784a00000| PB 0x0000000784a00000| Untracked 
|  75|0x0000000784b00000, 0x0000000784b00000, 0x0000000784c00000|  0%| F|  |TAMS 0x0000000784b00000| PB 0x0000000784b00000| Untracked 
|  76|0x0000000784c00000, 0x0000000784c00000, 0x0000000784d00000|  0%| F|  |TAMS 0x0000000784c00000| PB 0x0000000784c00000| Untracked 
|  77|0x0000000784d00000, 0x0000000784d00000, 0x0000000784e00000|  0%| F|  |TAMS 0x0000000784d00000| PB 0x0000000784d00000| Untracked 
|  78|0x0000000784e00000, 0x0000000784e00000, 0x0000000784f00000|  0%| F|  |TAMS 0x0000000784e00000| PB 0x0000000784e00000| Untracked 
|  79|0x0000000784f00000, 0x0000000784f00000, 0x0000000785000000|  0%| F|  |TAMS 0x0000000784f00000| PB 0x0000000784f00000| Untracked 
|  80|0x0000000785000000, 0x0000000785000000, 0x0000000785100000|  0%| F|  |TAMS 0x0000000785000000| PB 0x0000000785000000| Untracked 
|  81|0x0000000785100000, 0x0000000785100000, 0x0000000785200000|  0%| F|  |TAMS 0x0000000785100000| PB 0x0000000785100000| Untracked 
|  82|0x0000000785200000, 0x0000000785200000, 0x0000000785300000|  0%| F|  |TAMS 0x0000000785200000| PB 0x0000000785200000| Untracked 
|  83|0x0000000785300000, 0x0000000785300000, 0x0000000785400000|  0%| F|  |TAMS 0x0000000785300000| PB 0x0000000785300000| Untracked 
|  84|0x0000000785400000, 0x0000000785400000, 0x0000000785500000|  0%| F|  |TAMS 0x0000000785400000| PB 0x0000000785400000| Untracked 
|  85|0x0000000785500000, 0x0000000785500000, 0x0000000785600000|  0%| F|  |TAMS 0x0000000785500000| PB 0x0000000785500000| Untracked 
|  86|0x0000000785600000, 0x0000000785600000, 0x0000000785700000|  0%| F|  |TAMS 0x0000000785600000| PB 0x0000000785600000| Untracked 
|  87|0x0000000785700000, 0x0000000785700000, 0x0000000785800000|  0%| F|  |TAMS 0x0000000785700000| PB 0x0000000785700000| Untracked 
|  88|0x0000000785800000, 0x0000000785800000, 0x0000000785900000|  0%| F|  |TAMS 0x0000000785800000| PB 0x0000000785800000| Untracked 
|  89|0x0000000785900000, 0x0000000785900000, 0x0000000785a00000|  0%| F|  |TAMS 0x0000000785900000| PB 0x0000000785900000| Untracked 
|  90|0x0000000785a00000, 0x0000000785a00000, 0x0000000785b00000|  0%| F|  |TAMS 0x0000000785a00000| PB 0x0000000785a00000| Untracked 
|  91|0x0000000785b00000, 0x0000000785b00000, 0x0000000785c00000|  0%| F|  |TAMS 0x0000000785b00000| PB 0x0000000785b00000| Untracked 
|  92|0x0000000785c00000, 0x0000000785c00000, 0x0000000785d00000|  0%| F|  |TAMS 0x0000000785c00000| PB 0x0000000785c00000| Untracked 
|  93|0x0000000785d00000, 0x0000000785d00000, 0x0000000785e00000|  0%| F|  |TAMS 0x0000000785d00000| PB 0x0000000785d00000| Untracked 
|  94|0x0000000785e00000, 0x0000000785e00000, 0x0000000785f00000|  0%| F|  |TAMS 0x0000000785e00000| PB 0x0000000785e00000| Untracked 
|  95|0x0000000785f00000, 0x0000000785f00000, 0x0000000786000000|  0%| F|  |TAMS 0x0000000785f00000| PB 0x0000000785f00000| Untracked 
|  96|0x0000000786000000, 0x0000000786000000, 0x0000000786100000|  0%| F|  |TAMS 0x0000000786000000| PB 0x0000000786000000| Untracked 
|  97|0x0000000786100000, 0x0000000786100000, 0x0000000786200000|  0%| F|  |TAMS 0x0000000786100000| PB 0x0000000786100000| Untracked 
|  98|0x0000000786200000, 0x0000000786200000, 0x0000000786300000|  0%| F|  |TAMS 0x0000000786200000| PB 0x0000000786200000| Untracked 
|  99|0x0000000786300000, 0x0000000786300000, 0x0000000786400000|  0%| F|  |TAMS 0x0000000786300000| PB 0x0000000786300000| Untracked 
| 100|0x0000000786400000, 0x0000000786400000, 0x0000000786500000|  0%| F|  |TAMS 0x0000000786400000| PB 0x0000000786400000| Untracked 
| 101|0x0000000786500000, 0x0000000786500000, 0x0000000786600000|  0%| F|  |TAMS 0x0000000786500000| PB 0x0000000786500000| Untracked 
| 102|0x0000000786600000, 0x0000000786600000, 0x0000000786700000|  0%| F|  |TAMS 0x0000000786600000| PB 0x0000000786600000| Untracked 
| 103|0x0000000786700000, 0x0000000786700000, 0x0000000786800000|  0%| F|  |TAMS 0x0000000786700000| PB 0x0000000786700000| Untracked 
| 104|0x0000000786800000, 0x0000000786800000, 0x0000000786900000|  0%| F|  |TAMS 0x0000000786800000| PB 0x0000000786800000| Untracked 
| 105|0x0000000786900000, 0x0000000786900000, 0x0000000786a00000|  0%| F|  |TAMS 0x0000000786900000| PB 0x0000000786900000| Untracked 
| 106|0x0000000786a00000, 0x0000000786a00000, 0x0000000786b00000|  0%| F|  |TAMS 0x0000000786a00000| PB 0x0000000786a00000| Untracked 
| 107|0x0000000786b00000, 0x0000000786b00000, 0x0000000786c00000|  0%| F|  |TAMS 0x0000000786b00000| PB 0x0000000786b00000| Untracked 
| 108|0x0000000786c00000, 0x0000000786c00000, 0x0000000786d00000|  0%| F|  |TAMS 0x0000000786c00000| PB 0x0000000786c00000| Untracked 
| 109|0x0000000786d00000, 0x0000000786d00000, 0x0000000786e00000|  0%| F|  |TAMS 0x0000000786d00000| PB 0x0000000786d00000| Untracked 
| 110|0x0000000786e00000, 0x0000000786e00000, 0x0000000786f00000|  0%| F|  |TAMS 0x0000000786e00000| PB 0x0000000786e00000| Untracked 
| 111|0x0000000786f00000, 0x0000000786f00000, 0x0000000787000000|  0%| F|  |TAMS 0x0000000786f00000| PB 0x0000000786f00000| Untracked 
| 112|0x0000000787000000, 0x0000000787000000, 0x0000000787100000|  0%| F|  |TAMS 0x0000000787000000| PB 0x0000000787000000| Untracked 
| 113|0x0000000787100000, 0x0000000787100000, 0x0000000787200000|  0%| F|  |TAMS 0x0000000787100000| PB 0x0000000787100000| Untracked 
| 114|0x0000000787200000, 0x0000000787200000, 0x0000000787300000|  0%| F|  |TAMS 0x0000000787200000| PB 0x0000000787200000| Untracked 
| 115|0x0000000787300000, 0x0000000787300000, 0x0000000787400000|  0%| F|  |TAMS 0x0000000787300000| PB 0x0000000787300000| Untracked 
| 116|0x0000000787400000, 0x0000000787400000, 0x0000000787500000|  0%| F|  |TAMS 0x0000000787400000| PB 0x0000000787400000| Untracked 
| 117|0x0000000787500000, 0x0000000787590580, 0x0000000787600000| 56%| E|  |TAMS 0x0000000787500000| PB 0x0000000787500000| Complete 
| 118|0x0000000787600000, 0x0000000787700000, 0x0000000787700000|100%| E|CS|TAMS 0x0000000787600000| PB 0x0000000787600000| Complete 
| 119|0x0000000787700000, 0x0000000787800000, 0x0000000787800000|100%| E|CS|TAMS 0x0000000787700000| PB 0x0000000787700000| Complete 
| 120|0x0000000787800000, 0x0000000787900000, 0x0000000787900000|100%| E|CS|TAMS 0x0000000787800000| PB 0x0000000787800000| Complete 
| 121|0x0000000787900000, 0x0000000787a00000, 0x0000000787a00000|100%| E|CS|TAMS 0x0000000787900000| PB 0x0000000787900000| Complete 
| 122|0x0000000787a00000, 0x0000000787b00000, 0x0000000787b00000|100%| E|CS|TAMS 0x0000000787a00000| PB 0x0000000787a00000| Complete 
| 123|0x0000000787b00000, 0x0000000787c00000, 0x0000000787c00000|100%| E|CS|TAMS 0x0000000787b00000| PB 0x0000000787b00000| Complete 
| 124|0x0000000787c00000, 0x0000000787d00000, 0x0000000787d00000|100%| E|CS|TAMS 0x0000000787c00000| PB 0x0000000787c00000| Complete 
| 125|0x0000000787d00000, 0x0000000787e00000, 0x0000000787e00000|100%| E|CS|TAMS 0x0000000787d00000| PB 0x0000000787d00000| Complete 
| 126|0x0000000787e00000, 0x0000000787f00000, 0x0000000787f00000|100%| E|CS|TAMS 0x0000000787e00000| PB 0x0000000787e00000| Complete 
| 127|0x0000000787f00000, 0x0000000788000000, 0x0000000788000000|100%| E|CS|TAMS 0x0000000787f00000| PB 0x0000000787f00000| Complete 
|2046|0x00000007ffe00000, 0x00000007fff00000, 0x00000007fff00000|100%| O|  |TAMS 0x00000007ffe00000| PB 0x00000007ffe00000| Untracked 
|2047|0x00000007fff00000, 0x00000007fff054d0, 0x0000000800000000|  2%| O|  |TAMS 0x00000007fff00000| PB 0x00000007fff00000| Untracked 

Card table byte_map: [0x0000000104ee8000,0x00000001052e8000] _byte_map_base: 0x00000001012e8000

Marking Bits: (CMBitMap*) 0x000000015203c810
 Bits: [0x000000011e484000, 0x0000000120484000)

Polling page: 0x00000001045d4000

Metaspace:

Usage:
  Non-class:      9.46 MB used.
      Class:      1.13 MB used.
       Both:     10.59 MB used.

Virtual space:
  Non-class space:       64.00 MB reserved,       9.56 MB ( 15%) committed,  1 nodes.
      Class space:        1.00 GB reserved,       1.25 MB ( <1%) committed,  1 nodes.
             Both:        1.06 GB reserved,      10.81 MB ( <1%) committed. 

Chunk freelists:
   Non-Class:  6.00 MB
       Class:  14.72 MB
        Both:  20.72 MB

MaxMetaspaceSize: unlimited
CompressedClassSpaceSize: 1.00 GB
Initial GC threshold: 21.00 MB
Current GC threshold: 21.00 MB
CDS: on
 - commit_granule_bytes: 65536.
 - commit_granule_words: 8192.
 - virtual_space_node_default_size: 8388608.
 - enlarge_chunks_in_place: 1.
 - use_allocation_guard: 0.


Internal statistics:

num_allocs_failed_limit: 0.
num_arena_births: 182.
num_arena_deaths: 0.
num_vsnodes_births: 2.
num_vsnodes_deaths: 0.
num_space_committed: 173.
num_space_uncommitted: 0.
num_chunks_returned_to_freelist: 0.
num_chunks_taken_from_freelist: 223.
num_chunk_merges: 0.
num_chunk_splits: 143.
num_chunks_enlarged: 80.
num_inconsistent_stats: 0.

CodeHeap 'non-profiled nmethods': size=120032Kb used=1569Kb max_used=1569Kb free=118462Kb
 bounds [0x0000000116f4c000, 0x00000001171bc000, 0x000000011e484000]
CodeHeap 'profiled nmethods': size=120016Kb used=3942Kb max_used=3942Kb free=116073Kb
 bounds [0x000000010f484000, 0x000000010f864000, 0x00000001169b8000]
CodeHeap 'non-nmethods': size=5712Kb used=1504Kb max_used=1640Kb free=4207Kb
 bounds [0x00000001169b8000, 0x0000000116c28000, 0x0000000116f4c000]
 total_blobs=2736 nmethods=2056 adapters=588
 compilation: enabled
              stopped_count=0, restarted_count=0
 full_count=0

Compilation events (20 events):
Event: 1264.282 Thread 0x0000000152818800 2049 % !   4       javax.swing.TimerQueue::run @ 9 (202 bytes)
Event: 1264.322 Thread 0x0000000152818800 nmethod 2049% 0x00000001170d0690 code [0x00000001170d09c0, 0x00000001170d18b8]
Event: 2251.524 Thread 0x0000000152816600 2050       3       java.util.concurrent.locks.AbstractQueuedSynchronizer::acquire (20 bytes)
Event: 2251.525 Thread 0x0000000152816600 nmethod 2050 0x000000010f858110 code [0x000000010f8582c0, 0x000000010f858580]
Event: 2460.713 Thread 0x0000000152818800 2051       4       java.util.concurrent.locks.AbstractQueuedSynchronizer::acquire (20 bytes)
Event: 2460.720 Thread 0x0000000152818800 nmethod 2051 0x00000001170d2510 code [0x00000001170d2700, 0x00000001170d2c18]
Event: 3378.485 Thread 0x0000000152816600 2052   !   3       java.util.concurrent.locks.AbstractQueuedSynchronizer::acquire (424 bytes)
Event: 3378.497 Thread 0x0000000152816600 nmethod 2052 0x000000010f858690 code [0x000000010f858b40, 0x000000010f85a590]
Event: 3397.182 Thread 0x0000000152818800 2053   !   4       java.util.concurrent.locks.AbstractQueuedSynchronizer::acquire (424 bytes)
Event: 3397.219 Thread 0x0000000152818800 nmethod 2053 0x00000001170d2d90 code [0x00000001170d2fc0, 0x00000001170d3f90]
Event: 3486.147 Thread 0x0000000152816600 2054       3       sun.awt.SunToolkit::awtTryLock (7 bytes)
Event: 3486.159 Thread 0x0000000152816600 nmethod 2054 0x000000010f85ae90 code [0x000000010f85b040, 0x000000010f85b280]
Event: 3923.815 Thread 0x0000000152816600 2057   !   3       jdk.internal.ref.PhantomCleanable::isListEmpty (34 bytes)
Event: 3923.824 Thread 0x0000000152816600 nmethod 2057 0x000000010f85b390 code [0x000000010f85b540, 0x000000010f85b7c0]
Event: 3923.824 Thread 0x0000000152816600 2058       3       jdk.internal.misc.InnocuousThread::eraseThreadLocals (23 bytes)
Event: 3923.826 Thread 0x0000000152816600 nmethod 2058 0x000000010f85b910 code [0x000000010f85bac0, 0x000000010f85bc88]
Event: 3923.826 Thread 0x0000000152816600 2059   !   3       java.lang.ref.ReferenceQueue::remove (61 bytes)
Event: 3923.834 Thread 0x0000000152816600 nmethod 2059 0x000000010f85bd10 code [0x000000010f85c000, 0x000000010f85cd60]
Event: 11604.334 Thread 0x0000000152816600 2060       3       java.lang.ref.ReferenceQueue::remove0 (64 bytes)
Event: 11604.350 Thread 0x0000000152816600 nmethod 2060 0x000000010f85d190 code [0x000000010f85d3c0, 0x000000010f85d880]

GC Heap History (20 events):
Event: 11414.961 GC heap before
{Heap before GC invocations=72 (full 0):
 garbage-first heap   total 133120K, used 81062K [0x0000000780000000, 0x0000000800000000)
  region size 1024K, 76 young (77824K), 1 survivors (1024K)
 Metaspace       used 10846K, committed 11072K, reserved 1114112K
  class space    used 1161K, committed 1280K, reserved 1048576K
}
Event: 11414.963 GC heap after
{Heap after GC invocations=73 (full 0):
 garbage-first heap   total 133120K, used 4262K [0x0000000780000000, 0x0000000800000000)
  region size 1024K, 1 young (1024K), 1 survivors (1024K)
 Metaspace       used 10846K, committed 11072K, reserved 1114112K
  class space    used 1161K, committed 1280K, reserved 1048576K
}
Event: 11572.016 GC heap before
{Heap before GC invocations=73 (full 0):
 garbage-first heap   total 133120K, used 81062K [0x0000000780000000, 0x0000000800000000)
  region size 1024K, 76 young (77824K), 1 survivors (1024K)
 Metaspace       used 10846K, committed 11072K, reserved 1114112K
  class space    used 1161K, committed 1280K, reserved 1048576K
}
Event: 11572.018 GC heap after
{Heap after GC invocations=74 (full 0):
 garbage-first heap   total 133120K, used 4260K [0x0000000780000000, 0x0000000800000000)
  region size 1024K, 1 young (1024K), 1 survivors (1024K)
 Metaspace       used 10846K, committed 11072K, reserved 1114112K
  class space    used 1161K, committed 1280K, reserved 1048576K
}
Event: 11729.330 GC heap before
{Heap before GC invocations=74 (full 0):
 garbage-first heap   total 133120K, used 81060K [0x0000000780000000, 0x0000000800000000)
  region size 1024K, 76 young (77824K), 1 survivors (1024K)
 Metaspace       used 10846K, committed 11072K, reserved 1114112K
  class space    used 1161K, committed 1280K, reserved 1048576K
}
Event: 11729.332 GC heap after
{Heap after GC invocations=75 (full 0):
 garbage-first heap   total 133120K, used 4261K [0x0000000780000000, 0x0000000800000000)
  region size 1024K, 1 young (1024K), 1 survivors (1024K)
 Metaspace       used 10846K, committed 11072K, reserved 1114112K
  class space    used 1161K, committed 1280K, reserved 1048576K
}
Event: 11886.988 GC heap before
{Heap before GC invocations=75 (full 0):
 garbage-first heap   total 133120K, used 81061K [0x0000000780000000, 0x0000000800000000)
  region size 1024K, 76 young (77824K), 1 survivors (1024K)
 Metaspace       used 10846K, committed 11072K, reserved 1114112K
  class space    used 1161K, committed 1280K, reserved 1048576K
}
Event: 11886.992 GC heap after
{Heap after GC invocations=76 (full 0):
 garbage-first heap   total 133120K, used 4262K [0x0000000780000000, 0x0000000800000000)
  region size 1024K, 1 young (1024K), 1 survivors (1024K)
 Metaspace       used 10846K, committed 11072K, reserved 1114112K
  class space    used 1161K, committed 1280K, reserved 1048576K
}
Event: 12043.132 GC heap before
{Heap before GC invocations=76 (full 0):
 garbage-first heap   total 133120K, used 81062K [0x0000000780000000, 0x0000000800000000)
  region size 1024K, 76 young (77824K), 1 survivors (1024K)
 Metaspace       used 10846K, committed 11072K, reserved 1114112K
  class space    used 1161K, committed 1280K, reserved 1048576K
}
Event: 12043.135 GC heap after
{Heap after GC invocations=77 (full 0):
 garbage-first heap   total 133120K, used 4260K [0x0000000780000000, 0x0000000800000000)
  region size 1024K, 1 young (1024K), 1 survivors (1024K)
 Metaspace       used 10846K, committed 11072K, reserved 1114112K
  class space    used 1161K, committed 1280K, reserved 1048576K
}
Event: 12215.014 GC heap before
{Heap before GC invocations=77 (full 0):
 garbage-first heap   total 133120K, used 81060K [0x0000000780000000, 0x0000000800000000)
  region size 1024K, 76 young (77824K), 1 survivors (1024K)
 Metaspace       used 10846K, committed 11072K, reserved 1114112K
  class space    used 1161K, committed 1280K, reserved 1048576K
}
Event: 12215.016 GC heap after
{Heap after GC invocations=78 (full 0):
 garbage-first heap   total 133120K, used 4259K [0x0000000780000000, 0x0000000800000000)
  region size 1024K, 1 young (1024K), 1 survivors (1024K)
 Metaspace       used 10846K, committed 11072K, reserved 1114112K
  class space    used 1161K, committed 1280K, reserved 1048576K
}
Event: 12390.119 GC heap before
{Heap before GC invocations=78 (full 0):
 garbage-first heap   total 133120K, used 81059K [0x0000000780000000, 0x0000000800000000)
  region size 1024K, 76 young (77824K), 1 survivors (1024K)
 Metaspace       used 10846K, committed 11072K, reserved 1114112K
  class space    used 1161K, committed 1280K, reserved 1048576K
}
Event: 12390.120 GC heap after
{Heap after GC invocations=79 (full 0):
 garbage-first heap   total 133120K, used 4258K [0x0000000780000000, 0x0000000800000000)
  region size 1024K, 1 young (1024K), 1 survivors (1024K)
 Metaspace       used 10846K, committed 11072K, reserved 1114112K
  class space    used 1161K, committed 1280K, reserved 1048576K
}
Event: 12565.154 GC heap before
{Heap before GC invocations=79 (full 0):
 garbage-first heap   total 133120K, used 81058K [0x0000000780000000, 0x0000000800000000)
  region size 1024K, 76 young (77824K), 1 survivors (1024K)
 Metaspace       used 10846K, committed 11072K, reserved 1114112K
  class space    used 1161K, committed 1280K, reserved 1048576K
}
Event: 12565.155 GC heap after
{Heap after GC invocations=80 (full 0):
 garbage-first heap   total 133120K, used 4260K [0x0000000780000000, 0x0000000800000000)
  region size 1024K, 1 young (1024K), 1 survivors (1024K)
 Metaspace       used 10846K, committed 11072K, reserved 1114112K
  class space    used 1161K, committed 1280K, reserved 1048576K
}
Event: 12740.193 GC heap before
{Heap before GC invocations=80 (full 0):
 garbage-first heap   total 133120K, used 81060K [0x0000000780000000, 0x0000000800000000)
  region size 1024K, 76 young (77824K), 1 survivors (1024K)
 Metaspace       used 10846K, committed 11072K, reserved 1114112K
  class space    used 1161K, committed 1280K, reserved 1048576K
}
Event: 12740.195 GC heap after
{Heap after GC invocations=81 (full 0):
 garbage-first heap   total 133120K, used 4258K [0x0000000780000000, 0x0000000800000000)
  region size 1024K, 1 young (1024K), 1 survivors (1024K)
 Metaspace       used 10846K, committed 11072K, reserved 1114112K
  class space    used 1161K, committed 1280K, reserved 1048576K
}
Event: 12915.409 GC heap before
{Heap before GC invocations=81 (full 0):
 garbage-first heap   total 133120K, used 81058K [0x0000000780000000, 0x0000000800000000)
  region size 1024K, 76 young (77824K), 1 survivors (1024K)
 Metaspace       used 10846K, committed 11072K, reserved 1114112K
  class space    used 1161K, committed 1280K, reserved 1048576K
}
Event: 12915.412 GC heap after
{Heap after GC invocations=82 (full 0):
 garbage-first heap   total 133120K, used 4260K [0x0000000780000000, 0x0000000800000000)
  region size 1024K, 1 young (1024K), 1 survivors (1024K)
 Metaspace       used 10846K, committed 11072K, reserved 1114112K
  class space    used 1161K, committed 1280K, reserved 1048576K
}

Dll operation events (8 events):
Event: 0.003 Loaded shared library /Applications/Apache NetBeans.app/Contents/Home/lib/libjava.dylib
Event: 0.025 Loaded shared library /Applications/Apache NetBeans.app/Contents/Home/lib/libnio.dylib
Event: 0.026 Loaded shared library /Applications/Apache NetBeans.app/Contents/Home/lib/libjimage.dylib
Event: 0.035 Loaded shared library /Applications/Apache NetBeans.app/Contents/Home/lib/libawt.dylib
Event: 0.037 Loaded shared library /Applications/Apache NetBeans.app/Contents/Home/lib/libawt_lwawt.dylib
Event: 0.061 Loaded shared library /Applications/Apache NetBeans.app/Contents/Home/lib/libfontmanager.dylib
Event: 0.201 Loaded shared library /Applications/Apache NetBeans.app/Contents/Home/lib/libosxui.dylib
Event: 0.320 Loaded shared library /Applications/Apache NetBeans.app/Contents/Home/lib/libjavajpeg.dylib

Deoptimization events (20 events):
Event: 852.997 Thread 0x0000000142864600 Uncommon trap: trap_request=0xffffff45 fr.pc=0x00000001170c8304 relative=0x00000000000007c4
Event: 852.997 Thread 0x0000000142864600 Uncommon trap: reason=unstable_if action=reinterpret pc=0x00000001170c8304 method=sun.java2d.metal.MTLRenderQueue$QueueFlusher.run()V @ 101 c2
Event: 853.001 Thread 0x0000000142864600 DEOPT PACKING pc=0x00000001170c8304 sp=0x000000016e1d6950
Event: 853.001 Thread 0x0000000142864600 DEOPT UNPACKING pc=0x00000001169fb01c sp=0x000000016e1d68e0 mode 2
Event: 1089.971 Thread 0x0000000142870a00 Uncommon trap: trap_request=0xfffffff4 fr.pc=0x0000000116fbc394 relative=0x0000000000001fd4
Event: 1089.971 Thread 0x0000000142870a00 Uncommon trap: reason=null_check action=make_not_entrant pc=0x0000000116fbc394 method=sun.java2d.pipe.BufferedContext.validate(Lsun/java2d/pipe/hw/AccelSurface;Lsun/java2d/pipe/hw/AccelSurface;Lsun/java2d/pipe/Region;Ljava/awt/Composite;Ljava/awt/geom/Aff
Event: 1089.972 Thread 0x0000000142870a00 DEOPT PACKING pc=0x0000000116fbc394 sp=0x000000016e5ee4b0
Event: 1089.972 Thread 0x0000000142870a00 DEOPT UNPACKING pc=0x00000001169fb01c sp=0x000000016e5ee410 mode 2
Event: 1203.271 Thread 0x0000000142864600 DEOPT PACKING pc=0x000000010f856dcc sp=0x000000016e1d68a0
Event: 1203.272 Thread 0x0000000142864600 DEOPT UNPACKING pc=0x00000001169fae7c sp=0x000000016e1d65f0 mode 0
Event: 1362.446 Thread 0x00000001521ff800 DEOPT PACKING pc=0x000000010f851ca8 sp=0x000000016e9128e0
Event: 1362.446 Thread 0x00000001521ff800 DEOPT UNPACKING pc=0x00000001169fae7c sp=0x000000016e9125d0 mode 0
Event: 2248.619 Thread 0x0000000142808200 Uncommon trap: trap_request=0xffffff45 fr.pc=0x00000001170cd5bc relative=0x000000000000033c
Event: 2248.619 Thread 0x0000000142808200 Uncommon trap: reason=unstable_if action=reinterpret pc=0x00000001170cd5bc method=java.util.concurrent.locks.ReentrantLock$NonfairSync.tryAcquire(I)Z @ 13 c2
Event: 2248.619 Thread 0x0000000142808200 DEOPT PACKING pc=0x00000001170cd5bc sp=0x000000016b83b0e0
Event: 2248.619 Thread 0x0000000142808200 DEOPT UNPACKING pc=0x00000001169fb01c sp=0x000000016b83b010 mode 2
Event: 3377.973 Thread 0x0000000142808200 Uncommon trap: trap_request=0xffffff45 fr.pc=0x0000000116ff47bc relative=0x0000000000000a7c
Event: 3377.974 Thread 0x0000000142808200 Uncommon trap: reason=unstable_if action=reinterpret pc=0x0000000116ff47bc method=java.util.concurrent.locks.ReentrantLock$NonfairSync.tryAcquire(I)Z @ 13 c2
Event: 3377.975 Thread 0x0000000142808200 DEOPT PACKING pc=0x0000000116ff47bc sp=0x000000016b83b050
Event: 3377.975 Thread 0x0000000142808200 DEOPT UNPACKING pc=0x00000001169fb01c sp=0x000000016b83af50 mode 2

Classes loaded (20 events):
Event: 1.332 Loading class java/awt/Scrollbar
Event: 1.333 Loading class java/awt/Scrollbar done
Event: 1.800 Loading class sun/awt/EmbeddedFrame
Event: 1.800 Loading class sun/awt/EmbeddedFrame done
Event: 1.800 Loading class java/awt/KeyboardFocusManager$2
Event: 1.800 Loading class java/awt/KeyboardFocusManager$2 done
Event: 1.800 Loading class sun/awt/SunToolkit$1
Event: 1.801 Loading class sun/awt/SunToolkit$1 done
Event: 1.802 Loading class javax/swing/RepaintManager$3
Event: 1.802 Loading class javax/swing/RepaintManager$3 done
Event: 1.803 Loading class javax/swing/tree/DefaultTreeCellRenderer
Event: 1.804 Loading class javax/swing/tree/TreeCellRenderer
Event: 1.804 Loading class javax/swing/tree/TreeCellRenderer done
Event: 1.804 Loading class javax/swing/tree/DefaultTreeCellRenderer done
Event: 5.729 Loading class java/awt/LightweightDispatcher$2
Event: 5.729 Loading class java/awt/LightweightDispatcher$2 done
Event: 19.529 Loading class java/security/DomainCombiner
Event: 19.529 Loading class java/security/DomainCombiner done
Event: 67.060 Loading class java/awt/image/BufferedImageOp
Event: 67.061 Loading class java/awt/image/BufferedImageOp done

Classes unloaded (0 events):
No events

Classes redefined (0 events):
No events

Internal exceptions (20 events):
Event: 0.254 Thread 0x0000000152019800 Exception <a 'java/lang/ClassNotFoundException'{0x0000000787c0b5a0}: TreeCell> (0x0000000787c0b5a0) 
thrown [src/hotspot/share/classfile/systemDictionary.cpp, line 315]
Event: 0.254 Thread 0x0000000152019800 Exception <a 'java/lang/ClassNotFoundException'{0x0000000787c0bd48}: RootPane> (0x0000000787c0bd48) 
thrown [src/hotspot/share/classfile/systemDictionary.cpp, line 315]
Event: 0.255 Thread 0x0000000152019800 Exception <a 'java/lang/ClassNotFoundException'{0x0000000787c10290}: com/sun/swing/internal/plaf/basic/resources/spi/basicProvider> (0x0000000787c10290) 
thrown [src/hotspot/share/classfile/systemDictionary.cpp, line 315]
Event: 0.261 Thread 0x0000000142870a00 Exception <a 'java/lang/ClassNotFoundException'{0x0000000787c899d8}: com/sun/swing/internal/plaf/synth/resources/spi/synthProvider> (0x0000000787c899d8) 
thrown [src/hotspot/share/classfile/systemDictionary.cpp, line 315]
Event: 0.271 Thread 0x0000000142870a00 Exception <a 'java/lang/NoSuchMethodError'{0x0000000787ccdc10}: 'int java.lang.invoke.Invokers$Holder.invokeExact_MT(java.lang.Object, java.lang.Object)'> (0x0000000787ccdc10) 
thrown [src/hotspot/share/interpreter/linkResolver.cpp, line 773]
Event: 0.274 Thread 0x0000000142870a00 Exception <a 'java/lang/NoSuchMethodError'{0x0000000787ce59d8}: 'void java.lang.invoke.Invokers$Holder.invokeExact_MT(java.lang.Object, java.lang.Object, java.lang.Object, java.lang.Object)'> (0x0000000787ce59d8) 
thrown [src/hotspot/share/interpreter/linkResolver.cpp, line 773]
Event: 0.277 Thread 0x0000000142870a00 Exception <a 'java/lang/NoSuchMethodError'{0x0000000787b05ad8}: 'java.lang.Object java.lang.invoke.DirectMethodHandle$Holder.newInvokeSpecial(java.lang.Object, java.lang.Object, java.lang.Object, int, java.lang.Object)'> (0x0000000787b05ad8) 
thrown [src/hotspot/share/interpreter/linkResolver.cpp, line 773]
Event: 0.277 Thread 0x0000000142870a00 Exception <a 'java/lang/NoSuchMethodError'{0x0000000787b0d180}: 'java.lang.Object java.lang.invoke.Invokers$Holder.linkToTargetMethod(java.lang.Object, java.lang.Object, int, java.lang.Object, java.lang.Object)'> (0x0000000787b0d180) 
thrown [src/hotspot/share/interpreter/linkResolver.cpp, line 773]
Event: 0.288 Thread 0x0000000142870a00 Exception <a 'java/lang/NoSuchMethodError'{0x0000000787b11430}: 'void java.lang.invoke.DirectMethodHandle$Holder.invokeStatic(java.lang.Object, int, long)'> (0x0000000787b11430) 
thrown [src/hotspot/share/interpreter/linkResolver.cpp, line 773]
Event: 0.294 Thread 0x0000000142870a00 Exception <a 'java/lang/NoSuchMethodError'{0x0000000787b357c8}: 'java.lang.Object java.lang.invoke.Invokers$Holder.linkToTargetMethod(int, int, int, int, java.lang.Object)'> (0x0000000787b357c8) 
thrown [src/hotspot/share/interpreter/linkResolver.cpp, line 773]
Event: 0.294 Thread 0x0000000142870a00 Exception <a 'java/lang/NoSuchMethodError'{0x0000000787b391a0}: 'void java.lang.invoke.DirectMethodHandle$Holder.invokeStatic(java.lang.Object, java.lang.Object, long)'> (0x0000000787b391a0) 
thrown [src/hotspot/share/interpreter/linkResolver.cpp, line 773]
Event: 0.300 Thread 0x0000000142808200 Exception <a 'java/lang/NoSuchMethodError'{0x0000000787a12e20}: 'void java.lang.invoke.DirectMethodHandle$Holder.invokeSpecial(java.lang.Object, java.lang.Object, long)'> (0x0000000787a12e20) 
thrown [src/hotspot/share/interpreter/linkResolver.cpp, line 773]
Event: 0.318 Thread 0x0000000142808200 Exception <a 'java/lang/NoSuchMethodError'{0x0000000787a20d88}: 'void java.lang.invoke.DirectMethodHandle$Holder.invokeStatic(java.lang.Object, long)'> (0x0000000787a20d88) 
thrown [src/hotspot/share/interpreter/linkResolver.cpp, line 773]
Event: 0.338 Thread 0x0000000142870a00 Exception <a 'java/lang/NoSuchMethodError'{0x00000007878c53c8}: 'java.lang.Object java.lang.invoke.DirectMethodHandle$Holder.newInvokeSpecial(java.lang.Object, java.lang.Object, int)'> (0x00000007878c53c8) 
thrown [src/hotspot/share/interpreter/linkResolver.cpp, line 773]
Event: 0.338 Thread 0x0000000142870a00 Exception <a 'java/lang/NoSuchMethodError'{0x00000007878ca1d8}: 'int java.lang.invoke.DirectMethodHandle$Holder.invokeSpecial(java.lang.Object, java.lang.Object, java.lang.Object, int)'> (0x00000007878ca1d8) 
thrown [src/hotspot/share/interpreter/linkResolver.cpp, line 773]
Event: 0.339 Thread 0x0000000142870a00 Exception <a 'java/lang/NoSuchMethodError'{0x00000007878dc338}: 'java.lang.Object java.lang.invoke.DirectMethodHandle$Holder.invokeStatic(java.lang.Object, java.lang.Object, java.lang.Object, java.lang.Object, int)'> (0x00000007878dc338) 
thrown [src/hotspot/share/interpreter/linkResolver.cpp, line 773]
Event: 0.340 Thread 0x0000000142870a00 Exception <a 'java/lang/NoSuchMethodError'{0x00000007878e7a88}: 'int java.lang.invoke.DirectMethodHandle$Holder.invokeSpecial(java.lang.Object, java.lang.Object, java.lang.Object)'> (0x00000007878e7a88) 
thrown [src/hotspot/share/interpreter/linkResolver.cpp, line 773]
Event: 0.588 Thread 0x0000000142870a00 Exception <a 'java/lang/NoSuchMethodError'{0x0000000787622d38}: 'void java.lang.invoke.DirectMethodHandle$Holder.invokeStatic(java.lang.Object, long, long)'> (0x0000000787622d38) 
thrown [src/hotspot/share/interpreter/linkResolver.cpp, line 773]
Event: 0.588 Thread 0x0000000142870a00 Exception <a 'java/lang/NoSuchMethodError'{0x0000000787627d98}: 'java.lang.Object java.lang.invoke.DirectMethodHandle$Holder.newInvokeSpecial(java.lang.Object, long)'> (0x0000000787627d98) 
thrown [src/hotspot/share/interpreter/linkResolver.cpp, line 773]
Event: 1089.971 Thread 0x0000000142870a00 Implicit null exception at 0x0000000116fba5b8 to 0x0000000116fbc378

ZGC Phase Switch (0 events):
No events

VM Operations (20 events):
Event: 12675.797 Executing VM operation: HandshakeAllThreads (HandshakeForDeflation)
Event: 12675.797 Executing VM operation: HandshakeAllThreads (HandshakeForDeflation) done
Event: 12675.797 Executing VM operation: RendezvousGCThreads
Event: 12675.797 Executing VM operation: RendezvousGCThreads done
Event: 12735.867 Executing VM operation: HandshakeAllThreads (HandshakeForDeflation)
Event: 12735.867 Executing VM operation: HandshakeAllThreads (HandshakeForDeflation) done
Event: 12735.867 Executing VM operation: RendezvousGCThreads
Event: 12735.867 Executing VM operation: RendezvousGCThreads done
Event: 12740.193 Executing VM operation: G1CollectForAllocation (G1 Evacuation Pause)
Event: 12740.195 Executing VM operation: G1CollectForAllocation (G1 Evacuation Pause) done
Event: 12795.876 Executing VM operation: HandshakeAllThreads (HandshakeForDeflation)
Event: 12795.876 Executing VM operation: HandshakeAllThreads (HandshakeForDeflation) done
Event: 12795.876 Executing VM operation: RendezvousGCThreads
Event: 12795.876 Executing VM operation: RendezvousGCThreads done
Event: 12855.928 Executing VM operation: HandshakeAllThreads (HandshakeForDeflation)
Event: 12855.928 Executing VM operation: HandshakeAllThreads (HandshakeForDeflation) done
Event: 12855.929 Executing VM operation: RendezvousGCThreads
Event: 12855.929 Executing VM operation: RendezvousGCThreads done
Event: 12915.409 Executing VM operation: G1CollectForAllocation (G1 Evacuation Pause)
Event: 12915.412 Executing VM operation: G1CollectForAllocation (G1 Evacuation Pause) done

Events (20 events):
Event: 0.015 Thread 0x0000000142014800 Thread added: 0x0000000142014800
Event: 0.015 Protecting memory [0x000000016d898000,0x000000016d8a4000] with protection modes 0
Event: 0.016 Thread 0x0000000142015000 Thread added: 0x0000000142015000
Event: 0.016 Protecting memory [0x000000016daa4000,0x000000016dab0000] with protection modes 0
Event: 0.065 Protecting memory [0x000000016b044000,0x000000016b050000] with protection modes 0
Event: 0.065 Thread 0x0000000142808200 Thread added: 0x0000000142808200
Event: 0.114 Thread 0x000000014216b000 Thread added: 0x000000014216b000
Event: 0.114 Protecting memory [0x000000016dcb0000,0x000000016dcbc000] with protection modes 0
Event: 0.236 Thread 0x0000000142864600 Thread added: 0x0000000142864600
Event: 0.236 Protecting memory [0x000000016dfd4000,0x000000016dfe0000] with protection modes 0
Event: 0.237 Thread 0x0000000152175400 Thread added: 0x0000000152175400
Event: 0.237 Protecting memory [0x000000016e1e0000,0x000000016e1ec000] with protection modes 0
Event: 0.258 Thread 0x0000000142870a00 Thread added: 0x0000000142870a00
Event: 0.258 Protecting memory [0x000000016e3ec000,0x000000016e3f8000] with protection modes 0
Event: 0.259 Protecting memory [0x000000016b8cc000,0x000000016b8d8000] with protection modes 3
Event: 0.259 Thread 0x0000000152019800 Thread exited: 0x0000000152019800
Event: 0.259 Protecting memory [0x000000016b8cc000,0x000000016b8d8000] with protection modes 0
Event: 0.259 Thread 0x0000000142863e00 Thread added: 0x0000000142863e00
Event: 0.337 Thread 0x00000001521ff800 Thread added: 0x00000001521ff800
Event: 0.337 Protecting memory [0x000000016e710000,0x000000016e71c000] with protection modes 0


Dynamic libraries:
0x0000000104a48000 	/Applications/Apache NetBeans.app/Contents/Home/lib/libjli.dylib
0x00000001a4512000 	/System/Library/Frameworks/Cocoa.framework/Versions/A/Cocoa
0x000000018e067000 	/System/Library/Frameworks/AppKit.framework/Versions/C/AppKit
0x00000001910af000 	/System/Library/Frameworks/CoreData.framework/Versions/A/CoreData
0x000000018b973000 	/System/Library/Frameworks/Foundation.framework/Versions/C/Foundation
0x0000000197092000 	/usr/lib/libSystem.B.dylib
0x000000018f393000 	/System/Library/PrivateFrameworks/UIFoundation.framework/Versions/A/UIFoundation
0x0000000201392000 	/System/Library/PrivateFrameworks/CollectionViewCore.framework/Versions/A/CollectionViewCore
0x000000019e23f000 	/System/Library/PrivateFrameworks/RemoteViewServices.framework/Versions/A/RemoteViewServices
0x0000000195132000 	/System/Library/PrivateFrameworks/XCTTargetBootstrap.framework/Versions/A/XCTTargetBootstrap
0x000000019967d000 	/System/Library/PrivateFrameworks/InternationalSupport.framework/Versions/A/InternationalSupport
0x0000000199705000 	/System/Library/PrivateFrameworks/UserActivity.framework/Versions/A/UserActivity
0x00000002236fb000 	/System/Library/PrivateFrameworks/WindowManagement.framework/Versions/A/WindowManagement
0x000000018b5fc000 	/System/Library/Frameworks/SystemConfiguration.framework/Versions/A/SystemConfiguration
0x0000000198b1e000 	/usr/lib/libspindump.dylib
0x000000018f548000 	/System/Library/Frameworks/UniformTypeIdentifiers.framework/Versions/A/UniformTypeIdentifiers
0x0000000193085000 	/usr/lib/libapp_launch_measurement.dylib
0x0000000192497000 	/System/Library/PrivateFrameworks/CoreAnalytics.framework/Versions/A/CoreAnalytics
0x000000019308c000 	/System/Library/PrivateFrameworks/CoreAutoLayout.framework/Versions/A/CoreAutoLayout
0x000000019495c000 	/System/Library/Frameworks/Metal.framework/Versions/A/Metal
0x00000001958a2000 	/usr/lib/liblangid.dylib
0x0000000195138000 	/System/Library/PrivateFrameworks/CoreSVG.framework/Versions/A/CoreSVG
0x000000018ff02000 	/System/Library/PrivateFrameworks/SkyLight.framework/Versions/A/SkyLight
0x000000019039a000 	/System/Library/Frameworks/CoreGraphics.framework/Versions/A/CoreGraphics
0x000000019e987000 	/System/Library/Frameworks/Accelerate.framework/Versions/A/Accelerate
0x000000019897c000 	/System/Library/PrivateFrameworks/IconServices.framework/Versions/A/IconServices
0x000000019493a000 	/System/Library/Frameworks/IOSurface.framework/Versions/A/IOSurface
0x00000001924c6000 	/usr/lib/libDiagnosticMessagesClient.dylib
0x0000000196fd5000 	/usr/lib/libz.1.dylib
0x00000001a207f000 	/System/Library/Frameworks/ApplicationServices.framework/Versions/A/ApplicationServices
0x000000019511a000 	/System/Library/PrivateFrameworks/DFRFoundation.framework/Versions/A/DFRFoundation
0x000000018d8d3000 	/usr/lib/libicucore.A.dylib
0x000000019a6e3000 	/System/Library/Frameworks/AudioToolbox.framework/Versions/A/AudioToolbox
0x000000019968a000 	/System/Library/PrivateFrameworks/DataDetectorsCore.framework/Versions/A/DataDetectorsCore
0x00000001b297c000 	/System/Library/PrivateFrameworks/TextInput.framework/Versions/A/TextInput
0x000000018fe55000 	/usr/lib/libMobileGestalt.dylib
0x0000000194e5a000 	/System/Library/Frameworks/Carbon.framework/Versions/A/Frameworks/HIToolbox.framework/Versions/A/HIToolbox
0x0000000192998000 	/System/Library/Frameworks/QuartzCore.framework/Versions/A/QuartzCore
0x000000018d511000 	/System/Library/Frameworks/Security.framework/Versions/A/Security
0x000000019e27f000 	/System/Library/Frameworks/Carbon.framework/Versions/A/Frameworks/SpeechRecognition.framework/Versions/A/SpeechRecognition
0x0000000192db3000 	/System/Library/PrivateFrameworks/CoreUI.framework/Versions/A/CoreUI
0x000000018ce1d000 	/System/Library/Frameworks/CoreAudio.framework/Versions/A/CoreAudio
0x00000001925aa000 	/System/Library/Frameworks/DiskArbitration.framework/Versions/A/DiskArbitration
0x0000000198f75000 	/System/Library/PrivateFrameworks/MultitouchSupport.framework/Versions/A/MultitouchSupport
0x000000018fe53000 	/usr/lib/libenergytrace.dylib
0x00000001a84e7000 	/System/Library/PrivateFrameworks/RenderBox.framework/Versions/A/RenderBox
0x000000018df1d000 	/System/Library/Frameworks/IOKit.framework/Versions/A/IOKit
0x000000019e683000 	/System/Library/Frameworks/CoreServices.framework/Versions/A/CoreServices
0x0000000193011000 	/System/Library/PrivateFrameworks/PerformanceAnalysis.framework/Versions/A/PerformanceAnalysis
0x00000001f2fe7000 	/System/Library/Frameworks/OpenGL.framework/Versions/A/OpenGL
0x00000001930d6000 	/usr/lib/libxml2.2.dylib
0x00000001964cf000 	/System/Library/PrivateFrameworks/MobileKeyBag.framework/Versions/A/MobileKeyBag
0x000000018a410000 	/usr/lib/libobjc.A.dylib
0x000000018a6fa000 	/usr/lib/libc++.1.dylib
0x000000019e600000 	/System/Library/Frameworks/Accessibility.framework/Versions/A/Accessibility
0x0000000190a78000 	/System/Library/Frameworks/ColorSync.framework/Versions/A/ColorSync
0x000000018a846000 	/System/Library/Frameworks/CoreFoundation.framework/Versions/A/CoreFoundation
0x000000019548e000 	/System/Library/Frameworks/CoreImage.framework/Versions/A/CoreImage
0x000000018cc29000 	/System/Library/Frameworks/CoreText.framework/Versions/A/CoreText
0x00000001f77e9000 	/System/Library/Frameworks/CoreTransferable.framework/Versions/A/CoreTransferable
0x00000001f7ccb000 	/System/Library/Frameworks/DeveloperToolsSupport.framework/Versions/A/DeveloperToolsSupport
0x0000000195173000 	/System/Library/Frameworks/ImageIO.framework/Versions/A/ImageIO
0x00000001fbc19000 	/System/Library/Frameworks/Symbols.framework/Versions/A/Symbols
0x0000000197098000 	/System/Library/PrivateFrameworks/SoftLinking.framework/Versions/A/SoftLinking
0x000000019a0b5000 	/usr/lib/swift/libswiftCore.dylib
0x00000001af6b0000 	/usr/lib/swift/libswiftCoreFoundation.dylib
0x00000001ad341000 	/usr/lib/swift/libswiftCoreGraphics.dylib
0x00000001af6fc000 	/usr/lib/swift/libswiftCoreImage.dylib
0x00000001ad348000 	/usr/lib/swift/libswiftDarwin.dylib
0x000000019fcf7000 	/usr/lib/swift/libswiftDispatch.dylib
0x00000001af6fd000 	/usr/lib/swift/libswiftIOKit.dylib
0x00000001bb0bc000 	/usr/lib/swift/libswiftMetal.dylib
0x00000001c7a66000 	/usr/lib/swift/libswiftOSLog.dylib
0x00000001a24eb000 	/usr/lib/swift/libswiftObjectiveC.dylib
0x00000001bece7000 	/usr/lib/swift/libswiftQuartzCore.dylib
0x00000001c2d3e000 	/usr/lib/swift/libswiftUniformTypeIdentifiers.dylib
0x00000001af6c6000 	/usr/lib/swift/libswiftXPC.dylib
0x000000022ba08000 	/usr/lib/swift/libswift_Concurrency.dylib
0x00000001a24ef000 	/usr/lib/swift/libswiftos.dylib
0x00000001b28e0000 	/usr/lib/swift/libswiftsimd.dylib
0x0000000197246000 	/usr/lib/libcompression.dylib
0x00000001995d7000 	/System/Library/PrivateFrameworks/TextureIO.framework/Versions/A/TextureIO
0x000000019862f000 	/usr/lib/libate.dylib
0x000000019708c000 	/usr/lib/system/libcache.dylib
0x0000000197047000 	/usr/lib/system/libcommonCrypto.dylib
0x0000000197073000 	/usr/lib/system/libcompiler_rt.dylib
0x0000000197069000 	/usr/lib/system/libcopyfile.dylib
0x000000018a55b000 	/usr/lib/system/libcorecrypto.dylib
0x000000018a631000 	/usr/lib/system/libdispatch.dylib
0x000000018a7ec000 	/usr/lib/system/libdyld.dylib
0x0000000197082000 	/usr/lib/system/libkeymgr.dylib
0x000000019701f000 	/usr/lib/system/libmacho.dylib
0x00000001965b5000 	/usr/lib/system/libquarantine.dylib
0x000000019707f000 	/usr/lib/system/libremovefile.dylib
0x000000018fec9000 	/usr/lib/system/libsystem_asl.dylib
0x000000018a4f4000 	/usr/lib/system/libsystem_blocks.dylib
0x000000018a67b000 	/usr/lib/system/libsystem_c.dylib
0x0000000197077000 	/usr/lib/system/libsystem_collections.dylib
0x0000000195891000 	/usr/lib/system/libsystem_configuration.dylib
0x0000000194910000 	/usr/lib/system/libsystem_containermanager.dylib
0x0000000196cbb000 	/usr/lib/system/libsystem_coreservices.dylib
0x000000018db8c000 	/usr/lib/system/libsystem_darwin.dylib
0x000000022bd35000 	/usr/lib/system/libsystem_darwindirectory.dylib
0x0000000197083000 	/usr/lib/system/libsystem_dnssd.dylib
0x000000018a678000 	/usr/lib/system/libsystem_featureflags.dylib
0x000000018a819000 	/usr/lib/system/libsystem_info.dylib
0x0000000196fe4000 	/usr/lib/system/libsystem_m.dylib
0x000000018a5fa000 	/usr/lib/system/libsystem_malloc.dylib
0x000000018fe39000 	/usr/lib/system/libsystem_networkextension.dylib
0x000000018dfff000 	/usr/lib/system/libsystem_notify.dylib
0x0000000195896000 	/usr/lib/system/libsystem_sandbox.dylib
0x000000019707c000 	/usr/lib/system/libsystem_secinit.dylib
0x000000018a7a4000 	/usr/lib/system/libsystem_kernel.dylib
0x000000018a812000 	/usr/lib/system/libsystem_platform.dylib
0x000000018a7df000 	/usr/lib/system/libsystem_pthread.dylib
0x00000001918a1000 	/usr/lib/system/libsystem_symptoms.dylib
0x000000018a540000 	/usr/lib/system/libsystem_trace.dylib
0x0000000197055000 	/usr/lib/system/libunwind.dylib
0x000000018a4f9000 	/usr/lib/system/libxpc.dylib
0x000000018a788000 	/usr/lib/libc++abi.dylib
0x0000000197061000 	/usr/lib/liboah.dylib
0x00000001984e2000 	/usr/lib/liblzma.5.dylib
0x0000000197094000 	/usr/lib/libfakelink.dylib
0x000000018fa65000 	/System/Library/Frameworks/CFNetwork.framework/Versions/A/CFNetwork
0x00000001970e8000 	/usr/lib/libarchive.2.dylib
0x000000019c56a000 	/System/Library/Frameworks/Combine.framework/Versions/A/Combine
0x00000002013a6000 	/System/Library/PrivateFrameworks/CollectionsInternal.framework/Versions/A/CollectionsInternal
0x0000000216b75000 	/System/Library/PrivateFrameworks/ReflectionInternal.framework/Versions/A/ReflectionInternal
0x0000000217122000 	/System/Library/PrivateFrameworks/RuntimeInternal.framework/Versions/A/RuntimeInternal
0x000000022bb51000 	/usr/lib/swift/libswift_StringProcessing.dylib
0x000000018de9c000 	/System/Library/PrivateFrameworks/CoreServicesInternal.framework/Versions/A/CoreServicesInternal
0x00000001965dc000 	/usr/lib/libbsm.0.dylib
0x0000000197027000 	/usr/lib/system/libkxld.dylib
0x000000019304d000 	/System/Library/Frameworks/CoreServices.framework/Versions/A/Frameworks/FSEvents.framework/Versions/A/FSEvents
0x000000018db97000 	/System/Library/Frameworks/CoreServices.framework/Versions/A/Frameworks/CarbonCore.framework/Versions/A/CarbonCore
0x000000019250f000 	/System/Library/Frameworks/CoreServices.framework/Versions/A/Frameworks/Metadata.framework/Versions/A/Metadata
0x0000000196cc1000 	/System/Library/Frameworks/CoreServices.framework/Versions/A/Frameworks/OSServices.framework/Versions/A/OSServices
0x0000000197171000 	/System/Library/Frameworks/CoreServices.framework/Versions/A/Frameworks/SearchKit.framework/Versions/A/SearchKit
0x0000000191823000 	/System/Library/Frameworks/CoreServices.framework/Versions/A/Frameworks/AE.framework/Versions/A/AE
0x000000018ad1e000 	/System/Library/Frameworks/CoreServices.framework/Versions/A/Frameworks/LaunchServices.framework/Versions/A/LaunchServices
0x000000019848b000 	/System/Library/Frameworks/CoreServices.framework/Versions/A/Frameworks/DictionaryServices.framework/Versions/A/DictionaryServices
0x000000019305a000 	/System/Library/Frameworks/CoreServices.framework/Versions/A/Frameworks/SharedFileList.framework/Versions/A/SharedFileList
0x0000000197210000 	/usr/lib/libapple_nghttp2.dylib
0x00000001914a5000 	/usr/lib/libsqlite3.dylib
0x00000001918aa000 	/System/Library/Frameworks/Network.framework/Versions/A/Network
0x000000022a49e000 	/usr/lib/libCoreEntitlements.dylib
0x0000000211ec0000 	/System/Library/PrivateFrameworks/MessageSecurity.framework/Versions/A/MessageSecurity
0x000000019148b000 	/System/Library/PrivateFrameworks/ProtocolBuffer.framework/Versions/A/ProtocolBuffer
0x0000000196bea000 	/System/Library/PrivateFrameworks/AppleFSCompression.framework/Versions/A/AppleFSCompression
0x00000001965c4000 	/usr/lib/libcoretls.dylib
0x00000001984fb000 	/usr/lib/libcoretls_cfhelpers.dylib
0x0000000197240000 	/usr/lib/libpam.2.dylib
0x000000019856c000 	/usr/lib/libxar.1.dylib
0x0000000198953000 	/usr/lib/libheimdal-asn1.dylib
0x000000018fa64000 	/usr/lib/libnetwork.dylib
0x0000000197099000 	/usr/lib/libpcap.A.dylib
0x0000000191897000 	/usr/lib/libdns_services.dylib
0x000000019589e000 	/System/Library/PrivateFrameworks/AppleSystemInfo.framework/Versions/A/AppleSystemInfo
0x00000001962c5000 	/System/Library/PrivateFrameworks/IOMobileFramebuffer.framework/Versions/A/IOMobileFramebuffer
0x000000022baa5000 	/usr/lib/swift/libswift_RegexParser.dylib
0x0000000196cae000 	/usr/lib/libbz2.1.0.dylib
0x00000001965b8000 	/usr/lib/libCheckFix.dylib
0x000000018fee1000 	/System/Library/PrivateFrameworks/TCC.framework/Versions/A/TCC
0x00000001958a4000 	/System/Library/PrivateFrameworks/CoreNLP.framework/Versions/A/CoreNLP
0x00000001924c8000 	/System/Library/PrivateFrameworks/MetadataUtilities.framework/Versions/A/MetadataUtilities
0x00000001965ee000 	/usr/lib/libmecab.dylib
0x000000018b68f000 	/usr/lib/libCRFSuite.dylib
0x000000019664a000 	/usr/lib/libgermantok.dylib
0x00000001971e8000 	/usr/lib/libThaiTokenizer.dylib
0x00000001925b3000 	/System/Library/Frameworks/Accelerate.framework/Versions/A/Frameworks/vImage.framework/Versions/A/vImage
0x000000019e65a000 	/System/Library/Frameworks/Accelerate.framework/Versions/A/Frameworks/vecLib.framework/Versions/A/vecLib
0x00000001985b3000 	/System/Library/Frameworks/Accelerate.framework/Versions/A/Frameworks/vecLib.framework/Versions/A/libvMisc.dylib
0x00000001961a1000 	/System/Library/Frameworks/Accelerate.framework/Versions/A/Frameworks/vecLib.framework/Versions/A/libvDSP.dylib
0x000000018b11e000 	/System/Library/Frameworks/Accelerate.framework/Versions/A/Frameworks/vecLib.framework/Versions/A/libBLAS.dylib
0x0000000197319000 	/System/Library/Frameworks/Accelerate.framework/Versions/A/Frameworks/vecLib.framework/Versions/A/libLAPACK.dylib
0x000000019664d000 	/System/Library/Frameworks/Accelerate.framework/Versions/A/Frameworks/vecLib.framework/Versions/A/libLinearAlgebra.dylib
0x000000019722b000 	/System/Library/Frameworks/Accelerate.framework/Versions/A/Frameworks/vecLib.framework/Versions/A/libSparseBLAS.dylib
0x0000000197314000 	/System/Library/Frameworks/Accelerate.framework/Versions/A/Frameworks/vecLib.framework/Versions/A/libQuadrature.dylib
0x00000001959c6000 	/System/Library/Frameworks/Accelerate.framework/Versions/A/Frameworks/vecLib.framework/Versions/A/libBNNS.dylib
0x000000018b595000 	/System/Library/Frameworks/Accelerate.framework/Versions/A/Frameworks/vecLib.framework/Versions/A/libSparse.dylib
0x0000000210736000 	/System/Library/PrivateFrameworks/MIL.framework/Versions/A/MIL
0x00000001970cf000 	/usr/lib/libiconv.2.dylib
0x000000019701b000 	/usr/lib/libcharset.1.dylib
0x000000019302d000 	/System/Library/Frameworks/OpenDirectory.framework/Versions/A/Frameworks/CFOpenDirectory.framework/Versions/A/CFOpenDirectory
0x000000019301d000 	/System/Library/Frameworks/OpenDirectory.framework/Versions/A/OpenDirectory
0x00000001984fd000 	/System/Library/PrivateFrameworks/APFS.framework/Versions/A/APFS
0x00000001964f5000 	/System/Library/Frameworks/SecurityFoundation.framework/Versions/A/SecurityFoundation
0x000000019857b000 	/usr/lib/libutil.dylib
0x000000020e91d000 	/System/Library/PrivateFrameworks/InstalledContentLibrary.framework/Versions/A/InstalledContentLibrary
0x000000018dedc000 	/System/Library/PrivateFrameworks/CoreServicesStore.framework/Versions/A/CoreServicesStore
0x00000001fef5e000 	/System/Library/PrivateFrameworks/AppleMobileFileIntegrity.framework/Versions/A/AppleMobileFileIntegrity
0x00000001af68e000 	/usr/lib/libmis.dylib
0x00000001bf1ae000 	/System/Library/PrivateFrameworks/MobileSystemServices.framework/Versions/A/MobileSystemServices
0x00000001f044f000 	/System/Library/PrivateFrameworks/ConfigProfileHelper.framework/Versions/A/ConfigProfileHelper
0x00000001971ea000 	/System/Library/PrivateFrameworks/AppleSauce.framework/Versions/A/AppleSauce
0x000000018c5bb000 	/System/Library/PrivateFrameworks/LanguageModeling.framework/Versions/A/LanguageModeling
0x000000019857f000 	/usr/lib/libxslt.1.dylib
0x00000001970d6000 	/usr/lib/libcmph.dylib
0x0000000196292000 	/System/Library/PrivateFrameworks/CoreEmoji.framework/Versions/A/CoreEmoji
0x00000001959c0000 	/System/Library/PrivateFrameworks/LinguisticData.framework/Versions/A/LinguisticData
0x000000018b4a8000 	/System/Library/PrivateFrameworks/Lexicon.framework/Versions/A/Lexicon
0x0000000196583000 	/System/Library/PrivateFrameworks/BackgroundTaskManagement.framework/Versions/A/BackgroundTaskManagement
0x000000022a687000 	/usr/lib/libTLE.dylib
0x0000000198e3b000 	/System/Library/PrivateFrameworks/AppleJPEG.framework/Versions/A/AppleJPEG
0x0000000198938000 	/usr/lib/libexpat.1.dylib
0x0000000199435000 	/System/Library/Frameworks/ImageIO.framework/Versions/A/Resources/libPng.dylib
0x0000000199460000 	/System/Library/Frameworks/ImageIO.framework/Versions/A/Resources/libTIFF.dylib
0x000000019954b000 	/System/Library/Frameworks/ImageIO.framework/Versions/A/Resources/libGIF.dylib
0x0000000198e81000 	/System/Library/Frameworks/ImageIO.framework/Versions/A/Resources/libJP2.dylib
0x00000001994f0000 	/System/Library/Frameworks/ImageIO.framework/Versions/A/Resources/libJPEG.dylib
0x00000001994e7000 	/System/Library/Frameworks/ImageIO.framework/Versions/A/Resources/libRadiance.dylib
0x0000000194cf5000 	/System/Library/PrivateFrameworks/FontServices.framework/libFontParser.dylib
0x00000001917c1000 	/System/Library/PrivateFrameworks/RunningBoardServices.framework/Versions/A/RunningBoardServices
0x00000001a4da7000 	/System/Library/PrivateFrameworks/IOSurfaceAccelerator.framework/Versions/A/IOSurfaceAccelerator
0x0000000198f71000 	/System/Library/PrivateFrameworks/WatchdogClient.framework/Versions/A/WatchdogClient
0x000000018c79e000 	/System/Library/Frameworks/CoreDisplay.framework/Versions/A/CoreDisplay
0x0000000194bae000 	/System/Library/Frameworks/CoreMedia.framework/Versions/A/CoreMedia
0x0000000194952000 	/System/Library/PrivateFrameworks/IOAccelerator.framework/Versions/A/IOAccelerator
0x00000001931c0000 	/System/Library/Frameworks/CoreVideo.framework/Versions/A/CoreVideo
0x000000019723e000 	/System/Library/Frameworks/MetalPerformanceShaders.framework/Versions/A/MetalPerformanceShaders
0x0000000198fb4000 	/System/Library/Frameworks/VideoToolbox.framework/Versions/A/VideoToolbox
0x000000019325b000 	/System/Library/PrivateFrameworks/UserManagement.framework/Versions/A/UserManagement
0x00000001916f0000 	/System/Library/PrivateFrameworks/BaseBoard.framework/Versions/A/BaseBoard
0x000000019589c000 	/System/Library/PrivateFrameworks/AggregateDictionary.framework/Versions/A/AggregateDictionary
0x00000001feede000 	/System/Library/PrivateFrameworks/AppleKeyStore.framework/Versions/A/AppleKeyStore
0x00000001994e2000 	/System/Library/PrivateFrameworks/GPUWrangler.framework/Versions/A/GPUWrangler
0x00000001994c2000 	/System/Library/PrivateFrameworks/IOPresentment.framework/Versions/A/IOPresentment
0x00000001994ea000 	/System/Library/PrivateFrameworks/DSExternalDisplay.framework/Versions/A/DSExternalDisplay
0x000000020aa8b000 	/System/Library/PrivateFrameworks/GPUCompiler.framework/Versions/32023/Libraries/libllvm-flatbuffers.dylib
0x00000001f2fda000 	/System/Library/Frameworks/OpenGL.framework/Versions/A/Libraries/libCoreFSCache.dylib
0x0000000207cc3000 	/System/Library/PrivateFrameworks/GPUCompiler.framework/Versions/32023/Libraries/libGPUCompilerUtils.dylib
0x0000000199551000 	/System/Library/PrivateFrameworks/CMCaptureCore.framework/Versions/A/CMCaptureCore
0x00000001f7dd0000 	/System/Library/Frameworks/ExtensionFoundation.framework/Versions/A/ExtensionFoundation
0x00000001a053c000 	/System/Library/PrivateFrameworks/CoreTime.framework/Versions/A/CoreTime
0x0000000198b09000 	/System/Library/PrivateFrameworks/AppServerSupport.framework/Versions/A/AppServerSupport
0x000000019b063000 	/System/Library/PrivateFrameworks/perfdata.framework/Versions/A/perfdata
0x000000018c8c2000 	/System/Library/PrivateFrameworks/AudioToolboxCore.framework/Versions/A/AudioToolboxCore
0x0000000194b84000 	/System/Library/PrivateFrameworks/caulk.framework/Versions/A/caulk
0x000000019a8de000 	/usr/lib/libAudioStatistics.dylib
0x00000001ae9ea000 	/System/Library/PrivateFrameworks/SystemPolicy.framework/Versions/A/SystemPolicy
0x000000019abb6000 	/usr/lib/libSMC.dylib
0x00000001a43a1000 	/System/Library/Frameworks/CoreMIDI.framework/Versions/A/CoreMIDI
0x00000001993fc000 	/usr/lib/libAudioToolboxUtility.dylib
0x00000001aa18c000 	/System/Library/PrivateFrameworks/OSAServicesClient.framework/Versions/A/OSAServicesClient
0x000000019b071000 	/usr/lib/libperfcheck.dylib
0x0000000198822000 	/System/Library/PrivateFrameworks/PlugInKit.framework/Versions/A/PlugInKit
0x00000001964e7000 	/System/Library/PrivateFrameworks/AssertionServices.framework/Versions/A/AssertionServices
0x00000001a34b5000 	/System/Library/PrivateFrameworks/ASEProcessing.framework/Versions/A/ASEProcessing
0x00000001cae1f000 	/System/Library/PrivateFrameworks/Symbolication.framework/Versions/A/Symbolication
0x0000000215be2000 	/System/Library/PrivateFrameworks/PhotosensitivityProcessing.framework/Versions/A/PhotosensitivityProcessing
0x0000000198abb000 	/System/Library/PrivateFrameworks/GraphVisualizer.framework/Versions/A/GraphVisualizer
0x00000001f303c000 	/System/Library/Frameworks/OpenGL.framework/Versions/A/Libraries/libGLU.dylib
0x00000001f2ffb000 	/System/Library/Frameworks/OpenGL.framework/Versions/A/Libraries/libGFXShared.dylib
0x00000001f31d4000 	/System/Library/Frameworks/OpenGL.framework/Versions/A/Libraries/libGL.dylib
0x00000001f3004000 	/System/Library/Frameworks/OpenGL.framework/Versions/A/Libraries/libGLImage.dylib
0x00000001f2ff8000 	/System/Library/Frameworks/OpenGL.framework/Versions/A/Libraries/libCVMSPluginSupport.dylib
0x000000022a640000 	/usr/lib/libRosetta.dylib
0x00000001f2fe1000 	/System/Library/Frameworks/OpenGL.framework/Versions/A/Libraries/libCoreVMClient.dylib
0x000000020607d000 	/System/Library/PrivateFrameworks/FontServices.framework/Versions/A/FontServices
0x0000000198ac7000 	/System/Library/PrivateFrameworks/OTSVG.framework/Versions/A/OTSVG
0x0000000192d61000 	/System/Library/Frameworks/ApplicationServices.framework/Versions/A/Frameworks/ATS.framework/Versions/A/Resources/libFontRegistry.dylib
0x0000000198b13000 	/System/Library/PrivateFrameworks/FontServices.framework/libhvf.dylib
0x000000020607e000 	/System/Library/PrivateFrameworks/FontServices.framework/libXTFontStaticRegistryData.dylib
0x0000000195813000 	/System/Library/Frameworks/MetalPerformanceShaders.framework/Versions/A/Frameworks/MPSCore.framework/Versions/A/MPSCore
0x0000000196b5d000 	/System/Library/Frameworks/MetalPerformanceShaders.framework/Versions/A/Frameworks/MPSImage.framework/Versions/A/MPSImage
0x0000000196662000 	/System/Library/Frameworks/MetalPerformanceShaders.framework/Versions/A/Frameworks/MPSNeuralNetwork.framework/Versions/A/MPSNeuralNetwork
0x0000000196a50000 	/System/Library/Frameworks/MetalPerformanceShaders.framework/Versions/A/Frameworks/MPSMatrix.framework/Versions/A/MPSMatrix
0x000000019685c000 	/System/Library/Frameworks/MetalPerformanceShaders.framework/Versions/A/Frameworks/MPSRayIntersector.framework/Versions/A/MPSRayIntersector
0x0000000196a7f000 	/System/Library/Frameworks/MetalPerformanceShaders.framework/Versions/A/Frameworks/MPSNDArray.framework/Versions/A/MPSNDArray
0x00000001f94a8000 	/System/Library/Frameworks/MetalPerformanceShaders.framework/Versions/A/Frameworks/MPSFunctions.framework/Versions/A/MPSFunctions
0x00000001f948a000 	/System/Library/Frameworks/MetalPerformanceShaders.framework/Versions/A/Frameworks/MPSBenchmarkLoop.framework/Versions/A/MPSBenchmarkLoop
0x000000018afd3000 	/System/Library/PrivateFrameworks/MetalTools.framework/Versions/A/MetalTools
0x00000001b3a9d000 	/System/Library/PrivateFrameworks/IOAccelMemoryInfo.framework/Versions/A/IOAccelMemoryInfo
0x00000001bf0bb000 	/System/Library/PrivateFrameworks/kperf.framework/Versions/A/kperf
0x00000001af6a2000 	/System/Library/PrivateFrameworks/GPURawCounter.framework/Versions/A/GPURawCounter
0x00000001a042c000 	/System/Library/PrivateFrameworks/CoreSymbolication.framework/Versions/A/CoreSymbolication
0x00000001af65f000 	/System/Library/PrivateFrameworks/MallocStackLogging.framework/Versions/A/MallocStackLogging
0x00000001986c9000 	/System/Library/PrivateFrameworks/CrashReporterSupport.framework/Versions/A/CrashReporterSupport
0x00000001a03e7000 	/System/Library/PrivateFrameworks/DebugSymbols.framework/Versions/A/DebugSymbols
0x00000001be3f9000 	/System/Library/PrivateFrameworks/OSAnalytics.framework/Versions/A/OSAnalytics
0x0000000221bb5000 	/System/Library/PrivateFrameworks/VideoToolboxParavirtualizationSupport.framework/Versions/A/VideoToolboxParavirtualizationSupport
0x00000001988ec000 	/System/Library/PrivateFrameworks/AppleVA.framework/Versions/A/AppleVA
0x000000019a926000 	/System/Library/Frameworks/ApplicationServices.framework/Versions/A/Frameworks/ATS.framework/Versions/A/ATS
0x0000000190c27000 	/System/Library/Frameworks/ApplicationServices.framework/Versions/A/Frameworks/HIServices.framework/Versions/A/HIServices
0x000000019955f000 	/System/Library/Frameworks/ApplicationServices.framework/Versions/A/Frameworks/PrintCore.framework/Versions/A/PrintCore
0x000000019ad0f000 	/System/Library/Frameworks/ApplicationServices.framework/Versions/A/Frameworks/QD.framework/Versions/A/QD
0x000000019ad03000 	/System/Library/Frameworks/ApplicationServices.framework/Versions/A/Frameworks/ColorSyncLegacy.framework/Versions/A/ColorSyncLegacy
0x000000019a8f6000 	/System/Library/Frameworks/ApplicationServices.framework/Versions/A/Frameworks/SpeechSynthesis.framework/Versions/A/SpeechSynthesis
0x000000019951b000 	/System/Library/Frameworks/ApplicationServices.framework/Versions/A/Frameworks/ATSUI.framework/Versions/A/ATSUI
0x000000019ac96000 	/usr/lib/libcups.2.dylib
0x000000019b07f000 	/System/Library/Frameworks/Kerberos.framework/Versions/A/Kerberos
0x000000019b090000 	/System/Library/Frameworks/GSS.framework/Versions/A/GSS
0x000000019a9a5000 	/usr/lib/libresolv.9.dylib
0x0000000198b24000 	/System/Library/PrivateFrameworks/Heimdal.framework/Versions/A/Heimdal
0x00000001a2457000 	/System/Library/Frameworks/Kerberos.framework/Versions/A/Libraries/libHeimdalProxy.dylib
0x000000019b0ea000 	/System/Library/PrivateFrameworks/CommonAuth.framework/Versions/A/CommonAuth
0x00000001f6bd1000 	/System/Library/Frameworks/AVFAudio.framework/Versions/A/AVFAudio
0x00000001aa1db000 	/System/Library/PrivateFrameworks/AXCoreUtilities.framework/Versions/A/AXCoreUtilities
0x000000019a862000 	/System/Library/PrivateFrameworks/AudioSession.framework/Versions/A/AudioSession
0x000000019c30d000 	/System/Library/Frameworks/IOBluetooth.framework/Versions/A/IOBluetooth
0x00000001989f7000 	/System/Library/PrivateFrameworks/MediaExperience.framework/Versions/A/MediaExperience
0x000000019a6a5000 	/System/Library/PrivateFrameworks/AudioSession.framework/libSessionUtility.dylib
0x000000019ad1b000 	/System/Library/PrivateFrameworks/AudioResourceArbitration.framework/Versions/A/AudioResourceArbitration
0x000000019f3b1000 	/System/Library/PrivateFrameworks/PowerLog.framework/Versions/A/PowerLog
0x000000019f2d4000 	/System/Library/Frameworks/CoreBluetooth.framework/Versions/A/CoreBluetooth
0x00000001a2458000 	/System/Library/Frameworks/AudioUnit.framework/Versions/A/AudioUnit
0x0000000196352000 	/System/Library/PrivateFrameworks/CoreUtils.framework/Versions/A/CoreUtils
0x00000002044ee000 	/System/Library/PrivateFrameworks/CoreUtilsExtras.framework/Versions/A/CoreUtilsExtras
0x000000020e7b4000 	/System/Library/PrivateFrameworks/IO80211.framework/Versions/A/IO80211
0x00000001aa1f6000 	/usr/lib/libAccessibility.dylib
0x000000019e9d3000 	/System/Library/Frameworks/MediaAccessibility.framework/Versions/A/MediaAccessibility
0x000000019ff5a000 	/System/Library/PrivateFrameworks/FrontBoardServices.framework/Versions/A/FrontBoardServices
0x00000001a1a35000 	/System/Library/PrivateFrameworks/BackBoardServices.framework/Versions/A/BackBoardServices
0x00000001a0014000 	/System/Library/PrivateFrameworks/BoardServices.framework/Versions/A/BoardServices
0x000000019895e000 	/System/Library/PrivateFrameworks/IconFoundation.framework/Versions/A/IconFoundation
0x000000019e26b000 	/System/Library/PrivateFrameworks/SpeechRecognitionCore.framework/Versions/A/SpeechRecognitionCore
0x00000001ce222000 	/System/Library/Frameworks/OSLog.framework/Versions/A/OSLog
0x00000001af5ef000 	/System/Library/PrivateFrameworks/LoggingSupport.framework/Versions/A/LoggingSupport
0x0000000105c3c000 	/Applications/Apache NetBeans.app/Contents/Home/lib/server/libjvm.dylib
0x00000001045e8000 	/Applications/Apache NetBeans.app/Contents/Home/lib/libjimage.dylib
0x000000010462c000 	/Applications/Apache NetBeans.app/Contents/Home/lib/libjava.dylib
0x00000001048bc000 	/Applications/Apache NetBeans.app/Contents/Home/lib/libnio.dylib
0x000000010489c000 	/Applications/Apache NetBeans.app/Contents/Home/lib/libnet.dylib
0x00000001052e8000 	/Applications/Apache NetBeans.app/Contents/Home/lib/libawt.dylib
0x0000000104950000 	/Applications/Apache NetBeans.app/Contents/Home/lib/libmlib_image.dylib
0x00000001f8a20000 	/System/Library/Frameworks/JavaRuntimeSupport.framework/Versions/A/JavaRuntimeSupport
0x00000001ae386000 	/System/Library/Frameworks/Carbon.framework/Versions/A/Carbon
0x00000001a656e000 	/System/Library/Frameworks/Carbon.framework/Versions/A/Frameworks/CommonPanels.framework/Versions/A/CommonPanels
0x00000001a1d6d000 	/System/Library/Frameworks/Carbon.framework/Versions/A/Frameworks/Help.framework/Versions/A/Help
0x00000001a6572000 	/System/Library/Frameworks/Carbon.framework/Versions/A/Frameworks/ImageCapture.framework/Versions/A/ImageCapture
0x00000001a6546000 	/System/Library/Frameworks/Carbon.framework/Versions/A/Frameworks/OpenScripting.framework/Versions/A/OpenScripting
0x00000001a656a000 	/System/Library/Frameworks/Carbon.framework/Versions/A/Frameworks/Ink.framework/Versions/A/Ink
0x00000001a6566000 	/System/Library/Frameworks/Carbon.framework/Versions/A/Frameworks/SecurityHI.framework/Versions/A/SecurityHI
0x00000001054cc000 	/Applications/Apache NetBeans.app/Contents/Home/lib/libawt_lwawt.dylib
0x000000010490c000 	/Applications/Apache NetBeans.app/Contents/Home/lib/libosxapp.dylib
0x00000001ad3bd000 	/System/Library/Frameworks/ExceptionHandling.framework/Versions/A/ExceptionHandling
0x0000000105828000 	/Applications/Apache NetBeans.app/Contents/Home/lib/libfontmanager.dylib
0x00000001055fc000 	/Applications/Apache NetBeans.app/Contents/Home/lib/libfreetype.dylib
0x000000019f5f6000 	/System/Library/Frameworks/FileProvider.framework/Versions/A/FileProvider
0x0000000191656000 	/System/Library/Frameworks/Accounts.framework/Versions/A/Accounts
0x000000019f7a2000 	/System/Library/PrivateFrameworks/GenerationalStorage.framework/Versions/A/GenerationalStorage
0x000000019f3a5000 	/System/Library/PrivateFrameworks/SymptomDiagnosticReporter.framework/Versions/A/SymptomDiagnosticReporter
0x000000018f55e000 	/System/Library/PrivateFrameworks/DesktopServicesPriv.framework/Versions/A/DesktopServicesPriv
0x000000018e010000 	/usr/lib/libsandbox.1.dylib
0x000000019acf6000 	/System/Library/PrivateFrameworks/NetAuth.framework/Versions/A/NetAuth
0x000000019bf6e000 	/System/Library/PrivateFrameworks/Sharing.framework/Versions/A/Sharing
0x000000019321e000 	/System/Library/PrivateFrameworks/login.framework/Versions/A/Frameworks/loginsupport.framework/Versions/A/loginsupport
0x00000001a186e000 	/System/Library/PrivateFrameworks/Apple80211.framework/Versions/A/Apple80211
0x0000000196cf3000 	/System/Library/PrivateFrameworks/AuthKit.framework/Versions/A/AuthKit
0x00000001962d5000 	/System/Library/Frameworks/CoreWLAN.framework/Versions/A/CoreWLAN
0x00000001af6a6000 	/usr/lib/swift/libswiftCoreAudio.dylib
0x00000001b4814000 	/usr/lib/swift/libswiftCoreLocation.dylib
0x00000001986c0000 	/usr/lib/libIOReport.dylib
0x00000001a1872000 	/System/Library/PrivateFrameworks/CoreWiFi.framework/Versions/A/CoreWiFi
0x00000001d4fe6000 	/System/Library/PrivateFrameworks/WiFiPeerToPeer.framework/Versions/A/WiFiPeerToPeer
0x0000000196e8e000 	/System/Library/Frameworks/UserNotifications.framework/Versions/A/UserNotifications
0x000000019b227000 	/System/Library/PrivateFrameworks/CorePhoneNumbers.framework/Versions/A/CorePhoneNumbers
0x000000019a9d2000 	/System/Library/PrivateFrameworks/MultiverseSupport.framework/Versions/A/MultiverseSupport
0x00000001a1cc3000 	/System/Library/PrivateFrameworks/RemoteServiceDiscovery.framework/Versions/A/RemoteServiceDiscovery
0x000000019f4d2000 	/System/Library/PrivateFrameworks/DiskManagement.framework/Versions/A/DiskManagement
0x000000019f3d9000 	/System/Library/PrivateFrameworks/AppleIDAuthSupport.framework/Versions/A/AppleIDAuthSupport
0x00000001fcfd0000 	/System/Library/PrivateFrameworks/AAAFoundation.framework/Versions/A/AAAFoundation
0x000000019b1fa000 	/System/Library/PrivateFrameworks/KeychainCircle.framework/Versions/A/KeychainCircle
0x00000001a1cd7000 	/System/Library/PrivateFrameworks/RemoteXPC.framework/Versions/A/RemoteXPC
0x00000001a1d79000 	/usr/lib/libcsfde.dylib
0x0000000198868000 	/usr/lib/libCoreStorage.dylib
0x000000019f49e000 	/System/Library/PrivateFrameworks/MediaKit.framework/Versions/A/MediaKit
0x000000019f3e6000 	/System/Library/Frameworks/DiscRecording.framework/Versions/A/DiscRecording
0x000000019c3ec000 	/System/Library/PrivateFrameworks/ProtectedCloudStorage.framework/Versions/A/ProtectedCloudStorage
0x00000001a1d71000 	/System/Library/PrivateFrameworks/EFILogin.framework/Versions/A/EFILogin
0x000000019f7ca000 	/System/Library/PrivateFrameworks/OctagonTrust.framework/Versions/A/OctagonTrust
0x00000001947ff000 	/System/Library/Frameworks/CoreLocation.framework/Versions/A/CoreLocation
0x000000019c6a7000 	/System/Library/PrivateFrameworks/GeoServices.framework/Versions/A/GeoServices
0x000000019a66f000 	/System/Library/PrivateFrameworks/LocationSupport.framework/Versions/A/LocationSupport
0x000000020b71a000 	/System/Library/PrivateFrameworks/GeoServicesCore.framework/Versions/A/GeoServicesCore
0x00000001aa1d0000 	/System/Library/PrivateFrameworks/PhoneNumbers.framework/Versions/A/PhoneNumbers
0x0000000198860000 	/usr/lib/libMatch.1.dylib
0x00000001b7fef000 	/System/Library/CoreServices/RawCamera.bundle/Contents/MacOS/RawCamera
0x000000019b0fd000 	/System/Library/PrivateFrameworks/MobileAsset.framework/Versions/A/MobileAsset
0x00000001fed1e000 	/System/Library/PrivateFrameworks/AppleJPEGXL.framework/Versions/A/AppleJPEGXL
0x00000001b5170000 	/System/Library/PrivateFrameworks/SoftwareUpdateCoreSupport.framework/Versions/A/SoftwareUpdateCoreSupport
0x00000001bc4e7000 	/System/Library/PrivateFrameworks/SoftwareUpdateCoreConnect.framework/Versions/A/SoftwareUpdateCoreConnect
0x00000001a247e000 	/System/Library/PrivateFrameworks/StreamingZip.framework/Versions/A/StreamingZip
0x00000001b4e25000 	/System/Library/PrivateFrameworks/MSUDataAccessor.framework/Versions/A/MSUDataAccessor
0x00000001b10ea000 	/usr/lib/libbootpolicy.dylib
0x00000001c2f2a000 	/usr/lib/libpartition2_dynamic.dylib
0x0000000200306000 	/System/Library/PrivateFrameworks/CMPhoto.framework/Versions/A/CMPhoto
0x0000000199771000 	/System/Library/Frameworks/MediaToolbox.framework/Versions/A/MediaToolbox
0x000000019f5c2000 	/System/Library/PrivateFrameworks/CoreAVCHD.framework/Versions/A/CoreAVCHD
0x000000019f5be000 	/System/Library/PrivateFrameworks/Mangrove.framework/Versions/A/Mangrove
0x000000019fbcb000 	/System/Library/Frameworks/CoreTelephony.framework/Versions/A/CoreTelephony
0x000000019f5b2000 	/System/Library/PrivateFrameworks/CoreAUC.framework/Versions/A/CoreAUC
0x000000019b231000 	/usr/lib/libTelephonyUtilDynamic.dylib
0x00000001b47fa000 	/System/Library/Frameworks/Accelerate.framework/Versions/A/Frameworks/vImage.framework/Versions/A/Libraries/libCGInterfaces.dylib
0x0000000105ad4000 	/usr/lib/libobjc-trampolines.dylib
0x000000022a367000 	/usr/lib/libAccessibilityBaseImplementations.dylib
0x0000000198bf4000 	/System/Library/PrivateFrameworks/login.framework/Versions/A/login
0x00000001a012d000 	/System/Library/Frameworks/LocalAuthentication.framework/Versions/A/LocalAuthentication
0x00000002105ea000 	/System/Library/PrivateFrameworks/LocalAuthenticationCore.framework/Versions/A/LocalAuthenticationCore
0x00000001a017a000 	/System/Library/Frameworks/LocalAuthentication.framework/Support/SharedUtils.framework/Versions/A/SharedUtils
0x00000001a00c8000 	/System/Library/Frameworks/CryptoTokenKit.framework/Versions/A/CryptoTokenKit
0x0000000192f01000 	/System/Library/PrivateFrameworks/ViewBridge.framework/Versions/A/ViewBridge
0x0000000131cb8000 	/Applications/Apache NetBeans.app/Contents/Home/lib/libosxui.dylib
0x00000001f344b000 	/System/Library/Extensions/AGXMetal13_3.bundle/Contents/MacOS/AGXMetal13_3
0x00000001a9127000 	/System/Library/PrivateFrameworks/IOGPU.framework/Versions/A/IOGPU
0x00000001362a8000 	/Applications/Apache NetBeans.app/Contents/Home/lib/libjavajpeg.dylib
0x000000021e38e000 	/System/Library/PrivateFrameworks/TextInputUI.framework/Versions/A/TextInputUI
0x000000021e396000 	/System/Library/PrivateFrameworks/TextInputUIMacHelper.framework/Versions/A/TextInputUIMacHelper


VM Arguments:
jvm_args: -Dfile.encoding=UTF-8 
java_command: automatastarter.FrameForGame
java_class_path (initial): /Users/sophia/NetBeansProjects/simulation-gui-s0phia-12/build/classes
Launcher Type: SUN_STANDARD

[Global flags]
     intx CICompilerCount                          = 4                                         {product} {ergonomic}
     uint ConcGCThreads                            = 2                                         {product} {ergonomic}
     uint G1ConcRefinementThreads                  = 8                                         {product} {ergonomic}
   size_t G1HeapRegionSize                         = 1048576                                   {product} {ergonomic}
    uintx GCDrainStackTargetSize                   = 64                                        {product} {ergonomic}
   size_t InitialHeapSize                          = 134217728                                 {product} {ergonomic}
   size_t MarkStackSize                            = 4194304                                   {product} {ergonomic}
   size_t MaxHeapSize                              = 2147483648                                {product} {ergonomic}
   size_t MaxNewSize                               = 1287651328                                {product} {ergonomic}
   size_t MinHeapDeltaBytes                        = 1048576                                   {product} {ergonomic}
   size_t MinHeapSize                              = 8388608                                   {product} {ergonomic}
    uintx NonNMethodCodeHeapSize                   = 5839564                                {pd product} {ergonomic}
    uintx NonProfiledCodeHeapSize                  = 122909338                              {pd product} {ergonomic}
    uintx ProfiledCodeHeapSize                     = 122909338                              {pd product} {ergonomic}
    uintx ReservedCodeCacheSize                    = 251658240                              {pd product} {ergonomic}
     bool SegmentedCodeCache                       = true                                      {product} {ergonomic}
   size_t SoftMaxHeapSize                          = 2147483648                             {manageable} {ergonomic}
     bool UseCompressedOops                        = true                           {product lp64_product} {ergonomic}
     bool UseG1GC                                  = true                                      {product} {ergonomic}
     bool UseNUMA                                  = false                                     {product} {ergonomic}
     bool UseNUMAInterleaving                      = false                                     {product} {ergonomic}

Logging:
Log output configuration:
 #0: stdout all=warning uptime,level,tags foldmultilines=false
 #1: stderr all=off uptime,level,tags foldmultilines=false

Environment Variables:
PATH=/usr/bin:/bin:/usr/sbin:/sbin
SHELL=/bin/zsh
LC_CTYPE=UTF-8
TMPDIR=/var/folders/29/n0rj90xj4mgfb9q3qrdttcmw0000gn/T/

Active Locale:
LC_ALL=C/UTF-8/C/C/C/C
LC_COLLATE=C
LC_CTYPE=UTF-8
LC_MESSAGES=C
LC_MONETARY=C
LC_NUMERIC=C
LC_TIME=C

Signal Handlers:
   SIGSEGV: crash_handler in libjvm.dylib, mask=11100110000111110111111111111111, flags=SA_ONSTACK|SA_RESTART|SA_SIGINFO, unblocked
    SIGBUS: crash_handler in libjvm.dylib, mask=11100110000111110111111111111111, flags=SA_RESTART|SA_SIGINFO, unblocked
    SIGFPE: crash_handler in libjvm.dylib, mask=11100110000111110111111111111111, flags=SA_RESTART|SA_SIGINFO, unblocked
   SIGPIPE: javaSignalHandler in libjvm.dylib, mask=11100110000111110111111111111111, flags=SA_RESTART|SA_SIGINFO, blocked
   SIGXFSZ: javaSignalHandler in libjvm.dylib, mask=11100110000111110111111111111111, flags=SA_RESTART|SA_SIGINFO, blocked
    SIGILL: crash_handler in libjvm.dylib, mask=11100110000111110111111111111111, flags=SA_RESTART|SA_SIGINFO, unblocked
   SIGUSR2: SR_handler in libjvm.dylib, mask=00000000000000000000000000000000, flags=SA_RESTART|SA_SIGINFO, blocked
    SIGHUP: UserHandler in libjvm.dylib, mask=11100110000111110111111111111111, flags=SA_RESTART|SA_SIGINFO, blocked
    SIGINT: SIG_IGN, mask=00000000000000000000000000000000, flags=none, blocked
   SIGTERM: UserHandler in libjvm.dylib, mask=11100110000111110111111111111111, flags=SA_RESTART|SA_SIGINFO, blocked
   SIGQUIT: UserHandler in libjvm.dylib, mask=11100110000111110111111111111111, flags=SA_RESTART|SA_SIGINFO, blocked
   SIGTRAP: crash_handler in libjvm.dylib, mask=11100110000111110111111111111111, flags=SA_RESTART|SA_SIGINFO, unblocked


Periodic native trim disabled

---------------  S Y S T E M  ---------------

OS:
uname: Darwin 23.3.0 Darwin Kernel Version 23.3.0: Wed Dec 20 21:30:27 PST 2023; root:xnu-10002.81.5~7/RELEASE_ARM64_T8103 arm64
OS uptime: 5 days 22:30 hours
rlimit (soft/hard): STACK 8176k/65520k , CORE 0k/infinity , NPROC 1333/2000 , NOFILE 10240/infinity , AS infinity/infinity , CPU infinity/infinity , DATA infinity/infinity , FSIZE infinity/infinity , MEMLOCK infinity/infinity , RSS infinity/infinity
load average: 9.35 4.22 3.71

CPU: total 8 (initial active 8) 0x61:0x0:0x1b588bb3:0, fp, asimd, aes, pmull, sha1, sha256, crc32, lse, sha3, sha512
machdep.cpu.brand_string:Apple M1
hw.cachelinesize:128
hw.l1icachesize:131072
hw.l1dcachesize:65536
hw.l2cachesize:4194304

Memory: 16k page, physical 8388608k(2278768k free), swap 11534336k(1238464k free)

vm_info: OpenJDK 64-Bit Server VM (21.0.2+13-LTS) for bsd-aarch64 JRE (21.0.2+13-LTS) (Zulu21.32+17-CA), built on 2024-01-09T19:20:06Z by "tester" with clang Apple LLVM 14.0.3 (clang-1403.0.22.14.1)

END.
