#
# A fatal error has been detected by the Java Runtime Environment:
#
#  SIGSEGV (0xb) at pc=0x00000001931c1c84, pid=67424, tid=78343
#
# JRE version: OpenJDK Runtime Environment Zulu21.32+17-CA (21.0.2+13) (build 21.0.2+13-LTS)
# Java VM: OpenJDK 64-Bit Server VM Zulu21.32+17-CA (21.0.2+13-LTS, mixed mode, sharing, tiered, compressed oops, compressed class ptrs, g1 gc, bsd-aarch64)
# Problematic frame:
# C  [CoreVideo+0x1c84]  CVHWTime::reset()+0x38
#
# No core dump will be written. Core dumps have been disabled. To enable core dumping, try "ulimit -c unlimited" before starting Java again
#
# If you would like to submit a bug report, please visit:
#   http://www.azul.com/support/
#

---------------  S U M M A R Y ------------

Command Line: -Dfile.encoding=UTF-8 automatastarter.FrameForGame

Host: "MacBookAir10,1" arm64, 8 cores, 8G, Darwin 23.3.0, macOS 14.3.1 (23D60)
Time: Mon Oct  7 14:55:37 2024 EDT elapsed time: 4115.807849 seconds (0d 1h 8m 35s)

---------------  T H R E A D  ---------------

Current thread is native thread

Stack: [0x00000001707d0000,0x0000000170853000],  sp=0x0000000170852dc0,  free space=523k
Native frames: (J=compiled Java code, j=interpreted, Vv=VM code, C=native code)
C  [CoreVideo+0x1c84]  CVHWTime::reset()+0x38
C  [CoreVideo+0x277c]  CVXTime::reset()+0x34
C  [CoreVideo+0x24b0]  CVDisplayLink::runIOThread()+0xb4
C  [libsystem_pthread.dylib+0x7034]  _pthread_start+0x88

siginfo: si_signo: 11 (SIGSEGV), si_code: 2 (SEGV_ACCERR), si_addr: 0x000000000000023d

Registers:
 x0=0x0000000000000000  x1=0x00000001931da67c  x2=0x0000002c00001513  x3=0x00004b5f00013207
 x4=0x00000e2100000000  x5=0x00004b5f00000000  x6=0x000000000000002c  x7=0x0000000000000000
 x8=0x0000000000000075  x9=0x000000004d555458 x10=0x0000000000000000 x11=0x0000000000000000
x12=0x0000000000000000 x13=0x0000000000000000 x14=0x0000000000000000 x15=0x0000000000000000
x16=0x000000018a7e1d30 x17=0x00000001ea13c5b8 x18=0x0000000000000000 x19=0x0000600002bb71e8
x20=0x0000000153018038 x21=0x0000000000000000 x22=0x0000000000000000 x23=0x0000000000000000
x24=0x0000000000000000 x25=0x0000000000000000 x26=0x0000000000000000 x27=0x0000000000000000
x28=0x0000000000000000  fp=0x0000000170852de0  lr=0x9c7c8001931c1c7c  sp=0x0000000170852dc0
pc=0x00000001931c1c84 cpsr=0x0000000080001000

Top of Stack: (sp=0x0000000170852dc0)
0x0000000170852dc0:   0000600002bb71e8 0000000000000000
0x0000000170852dd0:   0000000153018038 0000600002bb71e0
0x0000000170852de0:   0000000170852e10 25630001931c277c
0x0000000170852df0:   0000600002bb71e0 250280018a7e0738
0x0000000170852e00:   0000000153018038 0000000153018020
0x0000000170852e10:   0000000170852fc0 ad598001931c24b0
0x0000000170852e20:   0000000000000017 0000000000000000
0x0000000170852e30:   0000000000000000 0000000000000000
0x0000000170852e40:   0000000000000000 0000000000000000
0x0000000170852e50:   0000000000000000 0000000000000000
0x0000000170852e60:   0000000000000000 0000000000000000
0x0000000170852e70:   0000000000000000 0000000201404410
0x0000000170852e80:   0001076000000000 000001f500010575
0x0000000170852e90:   000001f500000014 000001f500000014
0x0000000170852ea0:   0000000000000014 65686e006176616a
0x0000000170852eb0:   000000007265706c 65686e006176616a
0x0000000170852ec0:   000000007265706c 0000000000000000
0x0000000170852ed0:   0000000000000000 0001048f00000019
0x0000000170852ee0:   ffffffff00000001 0000000000000000
0x0000000170852ef0:   000000006703fd8a 00000000000883cf
0x0000000170852f00:   0000006316508000 0000000003974000
0x0000000170852f10:   00000006ed42347d 0000000101dfb39e
0x0000000170852f20:   00000006ce718752 00000000be6804e0
0x0000000170852f30:   000c1bb600000001 000003f70000028a
0x0000000170852f40:   002c230e00349ce7 01b064b7005d913c
0x0000000170852f50:   0000002600b22090 0000001f00000004
0x0000000170852f60:   f52c9b8616200073 0000000193209f97
0x0000000170852f70:   0000000000000000 0000000000000000
0x0000000170852f80:   0000000000000000 0000000000000000
0x0000000170852f90:   0000000000000000 0000000000000000
0x0000000170852fa0:   0000000000000000 0000000000000000
0x0000000170852fb0:   0000000000000000 0000000170853000 

Instructions: (pc=0x00000001931c1c84)
0x00000001931c1b84:   60 2e 01 f9 61 2a 41 f9 e8 6a 25 d0 08 95 41 f9
0x00000001931c1b94:   02 01 40 f9 12 16 01 94 68 a2 09 91 c9 02 00 d0
0x00000001931c1ba4:   20 e5 c3 3d 00 01 80 3d 28 00 80 52 68 42 00 39
0x00000001931c1bb4:   a8 83 5e f8 e9 6a 25 b0 29 61 42 f9 29 01 40 f9
0x00000001931c1bc4:   3f 01 08 eb c1 00 00 54 e0 03 13 aa fd 7b 46 a9
0x00000001931c1bd4:   f4 4f 45 a9 ff c3 01 91 ff 0f 5f d6 48 18 01 94
0x00000001931c1be4:   f3 03 00 aa e0 03 14 aa a9 18 01 94 e0 03 13 aa
0x00000001931c1bf4:   2f 18 01 94 7f 23 03 d5 f4 4f be a9 fd 7b 01 a9
0x00000001931c1c04:   fd 43 00 91 f3 03 00 aa 01 84 00 f8 09 00 00 94
0x00000001931c1c14:   7f 26 00 f9 7f 52 00 b9 7f fe 05 a9 0b 00 00 94
0x00000001931c1c24:   e0 03 13 aa fd 7b 41 a9 f4 4f c2 a8 ff 0f 5f d6
0x00000001931c1c34:   28 e4 40 f9 01 20 00 a9 00 e4 00 6f 00 c0 82 3c
0x00000001931c1c44:   00 80 00 ad c0 03 5f d6 7f 23 03 d5 ff c3 00 d1
0x00000001931c1c54:   f4 4f 01 a9 fd 7b 02 a9 fd 83 00 91 f3 03 00 aa
0x00000001931c1c64:   08 14 40 f9 e0 23 00 a9 c1 02 00 d0 21 bc 11 91
0x00000001931c1c74:   80 00 80 52 42 62 00 94 7f 16 00 f9 68 02 40 f9
0x00000001931c1c84:   08 e5 40 f9 7f 1a 00 f9 7f 3a 00 b9 7f fe 01 a9
0x00000001931c1c94:   68 fe 00 a9 fd 7b 42 a9 f4 4f 41 a9 ff c3 00 91
0x00000001931c1ca4:   ff 0f 5f d6 7f 23 03 d5 ff 83 01 d1 fa 67 01 a9
0x00000001931c1cb4:   f8 5f 02 a9 f6 57 03 a9 f4 4f 04 a9 fd 7b 05 a9
0x00000001931c1cc4:   fd 43 01 91 f4 03 01 aa f3 03 00 aa e0 03 01 aa
0x00000001931c1cd4:   4f 16 01 94 f5 03 00 aa 28 7d 80 52 68 de 00 f9
0x00000001931c1ce4:   c8 02 00 f0 00 25 40 fd 60 e2 00 fd e8 75 26 b0
0x00000001931c1cf4:   08 75 08 91 08 01 40 39 48 00 00 35 5a 00 00 94
0x00000001931c1d04:   e8 75 26 b0 08 31 08 91 00 01 40 bd 00 d8 61 7e
0x00000001931c1d14:   e8 75 26 b0 08 41 08 91 01 01 40 bd 21 d8 61 7e
0x00000001931c1d24:   c8 02 00 f0 02 29 40 fd 40 18 60 1e 00 08 61 1e
0x00000001931c1d34:   08 00 79 9e 68 e6 00 f9 55 04 00 34 17 00 80 52
0x00000001931c1d44:   a8 26 d7 1a 88 00 00 37 f7 06 00 11 ff 82 00 71
0x00000001931c1d54:   81 ff ff 54 f3 53 00 a9 41 02 00 d0 21 b8 24 91
0x00000001931c1d64:   20 00 80 52 06 62 00 94 76 62 00 91 e0 03 16 aa
0x00000001931c1d74:   37 1a 01 94 78 42 47 39 18 03 00 34 e0 03 16 aa 



---------------  P R O C E S S  ---------------

VM state: not at safepoint (normal execution)

VM Mutex/Monitor currently owned by a thread: None

Heap address: 0x0000000780000000, size: 2048 MB, Compressed Oops mode: Zero based, Oop shift amount: 3

CDS archive(s) mapped at: [0x0000008800000000-0x0000008800d04000-0x0000008800d04000), size 13647872, SharedBaseAddress: 0x0000008800000000, ArchiveRelocationMode: 1.
Compressed class space mapped at: 0x0000008801000000-0x0000008841000000, reserved size: 1073741824
Narrow klass base: 0x0000008800000000, Narrow klass shift: 0, Narrow klass range: 0x100000000

GC Precious Log:
<Skipped>

Heap:
 garbage-first heap   total 133120K, used 80241K [0x0000000780000000, 0x0000000800000000)
  region size 1024K, 75 young (76800K), 1 survivors (1024K)
 Metaspace       used 10682K, committed 10880K, reserved 1114112K
  class space    used 1161K, committed 1280K, reserved 1048576K

Heap Regions: E=young(eden), S=young(survivor), O=old, HS=humongous(starts), HC=humongous(continues), CS=collection set, F=free, TAMS=top-at-mark-start, PB=parsable bottom
|   0|0x0000000780000000, 0x0000000780100000, 0x0000000780100000|100%| O|  |TAMS 0x0000000780000000| PB 0x0000000780000000| Untracked 
|   1|0x0000000780100000, 0x0000000780200000, 0x0000000780200000|100%| O|  |TAMS 0x0000000780100000| PB 0x0000000780100000| Untracked 
|   2|0x0000000780200000, 0x0000000780300000, 0x0000000780300000|100%| O|  |TAMS 0x0000000780200000| PB 0x0000000780200000| Untracked 
|   3|0x0000000780300000, 0x0000000780354ec0, 0x0000000780400000| 33%| O|  |TAMS 0x0000000780300000| PB 0x0000000780300000| Untracked 
|   4|0x0000000780400000, 0x0000000780400000, 0x0000000780500000|  0%| F|  |TAMS 0x0000000780400000| PB 0x0000000780400000| Untracked 
|   5|0x0000000780500000, 0x0000000780500000, 0x0000000780600000|  0%| F|  |TAMS 0x0000000780500000| PB 0x0000000780500000| Untracked 
|   6|0x0000000780600000, 0x0000000780600000, 0x0000000780700000|  0%| F|  |TAMS 0x0000000780600000| PB 0x0000000780600000| Untracked 
|   7|0x0000000780700000, 0x0000000780700000, 0x0000000780800000|  0%| F|  |TAMS 0x0000000780700000| PB 0x0000000780700000| Untracked 
|   8|0x0000000780800000, 0x0000000780800000, 0x0000000780900000|  0%| F|  |TAMS 0x0000000780800000| PB 0x0000000780800000| Untracked 
|   9|0x0000000780900000, 0x0000000780900000, 0x0000000780a00000|  0%| F|  |TAMS 0x0000000780900000| PB 0x0000000780900000| Untracked 
|  10|0x0000000780a00000, 0x0000000780a00000, 0x0000000780b00000|  0%| F|  |TAMS 0x0000000780a00000| PB 0x0000000780a00000| Untracked 
|  11|0x0000000780b00000, 0x0000000780b00000, 0x0000000780c00000|  0%| F|  |TAMS 0x0000000780b00000| PB 0x0000000780b00000| Untracked 
|  12|0x0000000780c00000, 0x0000000780c00000, 0x0000000780d00000|  0%| F|  |TAMS 0x0000000780c00000| PB 0x0000000780c00000| Untracked 
|  13|0x0000000780d00000, 0x0000000780d00000, 0x0000000780e00000|  0%| F|  |TAMS 0x0000000780d00000| PB 0x0000000780d00000| Untracked 
|  14|0x0000000780e00000, 0x0000000780e00000, 0x0000000780f00000|  0%| F|  |TAMS 0x0000000780e00000| PB 0x0000000780e00000| Untracked 
|  15|0x0000000780f00000, 0x0000000780f00000, 0x0000000781000000|  0%| F|  |TAMS 0x0000000780f00000| PB 0x0000000780f00000| Untracked 
|  16|0x0000000781000000, 0x0000000781000000, 0x0000000781100000|  0%| F|  |TAMS 0x0000000781000000| PB 0x0000000781000000| Untracked 
|  17|0x0000000781100000, 0x0000000781100000, 0x0000000781200000|  0%| F|  |TAMS 0x0000000781100000| PB 0x0000000781100000| Untracked 
|  18|0x0000000781200000, 0x0000000781200000, 0x0000000781300000|  0%| F|  |TAMS 0x0000000781200000| PB 0x0000000781200000| Untracked 
|  19|0x0000000781300000, 0x0000000781300000, 0x0000000781400000|  0%| F|  |TAMS 0x0000000781300000| PB 0x0000000781300000| Untracked 
|  20|0x0000000781400000, 0x0000000781400000, 0x0000000781500000|  0%| F|  |TAMS 0x0000000781400000| PB 0x0000000781400000| Untracked 
|  21|0x0000000781500000, 0x0000000781500000, 0x0000000781600000|  0%| F|  |TAMS 0x0000000781500000| PB 0x0000000781500000| Untracked 
|  22|0x0000000781600000, 0x0000000781600000, 0x0000000781700000|  0%| F|  |TAMS 0x0000000781600000| PB 0x0000000781600000| Untracked 
|  23|0x0000000781700000, 0x0000000781700000, 0x0000000781800000|  0%| F|  |TAMS 0x0000000781700000| PB 0x0000000781700000| Untracked 
|  24|0x0000000781800000, 0x0000000781800000, 0x0000000781900000|  0%| F|  |TAMS 0x0000000781800000| PB 0x0000000781800000| Untracked 
|  25|0x0000000781900000, 0x0000000781900000, 0x0000000781a00000|  0%| F|  |TAMS 0x0000000781900000| PB 0x0000000781900000| Untracked 
|  26|0x0000000781a00000, 0x0000000781a00000, 0x0000000781b00000|  0%| F|  |TAMS 0x0000000781a00000| PB 0x0000000781a00000| Untracked 
|  27|0x0000000781b00000, 0x0000000781b00000, 0x0000000781c00000|  0%| F|  |TAMS 0x0000000781b00000| PB 0x0000000781b00000| Untracked 
|  28|0x0000000781c00000, 0x0000000781c00000, 0x0000000781d00000|  0%| F|  |TAMS 0x0000000781c00000| PB 0x0000000781c00000| Untracked 
|  29|0x0000000781d00000, 0x0000000781d00000, 0x0000000781e00000|  0%| F|  |TAMS 0x0000000781d00000| PB 0x0000000781d00000| Untracked 
|  30|0x0000000781e00000, 0x0000000781e00000, 0x0000000781f00000|  0%| F|  |TAMS 0x0000000781e00000| PB 0x0000000781e00000| Untracked 
|  31|0x0000000781f00000, 0x0000000781f00000, 0x0000000782000000|  0%| F|  |TAMS 0x0000000781f00000| PB 0x0000000781f00000| Untracked 
|  32|0x0000000782000000, 0x0000000782000000, 0x0000000782100000|  0%| F|  |TAMS 0x0000000782000000| PB 0x0000000782000000| Untracked 
|  33|0x0000000782100000, 0x0000000782100000, 0x0000000782200000|  0%| F|  |TAMS 0x0000000782100000| PB 0x0000000782100000| Untracked 
|  34|0x0000000782200000, 0x0000000782200000, 0x0000000782300000|  0%| F|  |TAMS 0x0000000782200000| PB 0x0000000782200000| Untracked 
|  35|0x0000000782300000, 0x0000000782300000, 0x0000000782400000|  0%| F|  |TAMS 0x0000000782300000| PB 0x0000000782300000| Untracked 
|  36|0x0000000782400000, 0x0000000782400000, 0x0000000782500000|  0%| F|  |TAMS 0x0000000782400000| PB 0x0000000782400000| Untracked 
|  37|0x0000000782500000, 0x0000000782500000, 0x0000000782600000|  0%| F|  |TAMS 0x0000000782500000| PB 0x0000000782500000| Untracked 
|  38|0x0000000782600000, 0x0000000782600000, 0x0000000782700000|  0%| F|  |TAMS 0x0000000782600000| PB 0x0000000782600000| Untracked 
|  39|0x0000000782700000, 0x0000000782700000, 0x0000000782800000|  0%| F|  |TAMS 0x0000000782700000| PB 0x0000000782700000| Untracked 
|  40|0x0000000782800000, 0x0000000782800000, 0x0000000782900000|  0%| F|  |TAMS 0x0000000782800000| PB 0x0000000782800000| Untracked 
|  41|0x0000000782900000, 0x0000000782900000, 0x0000000782a00000|  0%| F|  |TAMS 0x0000000782900000| PB 0x0000000782900000| Untracked 
|  42|0x0000000782a00000, 0x0000000782a00000, 0x0000000782b00000|  0%| F|  |TAMS 0x0000000782a00000| PB 0x0000000782a00000| Untracked 
|  43|0x0000000782b00000, 0x0000000782b00000, 0x0000000782c00000|  0%| F|  |TAMS 0x0000000782b00000| PB 0x0000000782b00000| Untracked 
|  44|0x0000000782c00000, 0x0000000782c00000, 0x0000000782d00000|  0%| F|  |TAMS 0x0000000782c00000| PB 0x0000000782c00000| Untracked 
|  45|0x0000000782d00000, 0x0000000782d00000, 0x0000000782e00000|  0%| F|  |TAMS 0x0000000782d00000| PB 0x0000000782d00000| Untracked 
|  46|0x0000000782e00000, 0x0000000782e00000, 0x0000000782f00000|  0%| F|  |TAMS 0x0000000782e00000| PB 0x0000000782e00000| Untracked 
|  47|0x0000000782f00000, 0x0000000782f00000, 0x0000000783000000|  0%| F|  |TAMS 0x0000000782f00000| PB 0x0000000782f00000| Untracked 
|  48|0x0000000783000000, 0x0000000783000000, 0x0000000783100000|  0%| F|  |TAMS 0x0000000783000000| PB 0x0000000783000000| Untracked 
|  49|0x0000000783100000, 0x0000000783100000, 0x0000000783200000|  0%| F|  |TAMS 0x0000000783100000| PB 0x0000000783100000| Untracked 
|  50|0x0000000783200000, 0x0000000783200000, 0x0000000783300000|  0%| F|  |TAMS 0x0000000783200000| PB 0x0000000783200000| Untracked 
|  51|0x0000000783300000, 0x0000000783300000, 0x0000000783400000|  0%| F|  |TAMS 0x0000000783300000| PB 0x0000000783300000| Untracked 
|  52|0x0000000783400000, 0x0000000783402110, 0x0000000783500000|  0%| S|CS|TAMS 0x0000000783400000| PB 0x0000000783400000| Complete 
|  53|0x0000000783500000, 0x0000000783500000, 0x0000000783600000|  0%| F|  |TAMS 0x0000000783500000| PB 0x0000000783500000| Untracked 
|  54|0x0000000783600000, 0x0000000783700000, 0x0000000783700000|100%| E|  |TAMS 0x0000000783600000| PB 0x0000000783600000| Complete 
|  55|0x0000000783700000, 0x0000000783800000, 0x0000000783800000|100%| E|CS|TAMS 0x0000000783700000| PB 0x0000000783700000| Complete 
|  56|0x0000000783800000, 0x0000000783900000, 0x0000000783900000|100%| E|CS|TAMS 0x0000000783800000| PB 0x0000000783800000| Complete 
|  57|0x0000000783900000, 0x0000000783a00000, 0x0000000783a00000|100%| E|CS|TAMS 0x0000000783900000| PB 0x0000000783900000| Complete 
|  58|0x0000000783a00000, 0x0000000783b00000, 0x0000000783b00000|100%| E|CS|TAMS 0x0000000783a00000| PB 0x0000000783a00000| Complete 
|  59|0x0000000783b00000, 0x0000000783c00000, 0x0000000783c00000|100%| E|CS|TAMS 0x0000000783b00000| PB 0x0000000783b00000| Complete 
|  60|0x0000000783c00000, 0x0000000783d00000, 0x0000000783d00000|100%| E|CS|TAMS 0x0000000783c00000| PB 0x0000000783c00000| Complete 
|  61|0x0000000783d00000, 0x0000000783e00000, 0x0000000783e00000|100%| E|CS|TAMS 0x0000000783d00000| PB 0x0000000783d00000| Complete 
|  62|0x0000000783e00000, 0x0000000783f00000, 0x0000000783f00000|100%| E|CS|TAMS 0x0000000783e00000| PB 0x0000000783e00000| Complete 
|  63|0x0000000783f00000, 0x0000000784000000, 0x0000000784000000|100%| E|CS|TAMS 0x0000000783f00000| PB 0x0000000783f00000| Complete 
|  64|0x0000000784000000, 0x0000000784100000, 0x0000000784100000|100%| E|CS|TAMS 0x0000000784000000| PB 0x0000000784000000| Complete 
|  65|0x0000000784100000, 0x0000000784200000, 0x0000000784200000|100%| E|CS|TAMS 0x0000000784100000| PB 0x0000000784100000| Complete 
|  66|0x0000000784200000, 0x0000000784300000, 0x0000000784300000|100%| E|CS|TAMS 0x0000000784200000| PB 0x0000000784200000| Complete 
|  67|0x0000000784300000, 0x0000000784400000, 0x0000000784400000|100%| E|CS|TAMS 0x0000000784300000| PB 0x0000000784300000| Complete 
|  68|0x0000000784400000, 0x0000000784500000, 0x0000000784500000|100%| E|CS|TAMS 0x0000000784400000| PB 0x0000000784400000| Complete 
|  69|0x0000000784500000, 0x0000000784600000, 0x0000000784600000|100%| E|CS|TAMS 0x0000000784500000| PB 0x0000000784500000| Complete 
|  70|0x0000000784600000, 0x0000000784700000, 0x0000000784700000|100%| E|CS|TAMS 0x0000000784600000| PB 0x0000000784600000| Complete 
|  71|0x0000000784700000, 0x0000000784800000, 0x0000000784800000|100%| E|CS|TAMS 0x0000000784700000| PB 0x0000000784700000| Complete 
|  72|0x0000000784800000, 0x0000000784900000, 0x0000000784900000|100%| E|CS|TAMS 0x0000000784800000| PB 0x0000000784800000| Complete 
|  73|0x0000000784900000, 0x0000000784a00000, 0x0000000784a00000|100%| E|CS|TAMS 0x0000000784900000| PB 0x0000000784900000| Complete 
|  74|0x0000000784a00000, 0x0000000784b00000, 0x0000000784b00000|100%| E|CS|TAMS 0x0000000784a00000| PB 0x0000000784a00000| Complete 
|  75|0x0000000784b00000, 0x0000000784c00000, 0x0000000784c00000|100%| E|CS|TAMS 0x0000000784b00000| PB 0x0000000784b00000| Complete 
|  76|0x0000000784c00000, 0x0000000784d00000, 0x0000000784d00000|100%| E|CS|TAMS 0x0000000784c00000| PB 0x0000000784c00000| Complete 
|  77|0x0000000784d00000, 0x0000000784e00000, 0x0000000784e00000|100%| E|CS|TAMS 0x0000000784d00000| PB 0x0000000784d00000| Complete 
|  78|0x0000000784e00000, 0x0000000784f00000, 0x0000000784f00000|100%| E|CS|TAMS 0x0000000784e00000| PB 0x0000000784e00000| Complete 
|  79|0x0000000784f00000, 0x0000000785000000, 0x0000000785000000|100%| E|CS|TAMS 0x0000000784f00000| PB 0x0000000784f00000| Complete 
|  80|0x0000000785000000, 0x0000000785100000, 0x0000000785100000|100%| E|CS|TAMS 0x0000000785000000| PB 0x0000000785000000| Complete 
|  81|0x0000000785100000, 0x0000000785200000, 0x0000000785200000|100%| E|CS|TAMS 0x0000000785100000| PB 0x0000000785100000| Complete 
|  82|0x0000000785200000, 0x0000000785300000, 0x0000000785300000|100%| E|CS|TAMS 0x0000000785200000| PB 0x0000000785200000| Complete 
|  83|0x0000000785300000, 0x0000000785400000, 0x0000000785400000|100%| E|CS|TAMS 0x0000000785300000| PB 0x0000000785300000| Complete 
|  84|0x0000000785400000, 0x0000000785500000, 0x0000000785500000|100%| E|CS|TAMS 0x0000000785400000| PB 0x0000000785400000| Complete 
|  85|0x0000000785500000, 0x0000000785600000, 0x0000000785600000|100%| E|CS|TAMS 0x0000000785500000| PB 0x0000000785500000| Complete 
|  86|0x0000000785600000, 0x0000000785700000, 0x0000000785700000|100%| E|CS|TAMS 0x0000000785600000| PB 0x0000000785600000| Complete 
|  87|0x0000000785700000, 0x0000000785800000, 0x0000000785800000|100%| E|CS|TAMS 0x0000000785700000| PB 0x0000000785700000| Complete 
|  88|0x0000000785800000, 0x0000000785900000, 0x0000000785900000|100%| E|CS|TAMS 0x0000000785800000| PB 0x0000000785800000| Complete 
|  89|0x0000000785900000, 0x0000000785a00000, 0x0000000785a00000|100%| E|CS|TAMS 0x0000000785900000| PB 0x0000000785900000| Complete 
|  90|0x0000000785a00000, 0x0000000785b00000, 0x0000000785b00000|100%| E|CS|TAMS 0x0000000785a00000| PB 0x0000000785a00000| Complete 
|  91|0x0000000785b00000, 0x0000000785c00000, 0x0000000785c00000|100%| E|CS|TAMS 0x0000000785b00000| PB 0x0000000785b00000| Complete 
|  92|0x0000000785c00000, 0x0000000785d00000, 0x0000000785d00000|100%| E|CS|TAMS 0x0000000785c00000| PB 0x0000000785c00000| Complete 
|  93|0x0000000785d00000, 0x0000000785e00000, 0x0000000785e00000|100%| E|CS|TAMS 0x0000000785d00000| PB 0x0000000785d00000| Complete 
|  94|0x0000000785e00000, 0x0000000785f00000, 0x0000000785f00000|100%| E|CS|TAMS 0x0000000785e00000| PB 0x0000000785e00000| Complete 
|  95|0x0000000785f00000, 0x0000000786000000, 0x0000000786000000|100%| E|CS|TAMS 0x0000000785f00000| PB 0x0000000785f00000| Complete 
|  96|0x0000000786000000, 0x0000000786100000, 0x0000000786100000|100%| E|CS|TAMS 0x0000000786000000| PB 0x0000000786000000| Complete 
|  97|0x0000000786100000, 0x0000000786200000, 0x0000000786200000|100%| E|CS|TAMS 0x0000000786100000| PB 0x0000000786100000| Complete 
|  98|0x0000000786200000, 0x0000000786300000, 0x0000000786300000|100%| E|CS|TAMS 0x0000000786200000| PB 0x0000000786200000| Complete 
|  99|0x0000000786300000, 0x0000000786400000, 0x0000000786400000|100%| E|CS|TAMS 0x0000000786300000| PB 0x0000000786300000| Complete 
| 100|0x0000000786400000, 0x0000000786500000, 0x0000000786500000|100%| E|CS|TAMS 0x0000000786400000| PB 0x0000000786400000| Complete 
| 101|0x0000000786500000, 0x0000000786600000, 0x0000000786600000|100%| E|CS|TAMS 0x0000000786500000| PB 0x0000000786500000| Complete 
| 102|0x0000000786600000, 0x0000000786700000, 0x0000000786700000|100%| E|CS|TAMS 0x0000000786600000| PB 0x0000000786600000| Complete 
| 103|0x0000000786700000, 0x0000000786800000, 0x0000000786800000|100%| E|CS|TAMS 0x0000000786700000| PB 0x0000000786700000| Complete 
| 104|0x0000000786800000, 0x0000000786900000, 0x0000000786900000|100%| E|CS|TAMS 0x0000000786800000| PB 0x0000000786800000| Complete 
| 105|0x0000000786900000, 0x0000000786a00000, 0x0000000786a00000|100%| E|CS|TAMS 0x0000000786900000| PB 0x0000000786900000| Complete 
| 106|0x0000000786a00000, 0x0000000786b00000, 0x0000000786b00000|100%| E|CS|TAMS 0x0000000786a00000| PB 0x0000000786a00000| Complete 
| 107|0x0000000786b00000, 0x0000000786c00000, 0x0000000786c00000|100%| E|CS|TAMS 0x0000000786b00000| PB 0x0000000786b00000| Complete 
| 108|0x0000000786c00000, 0x0000000786d00000, 0x0000000786d00000|100%| E|CS|TAMS 0x0000000786c00000| PB 0x0000000786c00000| Complete 
| 109|0x0000000786d00000, 0x0000000786e00000, 0x0000000786e00000|100%| E|CS|TAMS 0x0000000786d00000| PB 0x0000000786d00000| Complete 
| 110|0x0000000786e00000, 0x0000000786f00000, 0x0000000786f00000|100%| E|CS|TAMS 0x0000000786e00000| PB 0x0000000786e00000| Complete 
| 111|0x0000000786f00000, 0x0000000787000000, 0x0000000787000000|100%| E|CS|TAMS 0x0000000786f00000| PB 0x0000000786f00000| Complete 
| 112|0x0000000787000000, 0x0000000787100000, 0x0000000787100000|100%| E|CS|TAMS 0x0000000787000000| PB 0x0000000787000000| Complete 
| 113|0x0000000787100000, 0x0000000787200000, 0x0000000787200000|100%| E|CS|TAMS 0x0000000787100000| PB 0x0000000787100000| Complete 
| 114|0x0000000787200000, 0x0000000787300000, 0x0000000787300000|100%| E|CS|TAMS 0x0000000787200000| PB 0x0000000787200000| Complete 
| 115|0x0000000787300000, 0x0000000787400000, 0x0000000787400000|100%| E|CS|TAMS 0x0000000787300000| PB 0x0000000787300000| Complete 
| 116|0x0000000787400000, 0x0000000787500000, 0x0000000787500000|100%| E|CS|TAMS 0x0000000787400000| PB 0x0000000787400000| Complete 
| 117|0x0000000787500000, 0x0000000787600000, 0x0000000787600000|100%| E|CS|TAMS 0x0000000787500000| PB 0x0000000787500000| Complete 
| 118|0x0000000787600000, 0x0000000787700000, 0x0000000787700000|100%| E|CS|TAMS 0x0000000787600000| PB 0x0000000787600000| Complete 
| 119|0x0000000787700000, 0x0000000787800000, 0x0000000787800000|100%| E|CS|TAMS 0x0000000787700000| PB 0x0000000787700000| Complete 
| 120|0x0000000787800000, 0x0000000787900000, 0x0000000787900000|100%| E|CS|TAMS 0x0000000787800000| PB 0x0000000787800000| Complete 
| 121|0x0000000787900000, 0x0000000787a00000, 0x0000000787a00000|100%| E|CS|TAMS 0x0000000787900000| PB 0x0000000787900000| Complete 
| 122|0x0000000787a00000, 0x0000000787b00000, 0x0000000787b00000|100%| E|CS|TAMS 0x0000000787a00000| PB 0x0000000787a00000| Complete 
| 123|0x0000000787b00000, 0x0000000787c00000, 0x0000000787c00000|100%| E|CS|TAMS 0x0000000787b00000| PB 0x0000000787b00000| Complete 
| 124|0x0000000787c00000, 0x0000000787d00000, 0x0000000787d00000|100%| E|CS|TAMS 0x0000000787c00000| PB 0x0000000787c00000| Complete 
| 125|0x0000000787d00000, 0x0000000787e00000, 0x0000000787e00000|100%| E|CS|TAMS 0x0000000787d00000| PB 0x0000000787d00000| Complete 
| 126|0x0000000787e00000, 0x0000000787f00000, 0x0000000787f00000|100%| E|CS|TAMS 0x0000000787e00000| PB 0x0000000787e00000| Complete 
| 127|0x0000000787f00000, 0x0000000788000000, 0x0000000788000000|100%| E|CS|TAMS 0x0000000787f00000| PB 0x0000000787f00000| Complete 
|2046|0x00000007ffe00000, 0x00000007fff00000, 0x00000007fff00000|100%| O|  |TAMS 0x00000007ffe00000| PB 0x00000007ffe00000| Untracked 
|2047|0x00000007fff00000, 0x00000007fff054d0, 0x0000000800000000|  2%| O|  |TAMS 0x00000007fff00000| PB 0x00000007fff00000| Untracked 

Card table byte_map: [0x0000000101044000,0x0000000101444000] _byte_map_base: 0x00000000fd444000

Marking Bits: (CMBitMap*) 0x000000013d03c410
 Bits: [0x000000011a5e0000, 0x000000011c5e0000)

Polling page: 0x0000000100730000

Metaspace:

Usage:
  Non-class:      9.30 MB used.
      Class:      1.13 MB used.
       Both:     10.43 MB used.

Virtual space:
  Non-class space:       64.00 MB reserved,       9.38 MB ( 15%) committed,  1 nodes.
      Class space:        1.00 GB reserved,       1.25 MB ( <1%) committed,  1 nodes.
             Both:        1.06 GB reserved,      10.62 MB ( <1%) committed. 

Chunk freelists:
   Non-Class:  6.00 MB
       Class:  14.72 MB
        Both:  20.72 MB

MaxMetaspaceSize: unlimited
CompressedClassSpaceSize: 1.00 GB
Initial GC threshold: 21.00 MB
Current GC threshold: 21.00 MB
CDS: on
 - commit_granule_bytes: 65536.
 - commit_granule_words: 8192.
 - virtual_space_node_default_size: 8388608.
 - enlarge_chunks_in_place: 1.
 - use_allocation_guard: 0.


Internal statistics:

num_allocs_failed_limit: 0.
num_arena_births: 182.
num_arena_deaths: 0.
num_vsnodes_births: 2.
num_vsnodes_deaths: 0.
num_space_committed: 170.
num_space_uncommitted: 0.
num_chunks_returned_to_freelist: 0.
num_chunks_taken_from_freelist: 221.
num_chunk_merges: 0.
num_chunk_splits: 143.
num_chunks_enlarged: 82.
num_inconsistent_stats: 0.

CodeHeap 'non-profiled nmethods': size=120032Kb used=1290Kb max_used=1290Kb free=118741Kb
 bounds [0x00000001130a8000, 0x0000000113318000, 0x000000011a5e0000]
CodeHeap 'profiled nmethods': size=120016Kb used=3402Kb max_used=3402Kb free=116613Kb
 bounds [0x000000010b5e0000, 0x000000010b940000, 0x0000000112b14000]
CodeHeap 'non-nmethods': size=5712Kb used=1502Kb max_used=1560Kb free=4209Kb
 bounds [0x0000000112b14000, 0x0000000112d84000, 0x00000001130a8000]
 total_blobs=2503 nmethods=1824 adapters=588
 compilation: enabled
              stopped_count=0, restarted_count=0
 full_count=0

Compilation events (20 events):
Event: 378.164 Thread 0x000000011e816600 1815 %     3       java.awt.EventDispatchThread::pumpEventsForFilter @ 10 (47 bytes)
Event: 378.166 Thread 0x000000011e816600 nmethod 1815% 0x000000010b92b890 code [0x000000010b92bac0, 0x000000010b92c090]
Event: 385.143 Thread 0x000000011e816600 1816       3       java.awt.EventDispatchThread::pumpEventsForFilter (47 bytes)
Event: 385.144 Thread 0x000000011e816600 nmethod 1816 0x000000010b92c290 code [0x000000010b92c4c0, 0x000000010b92c9a0]
Event: 656.309 Thread 0x000000011e815e00 1817 %     4       java.awt.EventDispatchThread::pumpEventsForFilter @ 10 (47 bytes)
Event: 656.353 Thread 0x000000011e815e00 nmethod 1817% 0x00000001131e6d90 code [0x00000001131e7000, 0x00000001131e7b08]
Event: 682.312 Thread 0x000000011e815e00 1818       4       java.util.concurrent.locks.AbstractQueuedSynchronizer::acquire (20 bytes)
Event: 682.320 Thread 0x000000011e815e00 nmethod 1818 0x00000001131e8410 code [0x00000001131e8600, 0x00000001131e8b10]
Event: 763.982 Thread 0x000000011e816600 1819 % !   3       javax.swing.TimerQueue::run @ 9 (202 bytes)
Event: 763.989 Thread 0x000000011e816600 nmethod 1819% 0x000000010b92cb90 code [0x000000010b92cf80, 0x000000010b92e398]
Event: 776.346 Thread 0x000000011e816600 1820   !   3       javax.swing.TimerQueue::run (202 bytes)
Event: 776.349 Thread 0x000000011e816600 nmethod 1820 0x000000010b92ed10 code [0x000000010b92f100, 0x000000010b930400]
Event: 1255.496 Thread 0x000000011e815e00 1821 % !   4       javax.swing.TimerQueue::run @ 9 (202 bytes)
Event: 1255.521 Thread 0x000000011e815e00 nmethod 1821% 0x00000001131e8c90 code [0x00000001131e8fc0, 0x00000001131e9e98]
Event: 3787.430 Thread 0x000000011e816600 1822   !   3       jdk.internal.ref.PhantomCleanable::isListEmpty (34 bytes)
Event: 3787.439 Thread 0x000000011e816600 nmethod 1822 0x000000010b930d10 code [0x000000010b930ec0, 0x000000010b931140]
Event: 3787.439 Thread 0x000000011e816600 1823       3       jdk.internal.misc.InnocuousThread::eraseThreadLocals (23 bytes)
Event: 3787.441 Thread 0x000000011e816600 nmethod 1823 0x000000010b931290 code [0x000000010b931440, 0x000000010b931608]
Event: 3787.441 Thread 0x000000011e816600 1824   !   3       java.lang.ref.ReferenceQueue::remove (61 bytes)
Event: 3787.448 Thread 0x000000011e816600 nmethod 1824 0x000000010b931690 code [0x000000010b931980, 0x000000010b9326e0]

GC Heap History (20 events):
Event: 3780.754 GC heap before
{Heap before GC invocations=112 (full 0):
 garbage-first heap   total 133120K, used 81267K [0x0000000780000000, 0x0000000800000000)
  region size 1024K, 76 young (77824K), 1 survivors (1024K)
 Metaspace       used 10680K, committed 10880K, reserved 1114112K
  class space    used 1161K, committed 1280K, reserved 1048576K
}
Event: 3780.761 GC heap after
{Heap after GC invocations=113 (full 0):
 garbage-first heap   total 133120K, used 4462K [0x0000000780000000, 0x0000000800000000)
  region size 1024K, 1 young (1024K), 1 survivors (1024K)
 Metaspace       used 10680K, committed 10880K, reserved 1114112K
  class space    used 1161K, committed 1280K, reserved 1048576K
}
Event: 3815.090 GC heap before
{Heap before GC invocations=113 (full 0):
 garbage-first heap   total 133120K, used 81262K [0x0000000780000000, 0x0000000800000000)
  region size 1024K, 76 young (77824K), 1 survivors (1024K)
 Metaspace       used 10682K, committed 10880K, reserved 1114112K
  class space    used 1161K, committed 1280K, reserved 1048576K
}
Event: 3815.091 GC heap after
{Heap after GC invocations=114 (full 0):
 garbage-first heap   total 133120K, used 4467K [0x0000000780000000, 0x0000000800000000)
  region size 1024K, 1 young (1024K), 1 survivors (1024K)
 Metaspace       used 10682K, committed 10880K, reserved 1114112K
  class space    used 1161K, committed 1280K, reserved 1048576K
}
Event: 3848.431 GC heap before
{Heap before GC invocations=114 (full 0):
 garbage-first heap   total 133120K, used 81267K [0x0000000780000000, 0x0000000800000000)
  region size 1024K, 76 young (77824K), 1 survivors (1024K)
 Metaspace       used 10682K, committed 10880K, reserved 1114112K
  class space    used 1161K, committed 1280K, reserved 1048576K
}
Event: 3848.433 GC heap after
{Heap after GC invocations=115 (full 0):
 garbage-first heap   total 133120K, used 4466K [0x0000000780000000, 0x0000000800000000)
  region size 1024K, 1 young (1024K), 1 survivors (1024K)
 Metaspace       used 10682K, committed 10880K, reserved 1114112K
  class space    used 1161K, committed 1280K, reserved 1048576K
}
Event: 3881.579 GC heap before
{Heap before GC invocations=115 (full 0):
 garbage-first heap   total 133120K, used 81266K [0x0000000780000000, 0x0000000800000000)
  region size 1024K, 76 young (77824K), 1 survivors (1024K)
 Metaspace       used 10682K, committed 10880K, reserved 1114112K
  class space    used 1161K, committed 1280K, reserved 1048576K
}
Event: 3881.580 GC heap after
{Heap after GC invocations=116 (full 0):
 garbage-first heap   total 133120K, used 4466K [0x0000000780000000, 0x0000000800000000)
  region size 1024K, 1 young (1024K), 1 survivors (1024K)
 Metaspace       used 10682K, committed 10880K, reserved 1114112K
  class space    used 1161K, committed 1280K, reserved 1048576K
}
Event: 3915.973 GC heap before
{Heap before GC invocations=116 (full 0):
 garbage-first heap   total 133120K, used 81266K [0x0000000780000000, 0x0000000800000000)
  region size 1024K, 76 young (77824K), 1 survivors (1024K)
 Metaspace       used 10682K, committed 10880K, reserved 1114112K
  class space    used 1161K, committed 1280K, reserved 1048576K
}
Event: 3915.974 GC heap after
{Heap after GC invocations=117 (full 0):
 garbage-first heap   total 133120K, used 4465K [0x0000000780000000, 0x0000000800000000)
  region size 1024K, 1 young (1024K), 1 survivors (1024K)
 Metaspace       used 10682K, committed 10880K, reserved 1114112K
  class space    used 1161K, committed 1280K, reserved 1048576K
}
Event: 3949.098 GC heap before
{Heap before GC invocations=117 (full 0):
 garbage-first heap   total 133120K, used 81265K [0x0000000780000000, 0x0000000800000000)
  region size 1024K, 76 young (77824K), 1 survivors (1024K)
 Metaspace       used 10682K, committed 10880K, reserved 1114112K
  class space    used 1161K, committed 1280K, reserved 1048576K
}
Event: 3949.099 GC heap after
{Heap after GC invocations=118 (full 0):
 garbage-first heap   total 133120K, used 4462K [0x0000000780000000, 0x0000000800000000)
  region size 1024K, 1 young (1024K), 1 survivors (1024K)
 Metaspace       used 10682K, committed 10880K, reserved 1114112K
  class space    used 1161K, committed 1280K, reserved 1048576K
}
Event: 3982.387 GC heap before
{Heap before GC invocations=118 (full 0):
 garbage-first heap   total 133120K, used 81262K [0x0000000780000000, 0x0000000800000000)
  region size 1024K, 76 young (77824K), 1 survivors (1024K)
 Metaspace       used 10682K, committed 10880K, reserved 1114112K
  class space    used 1161K, committed 1280K, reserved 1048576K
}
Event: 3982.388 GC heap after
{Heap after GC invocations=119 (full 0):
 garbage-first heap   total 133120K, used 4464K [0x0000000780000000, 0x0000000800000000)
  region size 1024K, 1 young (1024K), 1 survivors (1024K)
 Metaspace       used 10682K, committed 10880K, reserved 1114112K
  class space    used 1161K, committed 1280K, reserved 1048576K
}
Event: 4015.822 GC heap before
{Heap before GC invocations=119 (full 0):
 garbage-first heap   total 133120K, used 81264K [0x0000000780000000, 0x0000000800000000)
  region size 1024K, 76 young (77824K), 1 survivors (1024K)
 Metaspace       used 10682K, committed 10880K, reserved 1114112K
  class space    used 1161K, committed 1280K, reserved 1048576K
}
Event: 4015.824 GC heap after
{Heap after GC invocations=120 (full 0):
 garbage-first heap   total 133120K, used 4464K [0x0000000780000000, 0x0000000800000000)
  region size 1024K, 1 young (1024K), 1 survivors (1024K)
 Metaspace       used 10682K, committed 10880K, reserved 1114112K
  class space    used 1161K, committed 1280K, reserved 1048576K
}
Event: 4049.056 GC heap before
{Heap before GC invocations=120 (full 0):
 garbage-first heap   total 133120K, used 81264K [0x0000000780000000, 0x0000000800000000)
  region size 1024K, 76 young (77824K), 1 survivors (1024K)
 Metaspace       used 10682K, committed 10880K, reserved 1114112K
  class space    used 1161K, committed 1280K, reserved 1048576K
}
Event: 4049.057 GC heap after
{Heap after GC invocations=121 (full 0):
 garbage-first heap   total 133120K, used 4466K [0x0000000780000000, 0x0000000800000000)
  region size 1024K, 1 young (1024K), 1 survivors (1024K)
 Metaspace       used 10682K, committed 10880K, reserved 1114112K
  class space    used 1161K, committed 1280K, reserved 1048576K
}
Event: 4082.465 GC heap before
{Heap before GC invocations=121 (full 0):
 garbage-first heap   total 133120K, used 81266K [0x0000000780000000, 0x0000000800000000)
  region size 1024K, 76 young (77824K), 1 survivors (1024K)
 Metaspace       used 10682K, committed 10880K, reserved 1114112K
  class space    used 1161K, committed 1280K, reserved 1048576K
}
Event: 4082.467 GC heap after
{Heap after GC invocations=122 (full 0):
 garbage-first heap   total 133120K, used 4465K [0x0000000780000000, 0x0000000800000000)
  region size 1024K, 1 young (1024K), 1 survivors (1024K)
 Metaspace       used 10682K, committed 10880K, reserved 1114112K
  class space    used 1161K, committed 1280K, reserved 1048576K
}

Dll operation events (8 events):
Event: 0.003 Loaded shared library /Applications/Apache NetBeans.app/Contents/Home/lib/libjava.dylib
Event: 0.023 Loaded shared library /Applications/Apache NetBeans.app/Contents/Home/lib/libnio.dylib
Event: 0.024 Loaded shared library /Applications/Apache NetBeans.app/Contents/Home/lib/libjimage.dylib
Event: 0.031 Loaded shared library /Applications/Apache NetBeans.app/Contents/Home/lib/libawt.dylib
Event: 0.033 Loaded shared library /Applications/Apache NetBeans.app/Contents/Home/lib/libawt_lwawt.dylib
Event: 0.055 Loaded shared library /Applications/Apache NetBeans.app/Contents/Home/lib/libfontmanager.dylib
Event: 0.203 Loaded shared library /Applications/Apache NetBeans.app/Contents/Home/lib/libosxui.dylib
Event: 0.349 Loaded shared library /Applications/Apache NetBeans.app/Contents/Home/lib/libjavajpeg.dylib

Deoptimization events (20 events):
Event: 31.332 Thread 0x000000013d18be00 DEOPT PACKING pc=0x0000000113168234 sp=0x0000000172492740
Event: 31.332 Thread 0x000000013d18be00 DEOPT UNPACKING pc=0x0000000112b5701c sp=0x00000001724926c0 mode 2
Event: 31.332 Thread 0x000000013d18be00 Uncommon trap: trap_request=0xffffff6e fr.pc=0x00000001131637d8 relative=0x0000000000003418
Event: 31.332 Thread 0x000000013d18be00 Uncommon trap: reason=loop_limit_check action=maybe_recompile pc=0x00000001131637d8 method=java.awt.EventDispatchThread.filterAndCheckEvent(Ljava/awt/AWTEvent;)Z @ 22 c2
Event: 31.332 Thread 0x000000013d18be00 DEOPT PACKING pc=0x00000001131637d8 sp=0x0000000172492760
Event: 31.332 Thread 0x000000013d18be00 DEOPT UNPACKING pc=0x0000000112b5701c sp=0x00000001724926d0 mode 2
Event: 246.870 Thread 0x000000013d18be00 Uncommon trap: trap_request=0xfffffff4 fr.pc=0x00000001131262a4 relative=0x00000000000020a4
Event: 246.870 Thread 0x000000013d18be00 Uncommon trap: reason=null_check action=make_not_entrant pc=0x00000001131262a4 method=sun.java2d.pipe.BufferedContext.validate(Lsun/java2d/pipe/hw/AccelSurface;Lsun/java2d/pipe/hw/AccelSurface;Lsun/java2d/pipe/Region;Ljava/awt/Composite;Ljava/awt/geom/Aff
Event: 246.870 Thread 0x000000013d18be00 DEOPT PACKING pc=0x00000001131262a4 sp=0x0000000172492370
Event: 246.871 Thread 0x000000013d18be00 DEOPT UNPACKING pc=0x0000000112b5701c sp=0x00000001724922d0 mode 2
Event: 304.362 Thread 0x000000013d0a3200 Uncommon trap: trap_request=0xffffff45 fr.pc=0x000000011314bd00 relative=0x0000000000000bc0
Event: 304.362 Thread 0x000000013d0a3200 Uncommon trap: reason=unstable_if action=reinterpret pc=0x000000011314bd00 method=java.util.concurrent.locks.AbstractQueuedSynchronizer.acquire(Ljava/util/concurrent/locks/AbstractQueuedSynchronizer$Node;IZZZJ)I @ 49 c2
Event: 304.363 Thread 0x000000013d0a3200 DEOPT PACKING pc=0x000000011314bd00 sp=0x000000016f6df0a0
Event: 304.364 Thread 0x000000013d0a3200 DEOPT UNPACKING pc=0x0000000112b5701c sp=0x000000016f6deff0 mode 2
Event: 345.277 Thread 0x000000013d964200 DEOPT PACKING pc=0x000000010b9246ec sp=0x000000017207a8a0
Event: 345.278 Thread 0x000000013d964200 DEOPT UNPACKING pc=0x0000000112b56e7c sp=0x000000017207a5f0 mode 0
Event: 705.801 Thread 0x000000013d18be00 DEOPT PACKING pc=0x000000010b92bfb8 sp=0x00000001724927f0
Event: 705.802 Thread 0x000000013d18be00 DEOPT UNPACKING pc=0x0000000112b56e7c sp=0x0000000172492510 mode 0
Event: 1353.825 Thread 0x000000013d311800 DEOPT PACKING pc=0x000000010b92e028 sp=0x00000001727b68e0
Event: 1353.825 Thread 0x000000013d311800 DEOPT UNPACKING pc=0x0000000112b56e7c sp=0x00000001727b65d0 mode 0

Classes loaded (20 events):
Event: 2.144 Loading class javax/swing/JComponent$KeyboardState
Event: 2.144 Loading class javax/swing/JComponent$KeyboardState done
Event: 2.144 Loading class javax/swing/JComponent$IntVector
Event: 2.144 Loading class javax/swing/JComponent$IntVector done
Event: 2.144 Loading class javax/swing/JComponent$ActionStandin
Event: 2.144 Loading class javax/swing/JComponent$ActionStandin done
Event: 2.144 Loading class javax/swing/KeyboardManager
Event: 2.144 Loading class javax/swing/KeyboardManager done
Event: 2.144 Loading class javax/swing/Popup$HeavyWeightWindow
Event: 2.144 Loading class sun/awt/ModalExclude
Event: 2.144 Loading class sun/awt/ModalExclude done
Event: 2.144 Loading class javax/swing/JWindow
Event: 2.144 Loading class javax/swing/JWindow done
Event: 2.144 Loading class javax/swing/Popup$HeavyWeightWindow done
Event: 4.368 Loading class java/awt/LightweightDispatcher$2
Event: 4.368 Loading class java/awt/LightweightDispatcher$2 done
Event: 18.693 Loading class java/security/DomainCombiner
Event: 18.693 Loading class java/security/DomainCombiner done
Event: 67.028 Loading class java/awt/image/BufferedImageOp
Event: 67.028 Loading class java/awt/image/BufferedImageOp done

Classes unloaded (0 events):
No events

Classes redefined (0 events):
No events

Internal exceptions (20 events):
Event: 0.271 Thread 0x000000013d019400 Exception <a 'java/lang/ClassNotFoundException'{0x0000000787c0e0b0}: TreeCell> (0x0000000787c0e0b0) 
thrown [src/hotspot/share/classfile/systemDictionary.cpp, line 315]
Event: 0.272 Thread 0x000000013d019400 Exception <a 'java/lang/ClassNotFoundException'{0x0000000787c0e858}: RootPane> (0x0000000787c0e858) 
thrown [src/hotspot/share/classfile/systemDictionary.cpp, line 315]
Event: 0.273 Thread 0x000000013d019400 Exception <a 'java/lang/ClassNotFoundException'{0x0000000787c12da0}: com/sun/swing/internal/plaf/basic/resources/spi/basicProvider> (0x0000000787c12da0) 
thrown [src/hotspot/share/classfile/systemDictionary.cpp, line 315]
Event: 0.281 Thread 0x000000013d18be00 Exception <a 'java/lang/ClassNotFoundException'{0x0000000787c899d8}: com/sun/swing/internal/plaf/synth/resources/spi/synthProvider> (0x0000000787c899d8) 
thrown [src/hotspot/share/classfile/systemDictionary.cpp, line 315]
Event: 0.296 Thread 0x000000013d18be00 Exception <a 'java/lang/NoSuchMethodError'{0x0000000787ccdc10}: 'int java.lang.invoke.Invokers$Holder.invokeExact_MT(java.lang.Object, java.lang.Object)'> (0x0000000787ccdc10) 
thrown [src/hotspot/share/interpreter/linkResolver.cpp, line 773]
Event: 0.301 Thread 0x000000013d18be00 Exception <a 'java/lang/NoSuchMethodError'{0x0000000787ce59d8}: 'void java.lang.invoke.Invokers$Holder.invokeExact_MT(java.lang.Object, java.lang.Object, java.lang.Object, java.lang.Object)'> (0x0000000787ce59d8) 
thrown [src/hotspot/share/interpreter/linkResolver.cpp, line 773]
Event: 0.304 Thread 0x000000013d18be00 Exception <a 'java/lang/NoSuchMethodError'{0x0000000787b05ad8}: 'java.lang.Object java.lang.invoke.DirectMethodHandle$Holder.newInvokeSpecial(java.lang.Object, java.lang.Object, java.lang.Object, int, java.lang.Object)'> (0x0000000787b05ad8) 
thrown [src/hotspot/share/interpreter/linkResolver.cpp, line 773]
Event: 0.304 Thread 0x000000013d18be00 Exception <a 'java/lang/NoSuchMethodError'{0x0000000787b0d180}: 'java.lang.Object java.lang.invoke.Invokers$Holder.linkToTargetMethod(java.lang.Object, java.lang.Object, int, java.lang.Object, java.lang.Object)'> (0x0000000787b0d180) 
thrown [src/hotspot/share/interpreter/linkResolver.cpp, line 773]
Event: 0.315 Thread 0x000000013d18be00 Exception <a 'java/lang/NoSuchMethodError'{0x0000000787b11430}: 'void java.lang.invoke.DirectMethodHandle$Holder.invokeStatic(java.lang.Object, int, long)'> (0x0000000787b11430) 
thrown [src/hotspot/share/interpreter/linkResolver.cpp, line 773]
Event: 0.324 Thread 0x000000013d18be00 Exception <a 'java/lang/NoSuchMethodError'{0x0000000787b357c8}: 'java.lang.Object java.lang.invoke.Invokers$Holder.linkToTargetMethod(int, int, int, int, java.lang.Object)'> (0x0000000787b357c8) 
thrown [src/hotspot/share/interpreter/linkResolver.cpp, line 773]
Event: 0.325 Thread 0x000000013d18be00 Exception <a 'java/lang/NoSuchMethodError'{0x0000000787b391a0}: 'void java.lang.invoke.DirectMethodHandle$Holder.invokeStatic(java.lang.Object, java.lang.Object, long)'> (0x0000000787b391a0) 
thrown [src/hotspot/share/interpreter/linkResolver.cpp, line 773]
Event: 0.331 Thread 0x000000013d0a3200 Exception <a 'java/lang/NoSuchMethodError'{0x0000000787a13620}: 'void java.lang.invoke.DirectMethodHandle$Holder.invokeSpecial(java.lang.Object, java.lang.Object, long)'> (0x0000000787a13620) 
thrown [src/hotspot/share/interpreter/linkResolver.cpp, line 773]
Event: 0.354 Thread 0x000000013d0a3200 Exception <a 'java/lang/NoSuchMethodError'{0x0000000787a21588}: 'void java.lang.invoke.DirectMethodHandle$Holder.invokeStatic(java.lang.Object, long)'> (0x0000000787a21588) 
thrown [src/hotspot/share/interpreter/linkResolver.cpp, line 773]
Event: 0.384 Thread 0x000000013d18be00 Exception <a 'java/lang/NoSuchMethodError'{0x00000007878c6260}: 'java.lang.Object java.lang.invoke.DirectMethodHandle$Holder.newInvokeSpecial(java.lang.Object, java.lang.Object, int)'> (0x00000007878c6260) 
thrown [src/hotspot/share/interpreter/linkResolver.cpp, line 773]
Event: 0.385 Thread 0x000000013d18be00 Exception <a 'java/lang/NoSuchMethodError'{0x00000007878cb070}: 'int java.lang.invoke.DirectMethodHandle$Holder.invokeSpecial(java.lang.Object, java.lang.Object, java.lang.Object, int)'> (0x00000007878cb070) 
thrown [src/hotspot/share/interpreter/linkResolver.cpp, line 773]
Event: 0.386 Thread 0x000000013d18be00 Exception <a 'java/lang/NoSuchMethodError'{0x00000007878dd1d0}: 'java.lang.Object java.lang.invoke.DirectMethodHandle$Holder.invokeStatic(java.lang.Object, java.lang.Object, java.lang.Object, java.lang.Object, int)'> (0x00000007878dd1d0) 
thrown [src/hotspot/share/interpreter/linkResolver.cpp, line 773]
Event: 0.388 Thread 0x000000013d18be00 Exception <a 'java/lang/NoSuchMethodError'{0x00000007878e55c8}: 'int java.lang.invoke.DirectMethodHandle$Holder.invokeSpecial(java.lang.Object, java.lang.Object, java.lang.Object)'> (0x00000007878e55c8) 
thrown [src/hotspot/share/interpreter/linkResolver.cpp, line 773]
Event: 0.666 Thread 0x000000013d18be00 Exception <a 'java/lang/NoSuchMethodError'{0x00000007876230e8}: 'void java.lang.invoke.DirectMethodHandle$Holder.invokeStatic(java.lang.Object, long, long)'> (0x00000007876230e8) 
thrown [src/hotspot/share/interpreter/linkResolver.cpp, line 773]
Event: 0.666 Thread 0x000000013d18be00 Exception <a 'java/lang/NoSuchMethodError'{0x0000000787628148}: 'java.lang.Object java.lang.invoke.DirectMethodHandle$Holder.newInvokeSpecial(java.lang.Object, long)'> (0x0000000787628148) 
thrown [src/hotspot/share/interpreter/linkResolver.cpp, line 773]
Event: 246.870 Thread 0x000000013d18be00 Implicit null exception at 0x00000001131243f8 to 0x0000000113126288

ZGC Phase Switch (0 events):
No events

VM Operations (20 events):
Event: 3969.688 Executing VM operation: HandshakeAllThreads (HandshakeForDeflation)
Event: 3969.688 Executing VM operation: HandshakeAllThreads (HandshakeForDeflation) done
Event: 3969.688 Executing VM operation: RendezvousGCThreads
Event: 3969.688 Executing VM operation: RendezvousGCThreads done
Event: 3982.386 Executing VM operation: G1CollectForAllocation (G1 Evacuation Pause)
Event: 3982.388 Executing VM operation: G1CollectForAllocation (G1 Evacuation Pause) done
Event: 4015.822 Executing VM operation: G1CollectForAllocation (G1 Evacuation Pause)
Event: 4015.824 Executing VM operation: G1CollectForAllocation (G1 Evacuation Pause) done
Event: 4029.855 Executing VM operation: HandshakeAllThreads (HandshakeForDeflation)
Event: 4029.855 Executing VM operation: HandshakeAllThreads (HandshakeForDeflation) done
Event: 4029.855 Executing VM operation: RendezvousGCThreads
Event: 4029.855 Executing VM operation: RendezvousGCThreads done
Event: 4049.056 Executing VM operation: G1CollectForAllocation (G1 Evacuation Pause)
Event: 4049.057 Executing VM operation: G1CollectForAllocation (G1 Evacuation Pause) done
Event: 4082.465 Executing VM operation: G1CollectForAllocation (G1 Evacuation Pause)
Event: 4082.467 Executing VM operation: G1CollectForAllocation (G1 Evacuation Pause) done
Event: 4090.077 Executing VM operation: HandshakeAllThreads (HandshakeForDeflation)
Event: 4090.077 Executing VM operation: HandshakeAllThreads (HandshakeForDeflation) done
Event: 4090.077 Executing VM operation: RendezvousGCThreads
Event: 4090.077 Executing VM operation: RendezvousGCThreads done

Events (20 events):
Event: 0.014 Thread 0x000000011e822c00 Thread added: 0x000000011e822c00
Event: 0.014 Protecting memory [0x000000017173c000,0x0000000171748000] with protection modes 0
Event: 0.015 Thread 0x000000011e823400 Thread added: 0x000000011e823400
Event: 0.015 Protecting memory [0x0000000171948000,0x0000000171954000] with protection modes 0
Event: 0.058 Protecting memory [0x000000016eee8000,0x000000016eef4000] with protection modes 0
Event: 0.058 Thread 0x000000013d0a3200 Thread added: 0x000000013d0a3200
Event: 0.099 Thread 0x000000011e82c200 Thread added: 0x000000011e82c200
Event: 0.099 Protecting memory [0x0000000171be0000,0x0000000171bec000] with protection modes 0
Event: 0.247 Thread 0x000000013d964200 Thread added: 0x000000013d964200
Event: 0.247 Protecting memory [0x0000000171e78000,0x0000000171e84000] with protection modes 0
Event: 0.248 Thread 0x000000011e824000 Thread added: 0x000000011e824000
Event: 0.248 Protecting memory [0x0000000172084000,0x0000000172090000] with protection modes 0
Event: 0.278 Thread 0x000000013d18be00 Thread added: 0x000000013d18be00
Event: 0.278 Protecting memory [0x0000000172290000,0x000000017229c000] with protection modes 0
Event: 0.278 Protecting memory [0x000000016f770000,0x000000016f77c000] with protection modes 3
Event: 0.278 Thread 0x000000013d019400 Thread exited: 0x000000013d019400
Event: 0.278 Protecting memory [0x000000016f770000,0x000000016f77c000] with protection modes 0
Event: 0.278 Thread 0x000000013d019400 Thread added: 0x000000013d019400
Event: 0.382 Thread 0x000000013d311800 Thread added: 0x000000013d311800
Event: 0.382 Protecting memory [0x00000001725b4000,0x00000001725c0000] with protection modes 0


Dynamic libraries:
0x0000000100ba4000 	/Applications/Apache NetBeans.app/Contents/Home/lib/libjli.dylib
0x00000001a4512000 	/System/Library/Frameworks/Cocoa.framework/Versions/A/Cocoa
0x000000018e067000 	/System/Library/Frameworks/AppKit.framework/Versions/C/AppKit
0x00000001910af000 	/System/Library/Frameworks/CoreData.framework/Versions/A/CoreData
0x000000018b973000 	/System/Library/Frameworks/Foundation.framework/Versions/C/Foundation
0x0000000197092000 	/usr/lib/libSystem.B.dylib
0x000000018f393000 	/System/Library/PrivateFrameworks/UIFoundation.framework/Versions/A/UIFoundation
0x0000000201392000 	/System/Library/PrivateFrameworks/CollectionViewCore.framework/Versions/A/CollectionViewCore
0x000000019e23f000 	/System/Library/PrivateFrameworks/RemoteViewServices.framework/Versions/A/RemoteViewServices
0x0000000195132000 	/System/Library/PrivateFrameworks/XCTTargetBootstrap.framework/Versions/A/XCTTargetBootstrap
0x000000019967d000 	/System/Library/PrivateFrameworks/InternationalSupport.framework/Versions/A/InternationalSupport
0x0000000199705000 	/System/Library/PrivateFrameworks/UserActivity.framework/Versions/A/UserActivity
0x00000002236fb000 	/System/Library/PrivateFrameworks/WindowManagement.framework/Versions/A/WindowManagement
0x000000018b5fc000 	/System/Library/Frameworks/SystemConfiguration.framework/Versions/A/SystemConfiguration
0x0000000198b1e000 	/usr/lib/libspindump.dylib
0x000000018f548000 	/System/Library/Frameworks/UniformTypeIdentifiers.framework/Versions/A/UniformTypeIdentifiers
0x0000000193085000 	/usr/lib/libapp_launch_measurement.dylib
0x0000000192497000 	/System/Library/PrivateFrameworks/CoreAnalytics.framework/Versions/A/CoreAnalytics
0x000000019308c000 	/System/Library/PrivateFrameworks/CoreAutoLayout.framework/Versions/A/CoreAutoLayout
0x000000019495c000 	/System/Library/Frameworks/Metal.framework/Versions/A/Metal
0x00000001958a2000 	/usr/lib/liblangid.dylib
0x0000000195138000 	/System/Library/PrivateFrameworks/CoreSVG.framework/Versions/A/CoreSVG
0x000000018ff02000 	/System/Library/PrivateFrameworks/SkyLight.framework/Versions/A/SkyLight
0x000000019039a000 	/System/Library/Frameworks/CoreGraphics.framework/Versions/A/CoreGraphics
0x000000019e987000 	/System/Library/Frameworks/Accelerate.framework/Versions/A/Accelerate
0x000000019897c000 	/System/Library/PrivateFrameworks/IconServices.framework/Versions/A/IconServices
0x000000019493a000 	/System/Library/Frameworks/IOSurface.framework/Versions/A/IOSurface
0x00000001924c6000 	/usr/lib/libDiagnosticMessagesClient.dylib
0x0000000196fd5000 	/usr/lib/libz.1.dylib
0x00000001a207f000 	/System/Library/Frameworks/ApplicationServices.framework/Versions/A/ApplicationServices
0x000000019511a000 	/System/Library/PrivateFrameworks/DFRFoundation.framework/Versions/A/DFRFoundation
0x000000018d8d3000 	/usr/lib/libicucore.A.dylib
0x000000019a6e3000 	/System/Library/Frameworks/AudioToolbox.framework/Versions/A/AudioToolbox
0x000000019968a000 	/System/Library/PrivateFrameworks/DataDetectorsCore.framework/Versions/A/DataDetectorsCore
0x00000001b297c000 	/System/Library/PrivateFrameworks/TextInput.framework/Versions/A/TextInput
0x000000018fe55000 	/usr/lib/libMobileGestalt.dylib
0x0000000194e5a000 	/System/Library/Frameworks/Carbon.framework/Versions/A/Frameworks/HIToolbox.framework/Versions/A/HIToolbox
0x0000000192998000 	/System/Library/Frameworks/QuartzCore.framework/Versions/A/QuartzCore
0x000000018d511000 	/System/Library/Frameworks/Security.framework/Versions/A/Security
0x000000019e27f000 	/System/Library/Frameworks/Carbon.framework/Versions/A/Frameworks/SpeechRecognition.framework/Versions/A/SpeechRecognition
0x0000000192db3000 	/System/Library/PrivateFrameworks/CoreUI.framework/Versions/A/CoreUI
0x000000018ce1d000 	/System/Library/Frameworks/CoreAudio.framework/Versions/A/CoreAudio
0x00000001925aa000 	/System/Library/Frameworks/DiskArbitration.framework/Versions/A/DiskArbitration
0x0000000198f75000 	/System/Library/PrivateFrameworks/MultitouchSupport.framework/Versions/A/MultitouchSupport
0x000000018fe53000 	/usr/lib/libenergytrace.dylib
0x00000001a84e7000 	/System/Library/PrivateFrameworks/RenderBox.framework/Versions/A/RenderBox
0x000000018df1d000 	/System/Library/Frameworks/IOKit.framework/Versions/A/IOKit
0x000000019e683000 	/System/Library/Frameworks/CoreServices.framework/Versions/A/CoreServices
0x0000000193011000 	/System/Library/PrivateFrameworks/PerformanceAnalysis.framework/Versions/A/PerformanceAnalysis
0x00000001f2fe7000 	/System/Library/Frameworks/OpenGL.framework/Versions/A/OpenGL
0x00000001930d6000 	/usr/lib/libxml2.2.dylib
0x00000001964cf000 	/System/Library/PrivateFrameworks/MobileKeyBag.framework/Versions/A/MobileKeyBag
0x000000018a410000 	/usr/lib/libobjc.A.dylib
0x000000018a6fa000 	/usr/lib/libc++.1.dylib
0x000000019e600000 	/System/Library/Frameworks/Accessibility.framework/Versions/A/Accessibility
0x0000000190a78000 	/System/Library/Frameworks/ColorSync.framework/Versions/A/ColorSync
0x000000018a846000 	/System/Library/Frameworks/CoreFoundation.framework/Versions/A/CoreFoundation
0x000000019548e000 	/System/Library/Frameworks/CoreImage.framework/Versions/A/CoreImage
0x000000018cc29000 	/System/Library/Frameworks/CoreText.framework/Versions/A/CoreText
0x00000001f77e9000 	/System/Library/Frameworks/CoreTransferable.framework/Versions/A/CoreTransferable
0x00000001f7ccb000 	/System/Library/Frameworks/DeveloperToolsSupport.framework/Versions/A/DeveloperToolsSupport
0x0000000195173000 	/System/Library/Frameworks/ImageIO.framework/Versions/A/ImageIO
0x00000001fbc19000 	/System/Library/Frameworks/Symbols.framework/Versions/A/Symbols
0x0000000197098000 	/System/Library/PrivateFrameworks/SoftLinking.framework/Versions/A/SoftLinking
0x000000019a0b5000 	/usr/lib/swift/libswiftCore.dylib
0x00000001af6b0000 	/usr/lib/swift/libswiftCoreFoundation.dylib
0x00000001ad341000 	/usr/lib/swift/libswiftCoreGraphics.dylib
0x00000001af6fc000 	/usr/lib/swift/libswiftCoreImage.dylib
0x00000001ad348000 	/usr/lib/swift/libswiftDarwin.dylib
0x000000019fcf7000 	/usr/lib/swift/libswiftDispatch.dylib
0x00000001af6fd000 	/usr/lib/swift/libswiftIOKit.dylib
0x00000001bb0bc000 	/usr/lib/swift/libswiftMetal.dylib
0x00000001c7a66000 	/usr/lib/swift/libswiftOSLog.dylib
0x00000001a24eb000 	/usr/lib/swift/libswiftObjectiveC.dylib
0x00000001bece7000 	/usr/lib/swift/libswiftQuartzCore.dylib
0x00000001c2d3e000 	/usr/lib/swift/libswiftUniformTypeIdentifiers.dylib
0x00000001af6c6000 	/usr/lib/swift/libswiftXPC.dylib
0x000000022ba08000 	/usr/lib/swift/libswift_Concurrency.dylib
0x00000001a24ef000 	/usr/lib/swift/libswiftos.dylib
0x00000001b28e0000 	/usr/lib/swift/libswiftsimd.dylib
0x0000000197246000 	/usr/lib/libcompression.dylib
0x00000001995d7000 	/System/Library/PrivateFrameworks/TextureIO.framework/Versions/A/TextureIO
0x000000019862f000 	/usr/lib/libate.dylib
0x000000019708c000 	/usr/lib/system/libcache.dylib
0x0000000197047000 	/usr/lib/system/libcommonCrypto.dylib
0x0000000197073000 	/usr/lib/system/libcompiler_rt.dylib
0x0000000197069000 	/usr/lib/system/libcopyfile.dylib
0x000000018a55b000 	/usr/lib/system/libcorecrypto.dylib
0x000000018a631000 	/usr/lib/system/libdispatch.dylib
0x000000018a7ec000 	/usr/lib/system/libdyld.dylib
0x0000000197082000 	/usr/lib/system/libkeymgr.dylib
0x000000019701f000 	/usr/lib/system/libmacho.dylib
0x00000001965b5000 	/usr/lib/system/libquarantine.dylib
0x000000019707f000 	/usr/lib/system/libremovefile.dylib
0x000000018fec9000 	/usr/lib/system/libsystem_asl.dylib
0x000000018a4f4000 	/usr/lib/system/libsystem_blocks.dylib
0x000000018a67b000 	/usr/lib/system/libsystem_c.dylib
0x0000000197077000 	/usr/lib/system/libsystem_collections.dylib
0x0000000195891000 	/usr/lib/system/libsystem_configuration.dylib
0x0000000194910000 	/usr/lib/system/libsystem_containermanager.dylib
0x0000000196cbb000 	/usr/lib/system/libsystem_coreservices.dylib
0x000000018db8c000 	/usr/lib/system/libsystem_darwin.dylib
0x000000022bd35000 	/usr/lib/system/libsystem_darwindirectory.dylib
0x0000000197083000 	/usr/lib/system/libsystem_dnssd.dylib
0x000000018a678000 	/usr/lib/system/libsystem_featureflags.dylib
0x000000018a819000 	/usr/lib/system/libsystem_info.dylib
0x0000000196fe4000 	/usr/lib/system/libsystem_m.dylib
0x000000018a5fa000 	/usr/lib/system/libsystem_malloc.dylib
0x000000018fe39000 	/usr/lib/system/libsystem_networkextension.dylib
0x000000018dfff000 	/usr/lib/system/libsystem_notify.dylib
0x0000000195896000 	/usr/lib/system/libsystem_sandbox.dylib
0x000000019707c000 	/usr/lib/system/libsystem_secinit.dylib
0x000000018a7a4000 	/usr/lib/system/libsystem_kernel.dylib
0x000000018a812000 	/usr/lib/system/libsystem_platform.dylib
0x000000018a7df000 	/usr/lib/system/libsystem_pthread.dylib
0x00000001918a1000 	/usr/lib/system/libsystem_symptoms.dylib
0x000000018a540000 	/usr/lib/system/libsystem_trace.dylib
0x0000000197055000 	/usr/lib/system/libunwind.dylib
0x000000018a4f9000 	/usr/lib/system/libxpc.dylib
0x000000018a788000 	/usr/lib/libc++abi.dylib
0x0000000197061000 	/usr/lib/liboah.dylib
0x00000001984e2000 	/usr/lib/liblzma.5.dylib
0x0000000197094000 	/usr/lib/libfakelink.dylib
0x000000018fa65000 	/System/Library/Frameworks/CFNetwork.framework/Versions/A/CFNetwork
0x00000001970e8000 	/usr/lib/libarchive.2.dylib
0x000000019c56a000 	/System/Library/Frameworks/Combine.framework/Versions/A/Combine
0x00000002013a6000 	/System/Library/PrivateFrameworks/CollectionsInternal.framework/Versions/A/CollectionsInternal
0x0000000216b75000 	/System/Library/PrivateFrameworks/ReflectionInternal.framework/Versions/A/ReflectionInternal
0x0000000217122000 	/System/Library/PrivateFrameworks/RuntimeInternal.framework/Versions/A/RuntimeInternal
0x000000022bb51000 	/usr/lib/swift/libswift_StringProcessing.dylib
0x000000018de9c000 	/System/Library/PrivateFrameworks/CoreServicesInternal.framework/Versions/A/CoreServicesInternal
0x00000001965dc000 	/usr/lib/libbsm.0.dylib
0x0000000197027000 	/usr/lib/system/libkxld.dylib
0x000000019304d000 	/System/Library/Frameworks/CoreServices.framework/Versions/A/Frameworks/FSEvents.framework/Versions/A/FSEvents
0x000000018db97000 	/System/Library/Frameworks/CoreServices.framework/Versions/A/Frameworks/CarbonCore.framework/Versions/A/CarbonCore
0x000000019250f000 	/System/Library/Frameworks/CoreServices.framework/Versions/A/Frameworks/Metadata.framework/Versions/A/Metadata
0x0000000196cc1000 	/System/Library/Frameworks/CoreServices.framework/Versions/A/Frameworks/OSServices.framework/Versions/A/OSServices
0x0000000197171000 	/System/Library/Frameworks/CoreServices.framework/Versions/A/Frameworks/SearchKit.framework/Versions/A/SearchKit
0x0000000191823000 	/System/Library/Frameworks/CoreServices.framework/Versions/A/Frameworks/AE.framework/Versions/A/AE
0x000000018ad1e000 	/System/Library/Frameworks/CoreServices.framework/Versions/A/Frameworks/LaunchServices.framework/Versions/A/LaunchServices
0x000000019848b000 	/System/Library/Frameworks/CoreServices.framework/Versions/A/Frameworks/DictionaryServices.framework/Versions/A/DictionaryServices
0x000000019305a000 	/System/Library/Frameworks/CoreServices.framework/Versions/A/Frameworks/SharedFileList.framework/Versions/A/SharedFileList
0x0000000197210000 	/usr/lib/libapple_nghttp2.dylib
0x00000001914a5000 	/usr/lib/libsqlite3.dylib
0x00000001918aa000 	/System/Library/Frameworks/Network.framework/Versions/A/Network
0x000000022a49e000 	/usr/lib/libCoreEntitlements.dylib
0x0000000211ec0000 	/System/Library/PrivateFrameworks/MessageSecurity.framework/Versions/A/MessageSecurity
0x000000019148b000 	/System/Library/PrivateFrameworks/ProtocolBuffer.framework/Versions/A/ProtocolBuffer
0x0000000196bea000 	/System/Library/PrivateFrameworks/AppleFSCompression.framework/Versions/A/AppleFSCompression
0x00000001965c4000 	/usr/lib/libcoretls.dylib
0x00000001984fb000 	/usr/lib/libcoretls_cfhelpers.dylib
0x0000000197240000 	/usr/lib/libpam.2.dylib
0x000000019856c000 	/usr/lib/libxar.1.dylib
0x0000000198953000 	/usr/lib/libheimdal-asn1.dylib
0x000000018fa64000 	/usr/lib/libnetwork.dylib
0x0000000197099000 	/usr/lib/libpcap.A.dylib
0x0000000191897000 	/usr/lib/libdns_services.dylib
0x000000019589e000 	/System/Library/PrivateFrameworks/AppleSystemInfo.framework/Versions/A/AppleSystemInfo
0x00000001962c5000 	/System/Library/PrivateFrameworks/IOMobileFramebuffer.framework/Versions/A/IOMobileFramebuffer
0x000000022baa5000 	/usr/lib/swift/libswift_RegexParser.dylib
0x0000000196cae000 	/usr/lib/libbz2.1.0.dylib
0x00000001965b8000 	/usr/lib/libCheckFix.dylib
0x000000018fee1000 	/System/Library/PrivateFrameworks/TCC.framework/Versions/A/TCC
0x00000001958a4000 	/System/Library/PrivateFrameworks/CoreNLP.framework/Versions/A/CoreNLP
0x00000001924c8000 	/System/Library/PrivateFrameworks/MetadataUtilities.framework/Versions/A/MetadataUtilities
0x00000001965ee000 	/usr/lib/libmecab.dylib
0x000000018b68f000 	/usr/lib/libCRFSuite.dylib
0x000000019664a000 	/usr/lib/libgermantok.dylib
0x00000001971e8000 	/usr/lib/libThaiTokenizer.dylib
0x00000001925b3000 	/System/Library/Frameworks/Accelerate.framework/Versions/A/Frameworks/vImage.framework/Versions/A/vImage
0x000000019e65a000 	/System/Library/Frameworks/Accelerate.framework/Versions/A/Frameworks/vecLib.framework/Versions/A/vecLib
0x00000001985b3000 	/System/Library/Frameworks/Accelerate.framework/Versions/A/Frameworks/vecLib.framework/Versions/A/libvMisc.dylib
0x00000001961a1000 	/System/Library/Frameworks/Accelerate.framework/Versions/A/Frameworks/vecLib.framework/Versions/A/libvDSP.dylib
0x000000018b11e000 	/System/Library/Frameworks/Accelerate.framework/Versions/A/Frameworks/vecLib.framework/Versions/A/libBLAS.dylib
0x0000000197319000 	/System/Library/Frameworks/Accelerate.framework/Versions/A/Frameworks/vecLib.framework/Versions/A/libLAPACK.dylib
0x000000019664d000 	/System/Library/Frameworks/Accelerate.framework/Versions/A/Frameworks/vecLib.framework/Versions/A/libLinearAlgebra.dylib
0x000000019722b000 	/System/Library/Frameworks/Accelerate.framework/Versions/A/Frameworks/vecLib.framework/Versions/A/libSparseBLAS.dylib
0x0000000197314000 	/System/Library/Frameworks/Accelerate.framework/Versions/A/Frameworks/vecLib.framework/Versions/A/libQuadrature.dylib
0x00000001959c6000 	/System/Library/Frameworks/Accelerate.framework/Versions/A/Frameworks/vecLib.framework/Versions/A/libBNNS.dylib
0x000000018b595000 	/System/Library/Frameworks/Accelerate.framework/Versions/A/Frameworks/vecLib.framework/Versions/A/libSparse.dylib
0x0000000210736000 	/System/Library/PrivateFrameworks/MIL.framework/Versions/A/MIL
0x00000001970cf000 	/usr/lib/libiconv.2.dylib
0x000000019701b000 	/usr/lib/libcharset.1.dylib
0x000000019302d000 	/System/Library/Frameworks/OpenDirectory.framework/Versions/A/Frameworks/CFOpenDirectory.framework/Versions/A/CFOpenDirectory
0x000000019301d000 	/System/Library/Frameworks/OpenDirectory.framework/Versions/A/OpenDirectory
0x00000001984fd000 	/System/Library/PrivateFrameworks/APFS.framework/Versions/A/APFS
0x00000001964f5000 	/System/Library/Frameworks/SecurityFoundation.framework/Versions/A/SecurityFoundation
0x000000019857b000 	/usr/lib/libutil.dylib
0x000000020e91d000 	/System/Library/PrivateFrameworks/InstalledContentLibrary.framework/Versions/A/InstalledContentLibrary
0x000000018dedc000 	/System/Library/PrivateFrameworks/CoreServicesStore.framework/Versions/A/CoreServicesStore
0x00000001fef5e000 	/System/Library/PrivateFrameworks/AppleMobileFileIntegrity.framework/Versions/A/AppleMobileFileIntegrity
0x00000001af68e000 	/usr/lib/libmis.dylib
0x00000001bf1ae000 	/System/Library/PrivateFrameworks/MobileSystemServices.framework/Versions/A/MobileSystemServices
0x00000001f044f000 	/System/Library/PrivateFrameworks/ConfigProfileHelper.framework/Versions/A/ConfigProfileHelper
0x00000001971ea000 	/System/Library/PrivateFrameworks/AppleSauce.framework/Versions/A/AppleSauce
0x000000018c5bb000 	/System/Library/PrivateFrameworks/LanguageModeling.framework/Versions/A/LanguageModeling
0x000000019857f000 	/usr/lib/libxslt.1.dylib
0x00000001970d6000 	/usr/lib/libcmph.dylib
0x0000000196292000 	/System/Library/PrivateFrameworks/CoreEmoji.framework/Versions/A/CoreEmoji
0x00000001959c0000 	/System/Library/PrivateFrameworks/LinguisticData.framework/Versions/A/LinguisticData
0x000000018b4a8000 	/System/Library/PrivateFrameworks/Lexicon.framework/Versions/A/Lexicon
0x0000000196583000 	/System/Library/PrivateFrameworks/BackgroundTaskManagement.framework/Versions/A/BackgroundTaskManagement
0x000000022a687000 	/usr/lib/libTLE.dylib
0x0000000198e3b000 	/System/Library/PrivateFrameworks/AppleJPEG.framework/Versions/A/AppleJPEG
0x0000000198938000 	/usr/lib/libexpat.1.dylib
0x0000000199435000 	/System/Library/Frameworks/ImageIO.framework/Versions/A/Resources/libPng.dylib
0x0000000199460000 	/System/Library/Frameworks/ImageIO.framework/Versions/A/Resources/libTIFF.dylib
0x000000019954b000 	/System/Library/Frameworks/ImageIO.framework/Versions/A/Resources/libGIF.dylib
0x0000000198e81000 	/System/Library/Frameworks/ImageIO.framework/Versions/A/Resources/libJP2.dylib
0x00000001994f0000 	/System/Library/Frameworks/ImageIO.framework/Versions/A/Resources/libJPEG.dylib
0x00000001994e7000 	/System/Library/Frameworks/ImageIO.framework/Versions/A/Resources/libRadiance.dylib
0x0000000194cf5000 	/System/Library/PrivateFrameworks/FontServices.framework/libFontParser.dylib
0x00000001917c1000 	/System/Library/PrivateFrameworks/RunningBoardServices.framework/Versions/A/RunningBoardServices
0x00000001a4da7000 	/System/Library/PrivateFrameworks/IOSurfaceAccelerator.framework/Versions/A/IOSurfaceAccelerator
0x0000000198f71000 	/System/Library/PrivateFrameworks/WatchdogClient.framework/Versions/A/WatchdogClient
0x000000018c79e000 	/System/Library/Frameworks/CoreDisplay.framework/Versions/A/CoreDisplay
0x0000000194bae000 	/System/Library/Frameworks/CoreMedia.framework/Versions/A/CoreMedia
0x0000000194952000 	/System/Library/PrivateFrameworks/IOAccelerator.framework/Versions/A/IOAccelerator
0x00000001931c0000 	/System/Library/Frameworks/CoreVideo.framework/Versions/A/CoreVideo
0x000000019723e000 	/System/Library/Frameworks/MetalPerformanceShaders.framework/Versions/A/MetalPerformanceShaders
0x0000000198fb4000 	/System/Library/Frameworks/VideoToolbox.framework/Versions/A/VideoToolbox
0x000000019325b000 	/System/Library/PrivateFrameworks/UserManagement.framework/Versions/A/UserManagement
0x00000001916f0000 	/System/Library/PrivateFrameworks/BaseBoard.framework/Versions/A/BaseBoard
0x000000019589c000 	/System/Library/PrivateFrameworks/AggregateDictionary.framework/Versions/A/AggregateDictionary
0x00000001feede000 	/System/Library/PrivateFrameworks/AppleKeyStore.framework/Versions/A/AppleKeyStore
0x00000001994e2000 	/System/Library/PrivateFrameworks/GPUWrangler.framework/Versions/A/GPUWrangler
0x00000001994c2000 	/System/Library/PrivateFrameworks/IOPresentment.framework/Versions/A/IOPresentment
0x00000001994ea000 	/System/Library/PrivateFrameworks/DSExternalDisplay.framework/Versions/A/DSExternalDisplay
0x000000020aa8b000 	/System/Library/PrivateFrameworks/GPUCompiler.framework/Versions/32023/Libraries/libllvm-flatbuffers.dylib
0x00000001f2fda000 	/System/Library/Frameworks/OpenGL.framework/Versions/A/Libraries/libCoreFSCache.dylib
0x0000000207cc3000 	/System/Library/PrivateFrameworks/GPUCompiler.framework/Versions/32023/Libraries/libGPUCompilerUtils.dylib
0x0000000199551000 	/System/Library/PrivateFrameworks/CMCaptureCore.framework/Versions/A/CMCaptureCore
0x00000001f7dd0000 	/System/Library/Frameworks/ExtensionFoundation.framework/Versions/A/ExtensionFoundation
0x00000001a053c000 	/System/Library/PrivateFrameworks/CoreTime.framework/Versions/A/CoreTime
0x0000000198b09000 	/System/Library/PrivateFrameworks/AppServerSupport.framework/Versions/A/AppServerSupport
0x000000019b063000 	/System/Library/PrivateFrameworks/perfdata.framework/Versions/A/perfdata
0x000000018c8c2000 	/System/Library/PrivateFrameworks/AudioToolboxCore.framework/Versions/A/AudioToolboxCore
0x0000000194b84000 	/System/Library/PrivateFrameworks/caulk.framework/Versions/A/caulk
0x000000019a8de000 	/usr/lib/libAudioStatistics.dylib
0x00000001ae9ea000 	/System/Library/PrivateFrameworks/SystemPolicy.framework/Versions/A/SystemPolicy
0x000000019abb6000 	/usr/lib/libSMC.dylib
0x00000001a43a1000 	/System/Library/Frameworks/CoreMIDI.framework/Versions/A/CoreMIDI
0x00000001993fc000 	/usr/lib/libAudioToolboxUtility.dylib
0x00000001aa18c000 	/System/Library/PrivateFrameworks/OSAServicesClient.framework/Versions/A/OSAServicesClient
0x000000019b071000 	/usr/lib/libperfcheck.dylib
0x0000000198822000 	/System/Library/PrivateFrameworks/PlugInKit.framework/Versions/A/PlugInKit
0x00000001964e7000 	/System/Library/PrivateFrameworks/AssertionServices.framework/Versions/A/AssertionServices
0x00000001a34b5000 	/System/Library/PrivateFrameworks/ASEProcessing.framework/Versions/A/ASEProcessing
0x00000001cae1f000 	/System/Library/PrivateFrameworks/Symbolication.framework/Versions/A/Symbolication
0x0000000215be2000 	/System/Library/PrivateFrameworks/PhotosensitivityProcessing.framework/Versions/A/PhotosensitivityProcessing
0x0000000198abb000 	/System/Library/PrivateFrameworks/GraphVisualizer.framework/Versions/A/GraphVisualizer
0x00000001f303c000 	/System/Library/Frameworks/OpenGL.framework/Versions/A/Libraries/libGLU.dylib
0x00000001f2ffb000 	/System/Library/Frameworks/OpenGL.framework/Versions/A/Libraries/libGFXShared.dylib
0x00000001f31d4000 	/System/Library/Frameworks/OpenGL.framework/Versions/A/Libraries/libGL.dylib
0x00000001f3004000 	/System/Library/Frameworks/OpenGL.framework/Versions/A/Libraries/libGLImage.dylib
0x00000001f2ff8000 	/System/Library/Frameworks/OpenGL.framework/Versions/A/Libraries/libCVMSPluginSupport.dylib
0x000000022a640000 	/usr/lib/libRosetta.dylib
0x00000001f2fe1000 	/System/Library/Frameworks/OpenGL.framework/Versions/A/Libraries/libCoreVMClient.dylib
0x000000020607d000 	/System/Library/PrivateFrameworks/FontServices.framework/Versions/A/FontServices
0x0000000198ac7000 	/System/Library/PrivateFrameworks/OTSVG.framework/Versions/A/OTSVG
0x0000000192d61000 	/System/Library/Frameworks/ApplicationServices.framework/Versions/A/Frameworks/ATS.framework/Versions/A/Resources/libFontRegistry.dylib
0x0000000198b13000 	/System/Library/PrivateFrameworks/FontServices.framework/libhvf.dylib
0x000000020607e000 	/System/Library/PrivateFrameworks/FontServices.framework/libXTFontStaticRegistryData.dylib
0x0000000195813000 	/System/Library/Frameworks/MetalPerformanceShaders.framework/Versions/A/Frameworks/MPSCore.framework/Versions/A/MPSCore
0x0000000196b5d000 	/System/Library/Frameworks/MetalPerformanceShaders.framework/Versions/A/Frameworks/MPSImage.framework/Versions/A/MPSImage
0x0000000196662000 	/System/Library/Frameworks/MetalPerformanceShaders.framework/Versions/A/Frameworks/MPSNeuralNetwork.framework/Versions/A/MPSNeuralNetwork
0x0000000196a50000 	/System/Library/Frameworks/MetalPerformanceShaders.framework/Versions/A/Frameworks/MPSMatrix.framework/Versions/A/MPSMatrix
0x000000019685c000 	/System/Library/Frameworks/MetalPerformanceShaders.framework/Versions/A/Frameworks/MPSRayIntersector.framework/Versions/A/MPSRayIntersector
0x0000000196a7f000 	/System/Library/Frameworks/MetalPerformanceShaders.framework/Versions/A/Frameworks/MPSNDArray.framework/Versions/A/MPSNDArray
0x00000001f94a8000 	/System/Library/Frameworks/MetalPerformanceShaders.framework/Versions/A/Frameworks/MPSFunctions.framework/Versions/A/MPSFunctions
0x00000001f948a000 	/System/Library/Frameworks/MetalPerformanceShaders.framework/Versions/A/Frameworks/MPSBenchmarkLoop.framework/Versions/A/MPSBenchmarkLoop
0x000000018afd3000 	/System/Library/PrivateFrameworks/MetalTools.framework/Versions/A/MetalTools
0x00000001b3a9d000 	/System/Library/PrivateFrameworks/IOAccelMemoryInfo.framework/Versions/A/IOAccelMemoryInfo
0x00000001bf0bb000 	/System/Library/PrivateFrameworks/kperf.framework/Versions/A/kperf
0x00000001af6a2000 	/System/Library/PrivateFrameworks/GPURawCounter.framework/Versions/A/GPURawCounter
0x00000001a042c000 	/System/Library/PrivateFrameworks/CoreSymbolication.framework/Versions/A/CoreSymbolication
0x00000001af65f000 	/System/Library/PrivateFrameworks/MallocStackLogging.framework/Versions/A/MallocStackLogging
0x00000001986c9000 	/System/Library/PrivateFrameworks/CrashReporterSupport.framework/Versions/A/CrashReporterSupport
0x00000001a03e7000 	/System/Library/PrivateFrameworks/DebugSymbols.framework/Versions/A/DebugSymbols
0x00000001be3f9000 	/System/Library/PrivateFrameworks/OSAnalytics.framework/Versions/A/OSAnalytics
0x0000000221bb5000 	/System/Library/PrivateFrameworks/VideoToolboxParavirtualizationSupport.framework/Versions/A/VideoToolboxParavirtualizationSupport
0x00000001988ec000 	/System/Library/PrivateFrameworks/AppleVA.framework/Versions/A/AppleVA
0x000000019a926000 	/System/Library/Frameworks/ApplicationServices.framework/Versions/A/Frameworks/ATS.framework/Versions/A/ATS
0x0000000190c27000 	/System/Library/Frameworks/ApplicationServices.framework/Versions/A/Frameworks/HIServices.framework/Versions/A/HIServices
0x000000019955f000 	/System/Library/Frameworks/ApplicationServices.framework/Versions/A/Frameworks/PrintCore.framework/Versions/A/PrintCore
0x000000019ad0f000 	/System/Library/Frameworks/ApplicationServices.framework/Versions/A/Frameworks/QD.framework/Versions/A/QD
0x000000019ad03000 	/System/Library/Frameworks/ApplicationServices.framework/Versions/A/Frameworks/ColorSyncLegacy.framework/Versions/A/ColorSyncLegacy
0x000000019a8f6000 	/System/Library/Frameworks/ApplicationServices.framework/Versions/A/Frameworks/SpeechSynthesis.framework/Versions/A/SpeechSynthesis
0x000000019951b000 	/System/Library/Frameworks/ApplicationServices.framework/Versions/A/Frameworks/ATSUI.framework/Versions/A/ATSUI
0x000000019ac96000 	/usr/lib/libcups.2.dylib
0x000000019b07f000 	/System/Library/Frameworks/Kerberos.framework/Versions/A/Kerberos
0x000000019b090000 	/System/Library/Frameworks/GSS.framework/Versions/A/GSS
0x000000019a9a5000 	/usr/lib/libresolv.9.dylib
0x0000000198b24000 	/System/Library/PrivateFrameworks/Heimdal.framework/Versions/A/Heimdal
0x00000001a2457000 	/System/Library/Frameworks/Kerberos.framework/Versions/A/Libraries/libHeimdalProxy.dylib
0x000000019b0ea000 	/System/Library/PrivateFrameworks/CommonAuth.framework/Versions/A/CommonAuth
0x00000001f6bd1000 	/System/Library/Frameworks/AVFAudio.framework/Versions/A/AVFAudio
0x00000001aa1db000 	/System/Library/PrivateFrameworks/AXCoreUtilities.framework/Versions/A/AXCoreUtilities
0x000000019a862000 	/System/Library/PrivateFrameworks/AudioSession.framework/Versions/A/AudioSession
0x000000019c30d000 	/System/Library/Frameworks/IOBluetooth.framework/Versions/A/IOBluetooth
0x00000001989f7000 	/System/Library/PrivateFrameworks/MediaExperience.framework/Versions/A/MediaExperience
0x000000019a6a5000 	/System/Library/PrivateFrameworks/AudioSession.framework/libSessionUtility.dylib
0x000000019ad1b000 	/System/Library/PrivateFrameworks/AudioResourceArbitration.framework/Versions/A/AudioResourceArbitration
0x000000019f3b1000 	/System/Library/PrivateFrameworks/PowerLog.framework/Versions/A/PowerLog
0x000000019f2d4000 	/System/Library/Frameworks/CoreBluetooth.framework/Versions/A/CoreBluetooth
0x00000001a2458000 	/System/Library/Frameworks/AudioUnit.framework/Versions/A/AudioUnit
0x0000000196352000 	/System/Library/PrivateFrameworks/CoreUtils.framework/Versions/A/CoreUtils
0x00000002044ee000 	/System/Library/PrivateFrameworks/CoreUtilsExtras.framework/Versions/A/CoreUtilsExtras
0x000000020e7b4000 	/System/Library/PrivateFrameworks/IO80211.framework/Versions/A/IO80211
0x00000001aa1f6000 	/usr/lib/libAccessibility.dylib
0x000000019e9d3000 	/System/Library/Frameworks/MediaAccessibility.framework/Versions/A/MediaAccessibility
0x000000019ff5a000 	/System/Library/PrivateFrameworks/FrontBoardServices.framework/Versions/A/FrontBoardServices
0x00000001a1a35000 	/System/Library/PrivateFrameworks/BackBoardServices.framework/Versions/A/BackBoardServices
0x00000001a0014000 	/System/Library/PrivateFrameworks/BoardServices.framework/Versions/A/BoardServices
0x000000019895e000 	/System/Library/PrivateFrameworks/IconFoundation.framework/Versions/A/IconFoundation
0x000000019e26b000 	/System/Library/PrivateFrameworks/SpeechRecognitionCore.framework/Versions/A/SpeechRecognitionCore
0x00000001ce222000 	/System/Library/Frameworks/OSLog.framework/Versions/A/OSLog
0x00000001af5ef000 	/System/Library/PrivateFrameworks/LoggingSupport.framework/Versions/A/LoggingSupport
0x0000000101d98000 	/Applications/Apache NetBeans.app/Contents/Home/lib/server/libjvm.dylib
0x0000000100744000 	/Applications/Apache NetBeans.app/Contents/Home/lib/libjimage.dylib
0x0000000100788000 	/Applications/Apache NetBeans.app/Contents/Home/lib/libjava.dylib
0x0000000100a18000 	/Applications/Apache NetBeans.app/Contents/Home/lib/libnio.dylib
0x00000001009f8000 	/Applications/Apache NetBeans.app/Contents/Home/lib/libnet.dylib
0x0000000101444000 	/Applications/Apache NetBeans.app/Contents/Home/lib/libawt.dylib
0x0000000100aac000 	/Applications/Apache NetBeans.app/Contents/Home/lib/libmlib_image.dylib
0x00000001f8a20000 	/System/Library/Frameworks/JavaRuntimeSupport.framework/Versions/A/JavaRuntimeSupport
0x00000001ae386000 	/System/Library/Frameworks/Carbon.framework/Versions/A/Carbon
0x00000001a656e000 	/System/Library/Frameworks/Carbon.framework/Versions/A/Frameworks/CommonPanels.framework/Versions/A/CommonPanels
0x00000001a1d6d000 	/System/Library/Frameworks/Carbon.framework/Versions/A/Frameworks/Help.framework/Versions/A/Help
0x00000001a6572000 	/System/Library/Frameworks/Carbon.framework/Versions/A/Frameworks/ImageCapture.framework/Versions/A/ImageCapture
0x00000001a6546000 	/System/Library/Frameworks/Carbon.framework/Versions/A/Frameworks/OpenScripting.framework/Versions/A/OpenScripting
0x00000001a656a000 	/System/Library/Frameworks/Carbon.framework/Versions/A/Frameworks/Ink.framework/Versions/A/Ink
0x00000001a6566000 	/System/Library/Frameworks/Carbon.framework/Versions/A/Frameworks/SecurityHI.framework/Versions/A/SecurityHI
0x0000000101628000 	/Applications/Apache NetBeans.app/Contents/Home/lib/libawt_lwawt.dylib
0x0000000100a68000 	/Applications/Apache NetBeans.app/Contents/Home/lib/libosxapp.dylib
0x00000001ad3bd000 	/System/Library/Frameworks/ExceptionHandling.framework/Versions/A/ExceptionHandling
0x0000000101984000 	/Applications/Apache NetBeans.app/Contents/Home/lib/libfontmanager.dylib
0x0000000101758000 	/Applications/Apache NetBeans.app/Contents/Home/lib/libfreetype.dylib
0x000000019f5f6000 	/System/Library/Frameworks/FileProvider.framework/Versions/A/FileProvider
0x0000000191656000 	/System/Library/Frameworks/Accounts.framework/Versions/A/Accounts
0x000000019f7a2000 	/System/Library/PrivateFrameworks/GenerationalStorage.framework/Versions/A/GenerationalStorage
0x000000019f3a5000 	/System/Library/PrivateFrameworks/SymptomDiagnosticReporter.framework/Versions/A/SymptomDiagnosticReporter
0x000000018f55e000 	/System/Library/PrivateFrameworks/DesktopServicesPriv.framework/Versions/A/DesktopServicesPriv
0x000000018e010000 	/usr/lib/libsandbox.1.dylib
0x000000019acf6000 	/System/Library/PrivateFrameworks/NetAuth.framework/Versions/A/NetAuth
0x000000019bf6e000 	/System/Library/PrivateFrameworks/Sharing.framework/Versions/A/Sharing
0x000000019321e000 	/System/Library/PrivateFrameworks/login.framework/Versions/A/Frameworks/loginsupport.framework/Versions/A/loginsupport
0x00000001a186e000 	/System/Library/PrivateFrameworks/Apple80211.framework/Versions/A/Apple80211
0x0000000196cf3000 	/System/Library/PrivateFrameworks/AuthKit.framework/Versions/A/AuthKit
0x00000001962d5000 	/System/Library/Frameworks/CoreWLAN.framework/Versions/A/CoreWLAN
0x00000001af6a6000 	/usr/lib/swift/libswiftCoreAudio.dylib
0x00000001b4814000 	/usr/lib/swift/libswiftCoreLocation.dylib
0x00000001986c0000 	/usr/lib/libIOReport.dylib
0x00000001a1872000 	/System/Library/PrivateFrameworks/CoreWiFi.framework/Versions/A/CoreWiFi
0x00000001d4fe6000 	/System/Library/PrivateFrameworks/WiFiPeerToPeer.framework/Versions/A/WiFiPeerToPeer
0x0000000196e8e000 	/System/Library/Frameworks/UserNotifications.framework/Versions/A/UserNotifications
0x000000019b227000 	/System/Library/PrivateFrameworks/CorePhoneNumbers.framework/Versions/A/CorePhoneNumbers
0x000000019a9d2000 	/System/Library/PrivateFrameworks/MultiverseSupport.framework/Versions/A/MultiverseSupport
0x00000001a1cc3000 	/System/Library/PrivateFrameworks/RemoteServiceDiscovery.framework/Versions/A/RemoteServiceDiscovery
0x000000019f4d2000 	/System/Library/PrivateFrameworks/DiskManagement.framework/Versions/A/DiskManagement
0x000000019f3d9000 	/System/Library/PrivateFrameworks/AppleIDAuthSupport.framework/Versions/A/AppleIDAuthSupport
0x00000001fcfd0000 	/System/Library/PrivateFrameworks/AAAFoundation.framework/Versions/A/AAAFoundation
0x000000019b1fa000 	/System/Library/PrivateFrameworks/KeychainCircle.framework/Versions/A/KeychainCircle
0x00000001a1cd7000 	/System/Library/PrivateFrameworks/RemoteXPC.framework/Versions/A/RemoteXPC
0x00000001a1d79000 	/usr/lib/libcsfde.dylib
0x0000000198868000 	/usr/lib/libCoreStorage.dylib
0x000000019f49e000 	/System/Library/PrivateFrameworks/MediaKit.framework/Versions/A/MediaKit
0x000000019f3e6000 	/System/Library/Frameworks/DiscRecording.framework/Versions/A/DiscRecording
0x000000019c3ec000 	/System/Library/PrivateFrameworks/ProtectedCloudStorage.framework/Versions/A/ProtectedCloudStorage
0x00000001a1d71000 	/System/Library/PrivateFrameworks/EFILogin.framework/Versions/A/EFILogin
0x000000019f7ca000 	/System/Library/PrivateFrameworks/OctagonTrust.framework/Versions/A/OctagonTrust
0x00000001947ff000 	/System/Library/Frameworks/CoreLocation.framework/Versions/A/CoreLocation
0x000000019c6a7000 	/System/Library/PrivateFrameworks/GeoServices.framework/Versions/A/GeoServices
0x000000019a66f000 	/System/Library/PrivateFrameworks/LocationSupport.framework/Versions/A/LocationSupport
0x000000020b71a000 	/System/Library/PrivateFrameworks/GeoServicesCore.framework/Versions/A/GeoServicesCore
0x00000001aa1d0000 	/System/Library/PrivateFrameworks/PhoneNumbers.framework/Versions/A/PhoneNumbers
0x0000000198860000 	/usr/lib/libMatch.1.dylib
0x00000001b7fef000 	/System/Library/CoreServices/RawCamera.bundle/Contents/MacOS/RawCamera
0x000000019b0fd000 	/System/Library/PrivateFrameworks/MobileAsset.framework/Versions/A/MobileAsset
0x00000001fed1e000 	/System/Library/PrivateFrameworks/AppleJPEGXL.framework/Versions/A/AppleJPEGXL
0x00000001b5170000 	/System/Library/PrivateFrameworks/SoftwareUpdateCoreSupport.framework/Versions/A/SoftwareUpdateCoreSupport
0x00000001bc4e7000 	/System/Library/PrivateFrameworks/SoftwareUpdateCoreConnect.framework/Versions/A/SoftwareUpdateCoreConnect
0x00000001a247e000 	/System/Library/PrivateFrameworks/StreamingZip.framework/Versions/A/StreamingZip
0x00000001b4e25000 	/System/Library/PrivateFrameworks/MSUDataAccessor.framework/Versions/A/MSUDataAccessor
0x00000001b10ea000 	/usr/lib/libbootpolicy.dylib
0x00000001c2f2a000 	/usr/lib/libpartition2_dynamic.dylib
0x0000000200306000 	/System/Library/PrivateFrameworks/CMPhoto.framework/Versions/A/CMPhoto
0x0000000199771000 	/System/Library/Frameworks/MediaToolbox.framework/Versions/A/MediaToolbox
0x000000019f5c2000 	/System/Library/PrivateFrameworks/CoreAVCHD.framework/Versions/A/CoreAVCHD
0x000000019f5be000 	/System/Library/PrivateFrameworks/Mangrove.framework/Versions/A/Mangrove
0x000000019fbcb000 	/System/Library/Frameworks/CoreTelephony.framework/Versions/A/CoreTelephony
0x000000019f5b2000 	/System/Library/PrivateFrameworks/CoreAUC.framework/Versions/A/CoreAUC
0x000000019b231000 	/usr/lib/libTelephonyUtilDynamic.dylib
0x00000001b47fa000 	/System/Library/Frameworks/Accelerate.framework/Versions/A/Frameworks/vImage.framework/Versions/A/Libraries/libCGInterfaces.dylib
0x0000000101948000 	/usr/lib/libobjc-trampolines.dylib
0x000000022a367000 	/usr/lib/libAccessibilityBaseImplementations.dylib
0x0000000198bf4000 	/System/Library/PrivateFrameworks/login.framework/Versions/A/login
0x00000001a012d000 	/System/Library/Frameworks/LocalAuthentication.framework/Versions/A/LocalAuthentication
0x00000002105ea000 	/System/Library/PrivateFrameworks/LocalAuthenticationCore.framework/Versions/A/LocalAuthenticationCore
0x00000001a017a000 	/System/Library/Frameworks/LocalAuthentication.framework/Support/SharedUtils.framework/Versions/A/SharedUtils
0x00000001a00c8000 	/System/Library/Frameworks/CryptoTokenKit.framework/Versions/A/CryptoTokenKit
0x0000000192f01000 	/System/Library/PrivateFrameworks/ViewBridge.framework/Versions/A/ViewBridge
0x000000011f7dc000 	/Applications/Apache NetBeans.app/Contents/Home/lib/libosxui.dylib
0x00000001f344b000 	/System/Library/Extensions/AGXMetal13_3.bundle/Contents/MacOS/AGXMetal13_3
0x00000001a9127000 	/System/Library/PrivateFrameworks/IOGPU.framework/Versions/A/IOGPU
0x0000000154af0000 	/Applications/Apache NetBeans.app/Contents/Home/lib/libjavajpeg.dylib
0x000000021e38e000 	/System/Library/PrivateFrameworks/TextInputUI.framework/Versions/A/TextInputUI
0x000000021e396000 	/System/Library/PrivateFrameworks/TextInputUIMacHelper.framework/Versions/A/TextInputUIMacHelper
0x000000019ea0c000 	/System/Library/PrivateFrameworks/SystemAdministration.framework/Versions/A/SystemAdministration
0x000000019e233000 	/System/Library/Frameworks/DirectoryService.framework/Versions/A/DirectoryService
0x00000001a1bc3000 	/System/Library/PrivateFrameworks/DiskImages.framework/Versions/A/DiskImages
0x00000001965aa000 	/System/Library/Frameworks/ServiceManagement.framework/Versions/A/ServiceManagement
0x00000001a1e02000 	/System/Library/PrivateFrameworks/LoginUIKit.framework/Versions/A/Frameworks/LoginUICore.framework/Versions/A/LoginUICore
0x0000000198dc1000 	/usr/lib/libodfde.dylib
0x00000001a1d85000 	/usr/lib/libcurl.4.dylib
0x000000022a9e5000 	/usr/lib/libcrypto.46.dylib
0x000000022b693000 	/usr/lib/libssl.48.dylib
0x00000001a1a59000 	/System/Library/Frameworks/LDAP.framework/Versions/A/LDAP
0x00000001a1a95000 	/System/Library/PrivateFrameworks/TrustEvaluationAgent.framework/Versions/A/TrustEvaluationAgent
0x000000019a9be000 	/usr/lib/libsasl2.2.dylib


VM Arguments:
jvm_args: -Dfile.encoding=UTF-8 
java_command: automatastarter.FrameForGame
java_class_path (initial): /Users/sophia/NetBeansProjects/simulation-gui-s0phia-12/build/classes
Launcher Type: SUN_STANDARD

[Global flags]
     intx CICompilerCount                          = 4                                         {product} {ergonomic}
     uint ConcGCThreads                            = 2                                         {product} {ergonomic}
     uint G1ConcRefinementThreads                  = 8                                         {product} {ergonomic}
   size_t G1HeapRegionSize                         = 1048576                                   {product} {ergonomic}
    uintx GCDrainStackTargetSize                   = 64                                        {product} {ergonomic}
   size_t InitialHeapSize                          = 134217728                                 {product} {ergonomic}
   size_t MarkStackSize                            = 4194304                                   {product} {ergonomic}
   size_t MaxHeapSize                              = 2147483648                                {product} {ergonomic}
   size_t MaxNewSize                               = 1287651328                                {product} {ergonomic}
   size_t MinHeapDeltaBytes                        = 1048576                                   {product} {ergonomic}
   size_t MinHeapSize                              = 8388608                                   {product} {ergonomic}
    uintx NonNMethodCodeHeapSize                   = 5839564                                {pd product} {ergonomic}
    uintx NonProfiledCodeHeapSize                  = 122909338                              {pd product} {ergonomic}
    uintx ProfiledCodeHeapSize                     = 122909338                              {pd product} {ergonomic}
    uintx ReservedCodeCacheSize                    = 251658240                              {pd product} {ergonomic}
     bool SegmentedCodeCache                       = true                                      {product} {ergonomic}
   size_t SoftMaxHeapSize                          = 2147483648                             {manageable} {ergonomic}
     bool UseCompressedOops                        = true                           {product lp64_product} {ergonomic}
     bool UseG1GC                                  = true                                      {product} {ergonomic}
     bool UseNUMA                                  = false                                     {product} {ergonomic}
     bool UseNUMAInterleaving                      = false                                     {product} {ergonomic}

Logging:
Log output configuration:
 #0: stdout all=warning uptime,level,tags foldmultilines=false
 #1: stderr all=off uptime,level,tags foldmultilines=false

Environment Variables:
PATH=/usr/bin:/bin:/usr/sbin:/sbin
SHELL=/bin/zsh
LC_CTYPE=UTF-8
TMPDIR=/var/folders/29/n0rj90xj4mgfb9q3qrdttcmw0000gn/T/

Active Locale:
LC_ALL=C/UTF-8/C/C/C/C
LC_COLLATE=C
LC_CTYPE=UTF-8
LC_MESSAGES=C
LC_MONETARY=C
LC_NUMERIC=C
LC_TIME=C

Signal Handlers:
   SIGSEGV: crash_handler in libjvm.dylib, mask=11100110000111110111111111111111, flags=SA_ONSTACK|SA_RESTART|SA_SIGINFO, unblocked
    SIGBUS: crash_handler in libjvm.dylib, mask=11100110000111110111111111111111, flags=SA_RESTART|SA_SIGINFO, unblocked
    SIGFPE: crash_handler in libjvm.dylib, mask=11100110000111110111111111111111, flags=SA_RESTART|SA_SIGINFO, unblocked
   SIGPIPE: javaSignalHandler in libjvm.dylib, mask=11100110000111110111111111111111, flags=SA_RESTART|SA_SIGINFO, blocked
   SIGXFSZ: javaSignalHandler in libjvm.dylib, mask=11100110000111110111111111111111, flags=SA_RESTART|SA_SIGINFO, blocked
    SIGILL: crash_handler in libjvm.dylib, mask=11100110000111110111111111111111, flags=SA_RESTART|SA_SIGINFO, unblocked
   SIGUSR2: SR_handler in libjvm.dylib, mask=00000000000000000000000000000000, flags=SA_RESTART|SA_SIGINFO, blocked
    SIGHUP: UserHandler in libjvm.dylib, mask=11100110000111110111111111111111, flags=SA_RESTART|SA_SIGINFO, blocked
    SIGINT: SIG_IGN, mask=00000000000000000000000000000000, flags=none, blocked
   SIGTERM: UserHandler in libjvm.dylib, mask=11100110000111110111111111111111, flags=SA_RESTART|SA_SIGINFO, blocked
   SIGQUIT: UserHandler in libjvm.dylib, mask=11100110000111110111111111111111, flags=SA_RESTART|SA_SIGINFO, blocked
   SIGTRAP: crash_handler in libjvm.dylib, mask=11100110000111110111111111111111, flags=SA_RESTART|SA_SIGINFO, unblocked


Periodic native trim disabled

---------------  S Y S T E M  ---------------

OS:
uname: Darwin 23.3.0 Darwin Kernel Version 23.3.0: Wed Dec 20 21:30:27 PST 2023; root:xnu-10002.81.5~7/RELEASE_ARM64_T8103 arm64
OS uptime: 12 days 4:04 hours
rlimit (soft/hard): STACK 8176k/65520k , CORE 0k/infinity , NPROC 1333/2000 , NOFILE 10240/infinity , AS infinity/infinity , CPU infinity/infinity , DATA infinity/infinity , FSIZE infinity/infinity , MEMLOCK infinity/infinity , RSS infinity/infinity
load average: 5.74 7.88 8.06

CPU: total 8 (initial active 8) 0x61:0x0:0x1b588bb3:0, fp, asimd, aes, pmull, sha1, sha256, crc32, lse, sha3, sha512
machdep.cpu.brand_string:Apple M1
hw.cachelinesize:128
hw.l1icachesize:131072
hw.l1dcachesize:65536
hw.l2cachesize:4194304

Memory: 16k page, physical 8388608k(81392k free), swap 6291456k(1168256k free)

vm_info: OpenJDK 64-Bit Server VM (21.0.2+13-LTS) for bsd-aarch64 JRE (21.0.2+13-LTS) (Zulu21.32+17-CA), built on 2024-01-09T19:20:06Z by "tester" with clang Apple LLVM 14.0.3 (clang-1403.0.22.14.1)

END.
